{"/Users/drgn003/Downloads/TikTokToe/src/config/AIConfig.ts": {"path":"/Users/drgn003/Downloads/TikTokToe/src/config/AIConfig.ts","statementMap":{"0":{"start":{"line":1,"column":0},"end":{"line":1,"column":24}},"1":{"start":{"line":4,"column":13},"end":{"line":14,"column":3}},"2":{"start":{"line":16,"column":13},"end":{"line":24,"column":3}},"3":{"start":{"line":26,"column":13},"end":{"line":34,"column":3}},"4":{"start":{"line":37,"column":13},"end":{"line":51,"column":3}},"5":{"start":{"line":54,"column":13},"end":{"line":64,"column":3}},"6":{"start":{"line":67,"column":13},"end":{"line":82,"column":3}},"7":{"start":{"line":85,"column":13},"end":{"line":113,"column":3}},"8":{"start":{"line":116,"column":13},"end":{"line":127,"column":3}},"9":{"start":{"line":130,"column":13},"end":{"line":154,"column":3}},"10":{"start":{"line":157,"column":13},"end":{"line":173,"column":3}},"11":{"start":{"line":176,"column":13},"end":{"line":205,"column":3}},"12":{"start":{"line":208,"column":13},"end":{"line":222,"column":3}},"13":{"start":{"line":232,"column":4},"end":{"line":232,"column":43}},"14":{"start":{"line":236,"column":4},"end":{"line":238,"column":5}},"15":{"start":{"line":237,"column":6},"end":{"line":237,"column":69}},"16":{"start":{"line":239,"column":4},"end":{"line":239,"column":43}},"17":{"start":{"line":243,"column":4},"end":{"line":254,"column":5}},"18":{"start":{"line":245,"column":21},"end":{"line":247,"column":8}},"19":{"start":{"line":250,"column":6},"end":{"line":250,"column":36}},"20":{"start":{"line":252,"column":6},"end":{"line":252,"column":62}},"21":{"start":{"line":253,"column":6},"end":{"line":253,"column":18}},"22":{"start":{"line":258,"column":4},"end":{"line":258,"column":23}},"23":{"start":{"line":262,"column":4},"end":{"line":274,"column":5}},"24":{"start":{"line":264,"column":27},"end":{"line":267,"column":8}},"25":{"start":{"line":270,"column":6},"end":{"line":270,"column":49}},"26":{"start":{"line":272,"column":6},"end":{"line":272,"column":63}},"27":{"start":{"line":273,"column":6},"end":{"line":273,"column":18}},"28":{"start":{"line":278,"column":4},"end":{"line":283,"column":5}},"29":{"start":{"line":279,"column":6},"end":{"line":279,"column":29}},"30":{"start":{"line":280,"column":6},"end":{"line":280,"column":18}},"31":{"start":{"line":282,"column":6},"end":{"line":282,"column":19}},"32":{"start":{"line":227,"column":0},"end":{"line":227,"column":13}}},"fnMap":{"0":{"name":"(anonymous_0)","decl":{"start":{"line":231,"column":2},"end":{"line":231,"column":null}},"loc":{"start":{"line":231,"column":2},"end":{"line":233,"column":3}}},"1":{"name":"(anonymous_1)","decl":{"start":{"line":235,"column":9},"end":{"line":235,"column":15}},"loc":{"start":{"line":235,"column":27},"end":{"line":240,"column":3}}},"2":{"name":"(anonymous_2)","decl":{"start":{"line":242,"column":10},"end":{"line":242,"column":27}},"loc":{"start":{"line":242,"column":27},"end":{"line":255,"column":3}}},"3":{"name":"(anonymous_3)","decl":{"start":{"line":257,"column":9},"end":{"line":257,"column":18}},"loc":{"start":{"line":257,"column":18},"end":{"line":259,"column":3}}},"4":{"name":"(anonymous_4)","decl":{"start":{"line":261,"column":9},"end":{"line":261,"column":21}},"loc":{"start":{"line":261,"column":57},"end":{"line":275,"column":3}}},"5":{"name":"(anonymous_5)","decl":{"start":{"line":277,"column":9},"end":{"line":277,"column":23}},"loc":{"start":{"line":277,"column":56},"end":{"line":284,"column":3}}}},"branchMap":{"0":{"loc":{"start":{"line":236,"column":4},"end":{"line":238,"column":5}},"type":"if","locations":[{"start":{"line":236,"column":4},"end":{"line":238,"column":5}}]}},"s":{"0":0,"1":0,"2":0,"3":0,"4":0,"5":0,"6":0,"7":0,"8":0,"9":0,"10":0,"11":0,"12":0,"13":0,"14":0,"15":0,"16":0,"17":0,"18":0,"19":0,"20":0,"21":0,"22":0,"23":0,"24":0,"25":0,"26":0,"27":0,"28":0,"29":0,"30":0,"31":0,"32":0},"f":{"0":0,"1":0,"2":0,"3":0,"4":0,"5":0},"b":{"0":[0]}}
,"/Users/drgn003/Downloads/TikTokToe/src/config/environment.ts": {"path":"/Users/drgn003/Downloads/TikTokToe/src/config/environment.ts","statementMap":{"0":{"start":{"line":1,"column":0},"end":{"line":1,"column":39}},"1":{"start":{"line":81,"column":23},"end":{"line":259,"column":1}},"2":{"start":{"line":82,"column":14},"end":{"line":82,"column":61}},"3":{"start":{"line":85,"column":17},"end":{"line":124,"column":4}},"4":{"start":{"line":126,"column":52},"end":{"line":256,"column":4}},"5":{"start":{"line":258,"column":2},"end":{"line":258,"column":27}},"6":{"start":{"line":261,"column":13},"end":{"line":261,"column":44}},"7":{"start":{"line":264,"column":29},"end":{"line":264,"column":83}},"8":{"start":{"line":264,"column":35},"end":{"line":264,"column":83}},"9":{"start":{"line":264,"column":13},"end":{"line":264,"column":29}},"10":{"start":{"line":265,"column":28},"end":{"line":265,"column":81}},"11":{"start":{"line":265,"column":34},"end":{"line":265,"column":81}},"12":{"start":{"line":265,"column":13},"end":{"line":265,"column":28}},"13":{"start":{"line":266,"column":22},"end":{"line":266,"column":69}},"14":{"start":{"line":266,"column":28},"end":{"line":266,"column":69}},"15":{"start":{"line":266,"column":13},"end":{"line":266,"column":22}},"16":{"start":{"line":269,"column":32},"end":{"line":270,"column":35}},"17":{"start":{"line":270,"column":2},"end":{"line":270,"column":35}},"18":{"start":{"line":269,"column":13},"end":{"line":269,"column":32}},"19":{"start":{"line":273,"column":28},"end":{"line":274,"column":30}},"20":{"start":{"line":274,"column":2},"end":{"line":274,"column":30}},"21":{"start":{"line":273,"column":13},"end":{"line":273,"column":28}},"22":{"start":{"line":277,"column":43},"end":{"line":279,"column":43}},"23":{"start":{"line":279,"column":5},"end":{"line":279,"column":43}},"24":{"start":{"line":277,"column":13},"end":{"line":277,"column":43}},"25":{"start":{"line":282,"column":34},"end":{"line":284,"column":42}},"26":{"start":{"line":284,"column":5},"end":{"line":284,"column":42}},"27":{"start":{"line":282,"column":13},"end":{"line":282,"column":34}},"28":{"start":{"line":287,"column":35},"end":{"line":289,"column":35}},"29":{"start":{"line":289,"column":5},"end":{"line":289,"column":35}},"30":{"start":{"line":287,"column":13},"end":{"line":287,"column":35}},"31":{"start":{"line":291,"column":0},"end":{"line":291,"column":27}}},"fnMap":{"0":{"name":"(anonymous_1)","decl":{"start":{"line":81,"column":23},"end":{"line":81,"column":39}},"loc":{"start":{"line":81,"column":41},"end":{"line":259,"column":1}}},"1":{"name":"(anonymous_2)","decl":{"start":{"line":264,"column":29},"end":{"line":264,"column":32}},"loc":{"start":{"line":264,"column":35},"end":{"line":264,"column":83}}},"2":{"name":"(anonymous_3)","decl":{"start":{"line":265,"column":28},"end":{"line":265,"column":31}},"loc":{"start":{"line":265,"column":34},"end":{"line":265,"column":81}}},"3":{"name":"(anonymous_4)","decl":{"start":{"line":266,"column":22},"end":{"line":266,"column":25}},"loc":{"start":{"line":266,"column":28},"end":{"line":266,"column":69}}},"4":{"name":"(anonymous_5)","decl":{"start":{"line":269,"column":32},"end":{"line":269,"column":33}},"loc":{"start":{"line":270,"column":2},"end":{"line":270,"column":35}}},"5":{"name":"(anonymous_6)","decl":{"start":{"line":273,"column":28},"end":{"line":273,"column":29}},"loc":{"start":{"line":274,"column":2},"end":{"line":274,"column":30}}},"6":{"name":"(anonymous_7)","decl":{"start":{"line":277,"column":43},"end":{"line":277,"column":null}},"loc":{"start":{"line":279,"column":5},"end":{"line":279,"column":43}}},"7":{"name":"(anonymous_8)","decl":{"start":{"line":282,"column":34},"end":{"line":282,"column":null}},"loc":{"start":{"line":284,"column":5},"end":{"line":284,"column":42}}},"8":{"name":"(anonymous_9)","decl":{"start":{"line":287,"column":35},"end":{"line":287,"column":null}},"loc":{"start":{"line":289,"column":5},"end":{"line":289,"column":35}}}},"branchMap":{"0":{"loc":{"start":{"line":82,"column":14},"end":{"line":82,"column":61}},"type":"binary-expr","locations":[{"start":{"line":82,"column":14},"end":{"line":82,"column":44}},{"start":{"line":82,"column":48},"end":{"line":82,"column":61}}]},"1":{"loc":{"start":{"line":87,"column":27},"end":{"line":87,"column":77}},"type":"binary-expr","locations":[{"start":{"line":87,"column":27},"end":{"line":87,"column":69}},{"start":{"line":87,"column":73},"end":{"line":87,"column":77}}]},"2":{"loc":{"start":{"line":88,"column":22},"end":{"line":88,"column":61}},"type":"binary-expr","locations":[{"start":{"line":88,"column":22},"end":{"line":88,"column":50}},{"start":{"line":88,"column":54},"end":{"line":88,"column":61}}]},"3":{"loc":{"start":{"line":89,"column":28},"end":{"line":89,"column":76}},"type":"binary-expr","locations":[{"start":{"line":89,"column":28},"end":{"line":89,"column":62}},{"start":{"line":89,"column":66},"end":{"line":89,"column":76}}]},"4":{"loc":{"start":{"line":90,"column":24},"end":{"line":90,"column":69}},"type":"binary-expr","locations":[{"start":{"line":90,"column":24},"end":{"line":90,"column":54}},{"start":{"line":90,"column":58},"end":{"line":90,"column":69}}]},"5":{"loc":{"start":{"line":91,"column":27},"end":{"line":91,"column":74}},"type":"binary-expr","locations":[{"start":{"line":91,"column":27},"end":{"line":91,"column":69}},{"start":{"line":91,"column":73},"end":{"line":91,"column":74}}]},"6":{"loc":{"start":{"line":94,"column":27},"end":{"line":94,"column":76}},"type":"binary-expr","locations":[{"start":{"line":94,"column":27},"end":{"line":94,"column":69}},{"start":{"line":94,"column":73},"end":{"line":94,"column":76}}]},"7":{"loc":{"start":{"line":95,"column":25},"end":{"line":95,"column":72}},"type":"binary-expr","locations":[{"start":{"line":95,"column":25},"end":{"line":95,"column":65}},{"start":{"line":95,"column":69},"end":{"line":95,"column":72}}]},"8":{"loc":{"start":{"line":96,"column":29},"end":{"line":96,"column":80}},"type":"binary-expr","locations":[{"start":{"line":96,"column":29},"end":{"line":96,"column":72}},{"start":{"line":96,"column":76},"end":{"line":96,"column":80}}]},"9":{"loc":{"start":{"line":97,"column":23},"end":{"line":97,"column":66}},"type":"binary-expr","locations":[{"start":{"line":97,"column":23},"end":{"line":97,"column":60}},{"start":{"line":97,"column":64},"end":{"line":97,"column":66}}]},"10":{"loc":{"start":{"line":100,"column":16},"end":{"line":100,"column":62}},"type":"binary-expr","locations":[{"start":{"line":100,"column":16},"end":{"line":100,"column":55}},{"start":{"line":100,"column":59},"end":{"line":100,"column":62}}]},"11":{"loc":{"start":{"line":101,"column":16},"end":{"line":101,"column":67}},"type":"binary-expr","locations":[{"start":{"line":101,"column":16},"end":{"line":101,"column":56}},{"start":{"line":101,"column":60},"end":{"line":101,"column":67}}]},"12":{"loc":{"start":{"line":102,"column":18},"end":{"line":102,"column":64}},"type":"binary-expr","locations":[{"start":{"line":102,"column":18},"end":{"line":102,"column":59}},{"start":{"line":102,"column":63},"end":{"line":102,"column":64}}]},"13":{"loc":{"start":{"line":106,"column":18},"end":{"line":106,"column":47}},"type":"binary-expr","locations":[{"start":{"line":106,"column":18},"end":{"line":106,"column":41}},{"start":{"line":106,"column":45},"end":{"line":106,"column":47}}]},"14":{"loc":{"start":{"line":107,"column":16},"end":{"line":107,"column":47}},"type":"binary-expr","locations":[{"start":{"line":107,"column":16},"end":{"line":107,"column":37}},{"start":{"line":107,"column":41},"end":{"line":107,"column":47}}]},"15":{"loc":{"start":{"line":116,"column":23},"end":{"line":116,"column":67}},"type":"binary-expr","locations":[{"start":{"line":116,"column":23},"end":{"line":116,"column":61}},{"start":{"line":116,"column":65},"end":{"line":116,"column":67}}]},"16":{"loc":{"start":{"line":117,"column":25},"end":{"line":117,"column":61}},"type":"binary-expr","locations":[{"start":{"line":117,"column":25},"end":{"line":117,"column":55}},{"start":{"line":117,"column":59},"end":{"line":117,"column":61}}]},"17":{"loc":{"start":{"line":118,"column":16},"end":{"line":118,"column":58}},"type":"binary-expr","locations":[{"start":{"line":118,"column":16},"end":{"line":118,"column":44}},{"start":{"line":118,"column":48},"end":{"line":118,"column":58}}]},"18":{"loc":{"start":{"line":121,"column":11},"end":{"line":121,"column":48}},"type":"binary-expr","locations":[{"start":{"line":121,"column":11},"end":{"line":121,"column":40}},{"start":{"line":121,"column":44},"end":{"line":121,"column":48}}]},"19":{"loc":{"start":{"line":122,"column":14},"end":{"line":122,"column":55}},"type":"binary-expr","locations":[{"start":{"line":122,"column":14},"end":{"line":122,"column":38}},{"start":{"line":122,"column":42},"end":{"line":122,"column":55}}]},"20":{"loc":{"start":{"line":130,"column":16},"end":{"line":130,"column":50}},"type":"binary-expr","locations":[{"start":{"line":130,"column":16},"end":{"line":130,"column":44}},{"start":{"line":130,"column":48},"end":{"line":130,"column":50}}]},"21":{"loc":{"start":{"line":131,"column":20},"end":{"line":131,"column":58}},"type":"binary-expr","locations":[{"start":{"line":131,"column":20},"end":{"line":131,"column":52}},{"start":{"line":131,"column":56},"end":{"line":131,"column":58}}]},"22":{"loc":{"start":{"line":132,"column":19},"end":{"line":132,"column":56}},"type":"binary-expr","locations":[{"start":{"line":132,"column":19},"end":{"line":132,"column":50}},{"start":{"line":132,"column":54},"end":{"line":132,"column":56}}]},"23":{"loc":{"start":{"line":133,"column":23},"end":{"line":133,"column":64}},"type":"binary-expr","locations":[{"start":{"line":133,"column":23},"end":{"line":133,"column":58}},{"start":{"line":133,"column":62},"end":{"line":133,"column":64}}]},"24":{"loc":{"start":{"line":134,"column":27},"end":{"line":134,"column":73}},"type":"binary-expr","locations":[{"start":{"line":134,"column":27},"end":{"line":134,"column":67}},{"start":{"line":134,"column":71},"end":{"line":134,"column":73}}]},"25":{"loc":{"start":{"line":135,"column":15},"end":{"line":135,"column":48}},"type":"binary-expr","locations":[{"start":{"line":135,"column":15},"end":{"line":135,"column":42}},{"start":{"line":135,"column":46},"end":{"line":135,"column":48}}]},"26":{"loc":{"start":{"line":138,"column":16},"end":{"line":138,"column":48}},"type":"binary-expr","locations":[{"start":{"line":138,"column":16},"end":{"line":138,"column":42}},{"start":{"line":138,"column":46},"end":{"line":138,"column":48}}]},"27":{"loc":{"start":{"line":139,"column":15},"end":{"line":139,"column":46}},"type":"binary-expr","locations":[{"start":{"line":139,"column":15},"end":{"line":139,"column":40}},{"start":{"line":139,"column":44},"end":{"line":139,"column":46}}]},"28":{"loc":{"start":{"line":142,"column":19},"end":{"line":142,"column":57}},"type":"binary-expr","locations":[{"start":{"line":142,"column":19},"end":{"line":142,"column":41}},{"start":{"line":142,"column":45},"end":{"line":142,"column":57}}]},"29":{"loc":{"start":{"line":143,"column":19},"end":{"line":143,"column":50}},"type":"binary-expr","locations":[{"start":{"line":143,"column":19},"end":{"line":143,"column":41}},{"start":{"line":143,"column":45},"end":{"line":143,"column":50}}]},"30":{"loc":{"start":{"line":144,"column":23},"end":{"line":144,"column":62}},"type":"binary-expr","locations":[{"start":{"line":144,"column":23},"end":{"line":144,"column":49}},{"start":{"line":144,"column":53},"end":{"line":144,"column":62}}]},"31":{"loc":{"start":{"line":149,"column":16},"end":{"line":149,"column":52}},"type":"binary-expr","locations":[{"start":{"line":149,"column":16},"end":{"line":149,"column":37}},{"start":{"line":149,"column":41},"end":{"line":149,"column":52}}]},"32":{"loc":{"start":{"line":150,"column":16},"end":{"line":150,"column":52}},"type":"binary-expr","locations":[{"start":{"line":150,"column":16},"end":{"line":150,"column":45}},{"start":{"line":150,"column":49},"end":{"line":150,"column":52}}]},"33":{"loc":{"start":{"line":151,"column":16},"end":{"line":151,"column":43}},"type":"binary-expr","locations":[{"start":{"line":151,"column":16},"end":{"line":151,"column":37}},{"start":{"line":151,"column":41},"end":{"line":151,"column":43}}]},"34":{"loc":{"start":{"line":152,"column":16},"end":{"line":152,"column":43}},"type":"binary-expr","locations":[{"start":{"line":152,"column":16},"end":{"line":152,"column":37}},{"start":{"line":152,"column":41},"end":{"line":152,"column":43}}]},"35":{"loc":{"start":{"line":154,"column":19},"end":{"line":154,"column":64}},"type":"binary-expr","locations":[{"start":{"line":154,"column":19},"end":{"line":154,"column":41}},{"start":{"line":154,"column":45},"end":{"line":154,"column":64}}]},"36":{"loc":{"start":{"line":158,"column":18},"end":{"line":158,"column":67}},"type":"binary-expr","locations":[{"start":{"line":158,"column":18},"end":{"line":158,"column":39}},{"start":{"line":158,"column":43},"end":{"line":158,"column":67}}]},"37":{"loc":{"start":{"line":161,"column":25},"end":{"line":161,"column":60}},"type":"binary-expr","locations":[{"start":{"line":161,"column":25},"end":{"line":161,"column":54}},{"start":{"line":161,"column":58},"end":{"line":161,"column":60}}]},"38":{"loc":{"start":{"line":162,"column":27},"end":{"line":162,"column":64}},"type":"binary-expr","locations":[{"start":{"line":162,"column":27},"end":{"line":162,"column":58}},{"start":{"line":162,"column":62},"end":{"line":162,"column":64}}]},"39":{"loc":{"start":{"line":166,"column":17},"end":{"line":166,"column":53}},"type":"binary-expr","locations":[{"start":{"line":166,"column":17},"end":{"line":166,"column":45}},{"start":{"line":166,"column":49},"end":{"line":166,"column":53}}]},"40":{"loc":{"start":{"line":167,"column":20},"end":{"line":167,"column":71}},"type":"binary-expr","locations":[{"start":{"line":167,"column":20},"end":{"line":167,"column":44}},{"start":{"line":167,"column":48},"end":{"line":167,"column":71}}]},"41":{"loc":{"start":{"line":173,"column":16},"end":{"line":173,"column":50}},"type":"binary-expr","locations":[{"start":{"line":173,"column":16},"end":{"line":173,"column":44}},{"start":{"line":173,"column":48},"end":{"line":173,"column":50}}]},"42":{"loc":{"start":{"line":174,"column":20},"end":{"line":174,"column":58}},"type":"binary-expr","locations":[{"start":{"line":174,"column":20},"end":{"line":174,"column":52}},{"start":{"line":174,"column":56},"end":{"line":174,"column":58}}]},"43":{"loc":{"start":{"line":175,"column":19},"end":{"line":175,"column":56}},"type":"binary-expr","locations":[{"start":{"line":175,"column":19},"end":{"line":175,"column":50}},{"start":{"line":175,"column":54},"end":{"line":175,"column":56}}]},"44":{"loc":{"start":{"line":176,"column":23},"end":{"line":176,"column":64}},"type":"binary-expr","locations":[{"start":{"line":176,"column":23},"end":{"line":176,"column":58}},{"start":{"line":176,"column":62},"end":{"line":176,"column":64}}]},"45":{"loc":{"start":{"line":177,"column":27},"end":{"line":177,"column":73}},"type":"binary-expr","locations":[{"start":{"line":177,"column":27},"end":{"line":177,"column":67}},{"start":{"line":177,"column":71},"end":{"line":177,"column":73}}]},"46":{"loc":{"start":{"line":178,"column":15},"end":{"line":178,"column":48}},"type":"binary-expr","locations":[{"start":{"line":178,"column":15},"end":{"line":178,"column":42}},{"start":{"line":178,"column":46},"end":{"line":178,"column":48}}]},"47":{"loc":{"start":{"line":181,"column":16},"end":{"line":181,"column":48}},"type":"binary-expr","locations":[{"start":{"line":181,"column":16},"end":{"line":181,"column":42}},{"start":{"line":181,"column":46},"end":{"line":181,"column":48}}]},"48":{"loc":{"start":{"line":182,"column":15},"end":{"line":182,"column":46}},"type":"binary-expr","locations":[{"start":{"line":182,"column":15},"end":{"line":182,"column":40}},{"start":{"line":182,"column":44},"end":{"line":182,"column":46}}]},"49":{"loc":{"start":{"line":185,"column":19},"end":{"line":185,"column":47}},"type":"binary-expr","locations":[{"start":{"line":185,"column":19},"end":{"line":185,"column":41}},{"start":{"line":185,"column":45},"end":{"line":185,"column":47}}]},"50":{"loc":{"start":{"line":186,"column":19},"end":{"line":186,"column":50}},"type":"binary-expr","locations":[{"start":{"line":186,"column":19},"end":{"line":186,"column":41}},{"start":{"line":186,"column":45},"end":{"line":186,"column":50}}]},"51":{"loc":{"start":{"line":187,"column":23},"end":{"line":187,"column":55}},"type":"binary-expr","locations":[{"start":{"line":187,"column":23},"end":{"line":187,"column":49}},{"start":{"line":187,"column":53},"end":{"line":187,"column":55}}]},"52":{"loc":{"start":{"line":192,"column":16},"end":{"line":192,"column":43}},"type":"binary-expr","locations":[{"start":{"line":192,"column":16},"end":{"line":192,"column":37}},{"start":{"line":192,"column":41},"end":{"line":192,"column":43}}]},"53":{"loc":{"start":{"line":193,"column":16},"end":{"line":193,"column":52}},"type":"binary-expr","locations":[{"start":{"line":193,"column":16},"end":{"line":193,"column":45}},{"start":{"line":193,"column":49},"end":{"line":193,"column":52}}]},"54":{"loc":{"start":{"line":194,"column":16},"end":{"line":194,"column":43}},"type":"binary-expr","locations":[{"start":{"line":194,"column":16},"end":{"line":194,"column":37}},{"start":{"line":194,"column":41},"end":{"line":194,"column":43}}]},"55":{"loc":{"start":{"line":195,"column":16},"end":{"line":195,"column":43}},"type":"binary-expr","locations":[{"start":{"line":195,"column":16},"end":{"line":195,"column":37}},{"start":{"line":195,"column":41},"end":{"line":195,"column":43}}]},"56":{"loc":{"start":{"line":197,"column":19},"end":{"line":197,"column":47}},"type":"binary-expr","locations":[{"start":{"line":197,"column":19},"end":{"line":197,"column":41}},{"start":{"line":197,"column":45},"end":{"line":197,"column":47}}]},"57":{"loc":{"start":{"line":201,"column":18},"end":{"line":201,"column":45}},"type":"binary-expr","locations":[{"start":{"line":201,"column":18},"end":{"line":201,"column":39}},{"start":{"line":201,"column":43},"end":{"line":201,"column":45}}]},"58":{"loc":{"start":{"line":204,"column":25},"end":{"line":204,"column":60}},"type":"binary-expr","locations":[{"start":{"line":204,"column":25},"end":{"line":204,"column":54}},{"start":{"line":204,"column":58},"end":{"line":204,"column":60}}]},"59":{"loc":{"start":{"line":205,"column":27},"end":{"line":205,"column":64}},"type":"binary-expr","locations":[{"start":{"line":205,"column":27},"end":{"line":205,"column":58}},{"start":{"line":205,"column":62},"end":{"line":205,"column":64}}]},"60":{"loc":{"start":{"line":209,"column":17},"end":{"line":209,"column":53}},"type":"binary-expr","locations":[{"start":{"line":209,"column":17},"end":{"line":209,"column":45}},{"start":{"line":209,"column":49},"end":{"line":209,"column":53}}]},"61":{"loc":{"start":{"line":210,"column":20},"end":{"line":210,"column":50}},"type":"binary-expr","locations":[{"start":{"line":210,"column":20},"end":{"line":210,"column":44}},{"start":{"line":210,"column":48},"end":{"line":210,"column":50}}]}},"s":{"0":0,"1":0,"2":0,"3":0,"4":0,"5":0,"6":0,"7":0,"8":0,"9":0,"10":0,"11":0,"12":0,"13":0,"14":0,"15":0,"16":0,"17":0,"18":0,"19":0,"20":0,"21":0,"22":0,"23":0,"24":0,"25":0,"26":0,"27":0,"28":0,"29":0,"30":0,"31":0},"f":{"0":0,"1":0,"2":0,"3":0,"4":0,"5":0,"6":0,"7":0,"8":0},"b":{"0":[0,0],"1":[0,0],"2":[0,0],"3":[0,0],"4":[0,0],"5":[0,0],"6":[0,0],"7":[0,0],"8":[0,0],"9":[0,0],"10":[0,0],"11":[0,0],"12":[0,0],"13":[0,0],"14":[0,0],"15":[0,0],"16":[0,0],"17":[0,0],"18":[0,0],"19":[0,0],"20":[0,0],"21":[0,0],"22":[0,0],"23":[0,0],"24":[0,0],"25":[0,0],"26":[0,0],"27":[0,0],"28":[0,0],"29":[0,0],"30":[0,0],"31":[0,0],"32":[0,0],"33":[0,0],"34":[0,0],"35":[0,0],"36":[0,0],"37":[0,0],"38":[0,0],"39":[0,0],"40":[0,0],"41":[0,0],"42":[0,0],"43":[0,0],"44":[0,0],"45":[0,0],"46":[0,0],"47":[0,0],"48":[0,0],"49":[0,0],"50":[0,0],"51":[0,0],"52":[0,0],"53":[0,0],"54":[0,0],"55":[0,0],"56":[0,0],"57":[0,0],"58":[0,0],"59":[0,0],"60":[0,0],"61":[0,0]}}
,"/Users/drgn003/Downloads/TikTokToe/src/config/firebase.ts": {"path":"/Users/drgn003/Downloads/TikTokToe/src/config/firebase.ts","statementMap":{"0":{"start":{"line":1,"column":0},"end":{"line":1,"column":45}},"1":{"start":{"line":2,"column":0},"end":{"line":2,"column":50}},"2":{"start":{"line":3,"column":0},"end":{"line":3,"column":40}},"3":{"start":{"line":4,"column":0},"end":{"line":4,"column":46}},"4":{"start":{"line":5,"column":0},"end":{"line":5,"column":50}},"5":{"start":{"line":7,"column":23},"end":{"line":15,"column":2}},"6":{"start":{"line":18,"column":12},"end":{"line":18,"column":41}},"7":{"start":{"line":21,"column":13},"end":{"line":21,"column":36}},"8":{"start":{"line":24,"column":13},"end":{"line":24,"column":33}},"9":{"start":{"line":27,"column":13},"end":{"line":27,"column":39}},"10":{"start":{"line":30,"column":13},"end":{"line":30,"column":82}},"11":{"start":{"line":32,"column":0},"end":{"line":32,"column":19}}},"fnMap":{},"branchMap":{"0":{"loc":{"start":{"line":30,"column":25},"end":{"line":30,"column":81}},"type":"cond-expr","locations":[{"start":{"line":30,"column":57},"end":{"line":30,"column":74}},{"start":{"line":30,"column":77},"end":{"line":30,"column":81}}]}},"s":{"0":0,"1":0,"2":0,"3":0,"4":0,"5":0,"6":0,"7":0,"8":0,"9":0,"10":0,"11":0},"f":{},"b":{"0":[0,0]}}
,"/Users/drgn003/Downloads/TikTokToe/src/features/content/upload.ts": {"path":"/Users/drgn003/Downloads/TikTokToe/src/features/content/upload.ts","statementMap":{"0":{"start":{"line":1,"column":0},"end":{"line":1,"column":51}},"1":{"start":{"line":23,"column":4},"end":{"line":23,"column":56}},"2":{"start":{"line":30,"column":21},"end":{"line":30,"column":57}},"3":{"start":{"line":31,"column":4},"end":{"line":31,"column":44}},"4":{"start":{"line":33,"column":17},"end":{"line":40,"column":6}},"5":{"start":{"line":42,"column":21},"end":{"line":42,"column":48}},"6":{"start":{"line":43,"column":4},"end":{"line":43,"column":24}},"7":{"start":{"line":47,"column":4},"end":{"line":47,"column":37}},"8":{"start":{"line":51,"column":4},"end":{"line":51,"column":36}},"9":{"start":{"line":55,"column":4},"end":{"line":55,"column":38}},"10":{"start":{"line":19,"column":0},"end":{"line":19,"column":13}}},"fnMap":{"0":{"name":"(anonymous_0)","decl":{"start":{"line":22,"column":2},"end":{"line":22,"column":14}},"loc":{"start":{"line":22,"column":56},"end":{"line":24,"column":3}}},"1":{"name":"(anonymous_1)","decl":{"start":{"line":26,"column":2},"end":{"line":26,"column":7}},"loc":{"start":{"line":28,"column":29},"end":{"line":44,"column":3}}},"2":{"name":"(anonymous_2)","decl":{"start":{"line":46,"column":2},"end":{"line":46,"column":7}},"loc":{"start":{"line":46,"column":33},"end":{"line":48,"column":3}}},"3":{"name":"(anonymous_3)","decl":{"start":{"line":50,"column":2},"end":{"line":50,"column":7}},"loc":{"start":{"line":50,"column":44},"end":{"line":52,"column":3}}},"4":{"name":"(anonymous_4)","decl":{"start":{"line":54,"column":2},"end":{"line":54,"column":7}},"loc":{"start":{"line":54,"column":46},"end":{"line":56,"column":3}}}},"branchMap":{"0":{"loc":{"start":{"line":22,"column":14},"end":{"line":22,"column":56}},"type":"default-arg","locations":[{"start":{"line":22,"column":35},"end":{"line":22,"column":56}}]},"1":{"loc":{"start":{"line":36,"column":14},"end":{"line":38,"column":19}},"type":"cond-expr","locations":[{"start":{"line":36,"column":40},"end":{"line":38,"column":8}},{"start":{"line":38,"column":10},"end":{"line":38,"column":19}}]},"2":{"loc":{"start":{"line":39,"column":13},"end":{"line":39,"column":64}},"type":"cond-expr","locations":[{"start":{"line":39,"column":33},"end":{"line":39,"column":52}},{"start":{"line":39,"column":55},"end":{"line":39,"column":64}}]}},"s":{"0":0,"1":0,"2":0,"3":0,"4":0,"5":0,"6":0,"7":0,"8":0,"9":0,"10":0},"f":{"0":0,"1":0,"2":0,"3":0,"4":0},"b":{"0":[0],"1":[0,0],"2":[0,0]}}
,"/Users/drgn003/Downloads/TikTokToe/src/monitoring/BetaMetrics.ts": {"path":"/Users/drgn003/Downloads/TikTokToe/src/monitoring/BetaMetrics.ts","statementMap":{"0":{"start":{"line":1,"column":0},"end":{"line":1,"column":33}},"1":{"start":{"line":4,"column":17},"end":{"line":4,"column":38}},"2":{"start":{"line":7,"column":0},"end":{"line":7,"column":43}},"3":{"start":{"line":10,"column":13},"end":{"line":15,"column":3}},"4":{"start":{"line":17,"column":13},"end":{"line":21,"column":3}},"5":{"start":{"line":24,"column":13},"end":{"line":28,"column":3}},"6":{"start":{"line":30,"column":13},"end":{"line":35,"column":3}},"7":{"start":{"line":38,"column":13},"end":{"line":42,"column":3}},"8":{"start":{"line":44,"column":13},"end":{"line":48,"column":3}},"9":{"start":{"line":50,"column":13},"end":{"line":55,"column":3}},"10":{"start":{"line":58,"column":13},"end":{"line":63,"column":3}},"11":{"start":{"line":66,"column":13},"end":{"line":71,"column":3}},"12":{"start":{"line":74,"column":13},"end":{"line":79,"column":3}},"13":{"start":{"line":81,"column":13},"end":{"line":85,"column":3}},"14":{"start":{"line":88,"column":38},"end":{"line":94,"column":1}},"15":{"start":{"line":89,"column":2},"end":{"line":89,"column":26}},"16":{"start":{"line":90,"column":2},"end":{"line":92,"column":3}},"17":{"start":{"line":91,"column":4},"end":{"line":91,"column":27}},"18":{"start":{"line":93,"column":2},"end":{"line":93,"column":40}},"19":{"start":{"line":88,"column":13},"end":{"line":88,"column":38}},"20":{"start":{"line":96,"column":34},"end":{"line":98,"column":1}},"21":{"start":{"line":97,"column":2},"end":{"line":97,"column":32}},"22":{"start":{"line":96,"column":13},"end":{"line":96,"column":34}},"23":{"start":{"line":100,"column":27},"end":{"line":102,"column":1}},"24":{"start":{"line":101,"column":2},"end":{"line":101,"column":38}},"25":{"start":{"line":100,"column":13},"end":{"line":100,"column":27}},"26":{"start":{"line":104,"column":38},"end":{"line":108,"column":1}},"27":{"start":{"line":105,"column":2},"end":{"line":105,"column":53}},"28":{"start":{"line":106,"column":2},"end":{"line":106,"column":55}},"29":{"start":{"line":107,"column":2},"end":{"line":107,"column":57}},"30":{"start":{"line":104,"column":13},"end":{"line":104,"column":38}},"31":{"start":{"line":110,"column":30},"end":{"line":113,"column":1}},"32":{"start":{"line":111,"column":2},"end":{"line":111,"column":28}},"33":{"start":{"line":112,"column":2},"end":{"line":112,"column":31}},"34":{"start":{"line":110,"column":13},"end":{"line":110,"column":30}},"35":{"start":{"line":115,"column":28},"end":{"line":118,"column":1}},"36":{"start":{"line":116,"column":2},"end":{"line":116,"column":20}},"37":{"start":{"line":117,"column":2},"end":{"line":117,"column":20}},"38":{"start":{"line":115,"column":13},"end":{"line":115,"column":28}},"39":{"start":{"line":120,"column":26},"end":{"line":124,"column":1}},"40":{"start":{"line":121,"column":2},"end":{"line":121,"column":20}},"41":{"start":{"line":122,"column":22},"end":{"line":122,"column":53}},"42":{"start":{"line":123,"column":2},"end":{"line":123,"column":39}},"43":{"start":{"line":120,"column":13},"end":{"line":120,"column":26}},"44":{"start":{"line":127,"column":26},"end":{"line":129,"column":1}},"45":{"start":{"line":128,"column":2},"end":{"line":128,"column":28}},"46":{"start":{"line":127,"column":13},"end":{"line":127,"column":26}},"47":{"start":{"line":131,"column":0},"end":{"line":131,"column":24}}},"fnMap":{"0":{"name":"(anonymous_1)","decl":{"start":{"line":88,"column":38},"end":{"line":88,"column":43}},"loc":{"start":{"line":88,"column":85},"end":{"line":94,"column":1}}},"1":{"name":"(anonymous_2)","decl":{"start":{"line":96,"column":34},"end":{"line":96,"column":35}},"loc":{"start":{"line":96,"column":54},"end":{"line":98,"column":1}}},"2":{"name":"(anonymous_3)","decl":{"start":{"line":100,"column":27},"end":{"line":100,"column":28}},"loc":{"start":{"line":100,"column":63},"end":{"line":102,"column":1}}},"3":{"name":"(anonymous_4)","decl":{"start":{"line":104,"column":38},"end":{"line":104,"column":39}},"loc":{"start":{"line":104,"column":92},"end":{"line":108,"column":1}}},"4":{"name":"(anonymous_5)","decl":{"start":{"line":110,"column":30},"end":{"line":110,"column":31}},"loc":{"start":{"line":110,"column":47},"end":{"line":113,"column":1}}},"5":{"name":"(anonymous_6)","decl":{"start":{"line":115,"column":28},"end":{"line":115,"column":31}},"loc":{"start":{"line":115,"column":33},"end":{"line":118,"column":1}}},"6":{"name":"(anonymous_7)","decl":{"start":{"line":120,"column":26},"end":{"line":120,"column":27}},"loc":{"start":{"line":120,"column":48},"end":{"line":124,"column":1}}},"7":{"name":"(anonymous_8)","decl":{"start":{"line":127,"column":26},"end":{"line":127,"column":31}},"loc":{"start":{"line":127,"column":37},"end":{"line":129,"column":1}}}},"branchMap":{"0":{"loc":{"start":{"line":90,"column":2},"end":{"line":92,"column":3}},"type":"if","locations":[{"start":{"line":90,"column":2},"end":{"line":92,"column":3}}]}},"s":{"0":0,"1":0,"2":0,"3":0,"4":0,"5":0,"6":0,"7":0,"8":0,"9":0,"10":0,"11":0,"12":0,"13":0,"14":0,"15":0,"16":0,"17":0,"18":0,"19":0,"20":0,"21":0,"22":0,"23":0,"24":0,"25":0,"26":0,"27":0,"28":0,"29":0,"30":0,"31":0,"32":0,"33":0,"34":0,"35":0,"36":0,"37":0,"38":0,"39":0,"40":0,"41":0,"42":0,"43":0,"44":0,"45":0,"46":0,"47":0},"f":{"0":0,"1":0,"2":0,"3":0,"4":0,"5":0,"6":0,"7":0},"b":{"0":[0]}}
,"/Users/drgn003/Downloads/TikTokToe/src/routes/metrics.ts": {"path":"/Users/drgn003/Downloads/TikTokToe/src/routes/metrics.ts","statementMap":{"0":{"start":{"line":1,"column":0},"end":{"line":1,"column":30}},"1":{"start":{"line":2,"column":0},"end":{"line":2,"column":55}},"2":{"start":{"line":4,"column":15},"end":{"line":4,"column":31}},"3":{"start":{"line":7,"column":0},"end":{"line":23,"column":3}},"4":{"start":{"line":8,"column":2},"end":{"line":22,"column":3}},"5":{"start":{"line":10,"column":17},"end":{"line":10,"column":42}},"6":{"start":{"line":11,"column":4},"end":{"line":14,"column":5}},"7":{"start":{"line":12,"column":6},"end":{"line":12,"column":59}},"8":{"start":{"line":13,"column":6},"end":{"line":13,"column":61}},"9":{"start":{"line":16,"column":20},"end":{"line":16,"column":38}},"10":{"start":{"line":17,"column":4},"end":{"line":17,"column":42}},"11":{"start":{"line":18,"column":4},"end":{"line":18,"column":22}},"12":{"start":{"line":20,"column":4},"end":{"line":20,"column":54}},"13":{"start":{"line":21,"column":4},"end":{"line":21,"column":53}},"14":{"start":{"line":28,"column":32},"end":{"line":28,"column":47}},"15":{"start":{"line":29,"column":2},"end":{"line":29,"column":39}},"16":{"start":{"line":29,"column":26},"end":{"line":29,"column":39}},"17":{"start":{"line":31,"column":18},"end":{"line":31,"column":63}},"18":{"start":{"line":32,"column":31},"end":{"line":32,"column":49}},"19":{"start":{"line":34,"column":2},"end":{"line":35,"column":51}},"20":{"start":{"line":38,"column":0},"end":{"line":38,"column":22}}},"fnMap":{"0":{"name":"(anonymous_1)","decl":{"start":{"line":7,"column":23},"end":{"line":7,"column":28}},"loc":{"start":{"line":7,"column":42},"end":{"line":23,"column":1}}},"1":{"name":"checkMetricsAuth","decl":{"start":{"line":26,"column":9},"end":{"line":26,"column":25}},"loc":{"start":{"line":26,"column":38},"end":{"line":36,"column":1}}}},"branchMap":{"0":{"loc":{"start":{"line":11,"column":4},"end":{"line":14,"column":5}},"type":"if","locations":[{"start":{"line":11,"column":4},"end":{"line":14,"column":5}}]},"1":{"loc":{"start":{"line":11,"column":8},"end":{"line":11,"column":40}},"type":"binary-expr","locations":[{"start":{"line":11,"column":8},"end":{"line":11,"column":13}},{"start":{"line":11,"column":17},"end":{"line":11,"column":40}}]},"2":{"loc":{"start":{"line":29,"column":2},"end":{"line":29,"column":39}},"type":"if","locations":[{"start":{"line":29,"column":2},"end":{"line":29,"column":39}}]},"3":{"loc":{"start":{"line":34,"column":9},"end":{"line":35,"column":50}},"type":"binary-expr","locations":[{"start":{"line":34,"column":9},"end":{"line":34,"column":50}},{"start":{"line":35,"column":9},"end":{"line":35,"column":50}}]}},"s":{"0":0,"1":0,"2":0,"3":0,"4":0,"5":0,"6":0,"7":0,"8":0,"9":0,"10":0,"11":0,"12":0,"13":0,"14":0,"15":0,"16":0,"17":0,"18":0,"19":0,"20":0},"f":{"0":0,"1":0},"b":{"0":[0],"1":[0,0],"2":[0],"3":[0,0]}}
,"/Users/drgn003/Downloads/TikTokToe/src/services/api.ts": {"path":"/Users/drgn003/Downloads/TikTokToe/src/services/api.ts","statementMap":{"0":{"start":{"line":1,"column":0},"end":{"line":1,"column":41}},"1":{"start":{"line":8,"column":4},"end":{"line":8,"column":56}},"2":{"start":{"line":12,"column":4},"end":{"line":14,"column":5}},"3":{"start":{"line":13,"column":6},"end":{"line":13,"column":55}},"4":{"start":{"line":15,"column":4},"end":{"line":15,"column":31}},"5":{"start":{"line":19,"column":4},"end":{"line":19,"column":53}},"6":{"start":{"line":23,"column":4},"end":{"line":25,"column":5}},"7":{"start":{"line":24,"column":6},"end":{"line":24,"column":79}},"8":{"start":{"line":26,"column":4},"end":{"line":26,"column":22}},"9":{"start":{"line":30,"column":4},"end":{"line":32,"column":5}},"10":{"start":{"line":31,"column":6},"end":{"line":31,"column":47}},"11":{"start":{"line":33,"column":4},"end":{"line":33,"column":55}},"12":{"start":{"line":37,"column":4},"end":{"line":37,"column":30}},"13":{"start":{"line":3,"column":0},"end":{"line":3,"column":13}}},"fnMap":{"0":{"name":"(anonymous_0)","decl":{"start":{"line":7,"column":2},"end":{"line":7,"column":22}},"loc":{"start":{"line":7,"column":64},"end":{"line":9,"column":3}}},"1":{"name":"(anonymous_1)","decl":{"start":{"line":11,"column":2},"end":{"line":11,"column":8}},"loc":{"start":{"line":11,"column":40},"end":{"line":16,"column":3}}},"2":{"name":"(anonymous_2)","decl":{"start":{"line":18,"column":2},"end":{"line":18,"column":7}},"loc":{"start":{"line":18,"column":55},"end":{"line":20,"column":3}}},"3":{"name":"(anonymous_3)","decl":{"start":{"line":22,"column":2},"end":{"line":22,"column":10}},"loc":{"start":{"line":22,"column":10},"end":{"line":27,"column":3}}},"4":{"name":"(anonymous_4)","decl":{"start":{"line":29,"column":2},"end":{"line":29,"column":7}},"loc":{"start":{"line":29,"column":22},"end":{"line":34,"column":3}}},"5":{"name":"(anonymous_5)","decl":{"start":{"line":36,"column":2},"end":{"line":36,"column":7}},"loc":{"start":{"line":36,"column":14},"end":{"line":38,"column":3}}}},"branchMap":{"0":{"loc":{"start":{"line":7,"column":22},"end":{"line":7,"column":64}},"type":"default-arg","locations":[{"start":{"line":7,"column":43},"end":{"line":7,"column":64}}]},"1":{"loc":{"start":{"line":12,"column":4},"end":{"line":14,"column":5}},"type":"if","locations":[{"start":{"line":12,"column":4},"end":{"line":14,"column":5}}]},"2":{"loc":{"start":{"line":23,"column":4},"end":{"line":25,"column":5}},"type":"if","locations":[{"start":{"line":23,"column":4},"end":{"line":25,"column":5}}]},"3":{"loc":{"start":{"line":30,"column":4},"end":{"line":32,"column":5}},"type":"if","locations":[{"start":{"line":30,"column":4},"end":{"line":32,"column":5}}]}},"s":{"0":0,"1":0,"2":0,"3":0,"4":0,"5":0,"6":0,"7":0,"8":0,"9":0,"10":0,"11":0,"12":0,"13":0},"f":{"0":0,"1":0,"2":0,"3":0,"4":0,"5":0},"b":{"0":[0],"1":[0],"2":[0],"3":[0]}}
}
