TN:
SF:src/config/AIConfig.ts
FN:231,(anonymous_0)
FN:235,(anonymous_1)
FN:242,(anonymous_2)
FN:257,(anonymous_3)
FN:261,(anonymous_4)
FN:277,(anonymous_5)
FNF:6
FNH:0
FNDA:0,(anonymous_0)
FNDA:0,(anonymous_1)
FNDA:0,(anonymous_2)
FNDA:0,(anonymous_3)
FNDA:0,(anonymous_4)
FNDA:0,(anonymous_5)
DA:1,0
DA:4,0
DA:16,0
DA:26,0
DA:37,0
DA:54,0
DA:67,0
DA:85,0
DA:116,0
DA:130,0
DA:157,0
DA:176,0
DA:208,0
DA:227,0
DA:232,0
DA:236,0
DA:237,0
DA:239,0
DA:243,0
DA:245,0
DA:250,0
DA:252,0
DA:253,0
DA:258,0
DA:262,0
DA:264,0
DA:270,0
DA:272,0
DA:273,0
DA:278,0
DA:279,0
DA:280,0
DA:282,0
LF:33
LH:0
BRDA:236,0,0,0
BRF:1
BRH:0
end_of_record
TN:
SF:src/config/environment.ts
FN:81,(anonymous_1)
FN:264,(anonymous_2)
FN:265,(anonymous_3)
FN:266,(anonymous_4)
FN:269,(anonymous_5)
FN:273,(anonymous_6)
FN:277,(anonymous_7)
FN:282,(anonymous_8)
FN:287,(anonymous_9)
FNF:9
FNH:0
FNDA:0,(anonymous_1)
FNDA:0,(anonymous_2)
FNDA:0,(anonymous_3)
FNDA:0,(anonymous_4)
FNDA:0,(anonymous_5)
FNDA:0,(anonymous_6)
FNDA:0,(anonymous_7)
FNDA:0,(anonymous_8)
FNDA:0,(anonymous_9)
DA:1,0
DA:81,0
DA:82,0
DA:85,0
DA:126,0
DA:258,0
DA:261,0
DA:264,0
DA:265,0
DA:266,0
DA:269,0
DA:270,0
DA:273,0
DA:274,0
DA:277,0
DA:279,0
DA:282,0
DA:284,0
DA:287,0
DA:289,0
DA:291,0
LF:21
LH:0
BRDA:82,0,0,0
BRDA:82,0,1,0
BRDA:87,1,0,0
BRDA:87,1,1,0
BRDA:88,2,0,0
BRDA:88,2,1,0
BRDA:89,3,0,0
BRDA:89,3,1,0
BRDA:90,4,0,0
BRDA:90,4,1,0
BRDA:91,5,0,0
BRDA:91,5,1,0
BRDA:94,6,0,0
BRDA:94,6,1,0
BRDA:95,7,0,0
BRDA:95,7,1,0
BRDA:96,8,0,0
BRDA:96,8,1,0
BRDA:97,9,0,0
BRDA:97,9,1,0
BRDA:100,10,0,0
BRDA:100,10,1,0
BRDA:101,11,0,0
BRDA:101,11,1,0
BRDA:102,12,0,0
BRDA:102,12,1,0
BRDA:106,13,0,0
BRDA:106,13,1,0
BRDA:107,14,0,0
BRDA:107,14,1,0
BRDA:116,15,0,0
BRDA:116,15,1,0
BRDA:117,16,0,0
BRDA:117,16,1,0
BRDA:118,17,0,0
BRDA:118,17,1,0
BRDA:121,18,0,0
BRDA:121,18,1,0
BRDA:122,19,0,0
BRDA:122,19,1,0
BRDA:130,20,0,0
BRDA:130,20,1,0
BRDA:131,21,0,0
BRDA:131,21,1,0
BRDA:132,22,0,0
BRDA:132,22,1,0
BRDA:133,23,0,0
BRDA:133,23,1,0
BRDA:134,24,0,0
BRDA:134,24,1,0
BRDA:135,25,0,0
BRDA:135,25,1,0
BRDA:138,26,0,0
BRDA:138,26,1,0
BRDA:139,27,0,0
BRDA:139,27,1,0
BRDA:142,28,0,0
BRDA:142,28,1,0
BRDA:143,29,0,0
BRDA:143,29,1,0
BRDA:144,30,0,0
BRDA:144,30,1,0
BRDA:149,31,0,0
BRDA:149,31,1,0
BRDA:150,32,0,0
BRDA:150,32,1,0
BRDA:151,33,0,0
BRDA:151,33,1,0
BRDA:152,34,0,0
BRDA:152,34,1,0
BRDA:154,35,0,0
BRDA:154,35,1,0
BRDA:158,36,0,0
BRDA:158,36,1,0
BRDA:161,37,0,0
BRDA:161,37,1,0
BRDA:162,38,0,0
BRDA:162,38,1,0
BRDA:166,39,0,0
BRDA:166,39,1,0
BRDA:167,40,0,0
BRDA:167,40,1,0
BRDA:173,41,0,0
BRDA:173,41,1,0
BRDA:174,42,0,0
BRDA:174,42,1,0
BRDA:175,43,0,0
BRDA:175,43,1,0
BRDA:176,44,0,0
BRDA:176,44,1,0
BRDA:177,45,0,0
BRDA:177,45,1,0
BRDA:178,46,0,0
BRDA:178,46,1,0
BRDA:181,47,0,0
BRDA:181,47,1,0
BRDA:182,48,0,0
BRDA:182,48,1,0
BRDA:185,49,0,0
BRDA:185,49,1,0
BRDA:186,50,0,0
BRDA:186,50,1,0
BRDA:187,51,0,0
BRDA:187,51,1,0
BRDA:192,52,0,0
BRDA:192,52,1,0
BRDA:193,53,0,0
BRDA:193,53,1,0
BRDA:194,54,0,0
BRDA:194,54,1,0
BRDA:195,55,0,0
BRDA:195,55,1,0
BRDA:197,56,0,0
BRDA:197,56,1,0
BRDA:201,57,0,0
BRDA:201,57,1,0
BRDA:204,58,0,0
BRDA:204,58,1,0
BRDA:205,59,0,0
BRDA:205,59,1,0
BRDA:209,60,0,0
BRDA:209,60,1,0
BRDA:210,61,0,0
BRDA:210,61,1,0
BRF:124
BRH:0
end_of_record
TN:
SF:src/config/firebase.ts
FNF:0
FNH:0
DA:1,0
DA:2,0
DA:3,0
DA:4,0
DA:5,0
DA:7,0
DA:18,0
DA:21,0
DA:24,0
DA:27,0
DA:30,0
DA:32,0
LF:12
LH:0
BRDA:30,0,0,0
BRDA:30,0,1,0
BRF:2
BRH:0
end_of_record
TN:
SF:src/features/content/upload.ts
FN:22,(anonymous_0)
FN:26,(anonymous_1)
FN:46,(anonymous_2)
FN:50,(anonymous_3)
FN:54,(anonymous_4)
FNF:5
FNH:0
FNDA:0,(anonymous_0)
FNDA:0,(anonymous_1)
FNDA:0,(anonymous_2)
FNDA:0,(anonymous_3)
FNDA:0,(anonymous_4)
DA:1,0
DA:19,0
DA:23,0
DA:30,0
DA:31,0
DA:33,0
DA:42,0
DA:43,0
DA:47,0
DA:51,0
DA:55,0
LF:11
LH:0
BRDA:22,0,0,0
BRDA:36,1,0,0
BRDA:36,1,1,0
BRDA:39,2,0,0
BRDA:39,2,1,0
BRF:5
BRH:0
end_of_record
TN:
SF:src/monitoring/BetaMetrics.ts
FN:88,(anonymous_1)
FN:96,(anonymous_2)
FN:100,(anonymous_3)
FN:104,(anonymous_4)
FN:110,(anonymous_5)
FN:115,(anonymous_6)
FN:120,(anonymous_7)
FN:127,(anonymous_8)
FNF:8
FNH:0
FNDA:0,(anonymous_1)
FNDA:0,(anonymous_2)
FNDA:0,(anonymous_3)
FNDA:0,(anonymous_4)
FNDA:0,(anonymous_5)
FNDA:0,(anonymous_6)
FNDA:0,(anonymous_7)
FNDA:0,(anonymous_8)
DA:1,0
DA:4,0
DA:7,0
DA:10,0
DA:17,0
DA:24,0
DA:30,0
DA:38,0
DA:44,0
DA:50,0
DA:58,0
DA:66,0
DA:74,0
DA:81,0
DA:88,0
DA:89,0
DA:90,0
DA:91,0
DA:93,0
DA:96,0
DA:97,0
DA:100,0
DA:101,0
DA:104,0
DA:105,0
DA:106,0
DA:107,0
DA:110,0
DA:111,0
DA:112,0
DA:115,0
DA:116,0
DA:117,0
DA:120,0
DA:121,0
DA:122,0
DA:123,0
DA:127,0
DA:128,0
DA:131,0
LF:40
LH:0
BRDA:90,0,0,0
BRF:1
BRH:0
end_of_record
TN:
SF:src/routes/metrics.ts
FN:7,(anonymous_1)
FN:26,checkMetricsAuth
FNF:2
FNH:0
FNDA:0,(anonymous_1)
FNDA:0,checkMetricsAuth
DA:1,0
DA:2,0
DA:4,0
DA:7,0
DA:8,0
DA:10,0
DA:11,0
DA:12,0
DA:13,0
DA:16,0
DA:17,0
DA:18,0
DA:20,0
DA:21,0
DA:28,0
DA:29,0
DA:31,0
DA:32,0
DA:34,0
DA:38,0
LF:20
LH:0
BRDA:11,0,0,0
BRDA:11,1,0,0
BRDA:11,1,1,0
BRDA:29,2,0,0
BRDA:34,3,0,0
BRDA:34,3,1,0
BRF:6
BRH:0
end_of_record
TN:
SF:src/services/api.ts
FN:7,(anonymous_0)
FN:11,(anonymous_1)
FN:18,(anonymous_2)
FN:22,(anonymous_3)
FN:29,(anonymous_4)
FN:36,(anonymous_5)
FNF:6
FNH:0
FNDA:0,(anonymous_0)
FNDA:0,(anonymous_1)
FNDA:0,(anonymous_2)
FNDA:0,(anonymous_3)
FNDA:0,(anonymous_4)
FNDA:0,(anonymous_5)
DA:1,0
DA:3,0
DA:8,0
DA:12,0
DA:13,0
DA:15,0
DA:19,0
DA:23,0
DA:24,0
DA:26,0
DA:30,0
DA:31,0
DA:33,0
DA:37,0
LF:14
LH:0
BRDA:7,0,0,0
BRDA:12,1,0,0
BRDA:23,2,0,0
BRDA:30,3,0,0
BRF:4
BRH:0
end_of_record
