TN:
SF:src/api/beta.ts
FN:11,(anonymous_1)
FN:35,(anonymous_2)
FN:64,(anonymous_3)
FN:68,(anonymous_4)
FN:127,(anonymous_5)
FN:138,(anonymous_6)
FN:150,generateInvitationCode
FNF:7
FNH:0
FNDA:0,(anonymous_1)
FNDA:0,(anonymous_2)
FNDA:0,(anonymous_3)
FNDA:0,(anonymous_4)
FNDA:0,(anonymous_5)
FNDA:0,(anonymous_6)
FNDA:0,generateInvitationCode
DA:1,0
DA:3,0
DA:4,0
DA:5,0
DA:6,0
DA:8,0
DA:11,0
DA:12,0
DA:13,0
DA:15,0
DA:19,0
DA:24,0
DA:25,0
DA:30,0
DA:36,0
DA:38,0
DA:39,0
DA:48,0
DA:55,0
DA:57,0
DA:58,0
DA:64,0
DA:65,0
DA:67,0
DA:68,0
DA:70,0
DA:74,0
DA:75,0
DA:79,0
DA:80,0
DA:84,0
DA:85,0
DA:90,0
DA:95,0
DA:96,0
DA:100,0
DA:109,0
DA:110,0
DA:115,0
DA:121,0
DA:122,0
DA:127,0
DA:128,0
DA:129,0
DA:138,0
DA:139,0
DA:140,0
DA:143,0
DA:145,0
DA:146,0
DA:151,0
DA:154,0
LF:52
LH:0
BRDA:20,0,0,0
BRDA:20,0,1,0
BRDA:74,1,0,0
BRDA:79,2,0,0
BRDA:84,3,0,0
BRDA:95,4,0,0
BRDA:105,5,0,0
BRDA:105,5,1,0
BRDA:139,6,0,0
BRDA:139,6,1,0
BRDA:139,7,0,0
BRDA:139,7,1,0
BRF:12
BRH:0
end_of_record
TN:
SF:src/config/AIConfig.ts
FN:238,(anonymous_0)
FN:242,(anonymous_1)
FN:249,(anonymous_2)
FN:264,(anonymous_3)
FN:268,(anonymous_4)
FN:284,(anonymous_5)
FNF:6
FNH:0
FNDA:0,(anonymous_0)
FNDA:0,(anonymous_1)
FNDA:0,(anonymous_2)
FNDA:0,(anonymous_3)
FNDA:0,(anonymous_4)
FNDA:0,(anonymous_5)
DA:1,0
DA:4,0
DA:16,0
DA:26,0
DA:37,0
DA:56,0
DA:69,0
DA:91,0
DA:122,0
DA:136,0
DA:163,0
DA:182,0
DA:215,0
DA:234,0
DA:239,0
DA:243,0
DA:244,0
DA:246,0
DA:250,0
DA:252,0
DA:257,0
DA:259,0
DA:260,0
DA:265,0
DA:269,0
DA:271,0
DA:277,0
DA:279,0
DA:280,0
DA:285,0
DA:286,0
DA:287,0
DA:289,0
LF:33
LH:0
BRDA:243,0,0,0
BRF:1
BRH:0
end_of_record
TN:
SF:src/config/beta.ts
FNF:0
FNH:0
DA:9,0
LF:1
LH:0
BRF:0
BRH:0
end_of_record
TN:
SF:src/config/environment.ts
FN:87,(anonymous_1)
FN:287,(anonymous_2)
FN:292,(anonymous_3)
FN:297,(anonymous_4)
FN:305,(anonymous_5)
FN:306,(anonymous_6)
FNF:6
FNH:0
FNDA:0,(anonymous_1)
FNDA:0,(anonymous_2)
FNDA:0,(anonymous_3)
FNDA:0,(anonymous_4)
FNDA:0,(anonymous_5)
FNDA:0,(anonymous_6)
DA:1,0
DA:87,0
DA:88,0
DA:91,0
DA:132,0
DA:282,0
DA:285,0
DA:287,0
DA:288,0
DA:289,0
DA:292,0
DA:293,0
DA:294,0
DA:297,0
DA:298,0
DA:299,0
DA:305,0
DA:306,0
LF:18
LH:0
BRDA:88,0,0,0
BRDA:88,0,1,0
BRDA:88,0,2,0
BRDA:88,1,0,0
BRDA:88,1,1,0
BRDA:88,2,0,0
BRDA:88,2,1,0
BRDA:88,3,0,0
BRDA:88,3,1,0
BRDA:88,4,0,0
BRDA:88,4,1,0
BRDA:93,5,0,0
BRDA:93,5,1,0
BRDA:94,6,0,0
BRDA:94,6,1,0
BRDA:95,7,0,0
BRDA:95,7,1,0
BRDA:96,8,0,0
BRDA:96,8,1,0
BRDA:97,9,0,0
BRDA:97,9,1,0
BRDA:100,10,0,0
BRDA:100,10,1,0
BRDA:101,11,0,0
BRDA:101,11,1,0
BRDA:102,12,0,0
BRDA:102,12,1,0
BRDA:103,13,0,0
BRDA:103,13,1,0
BRDA:106,14,0,0
BRDA:106,14,1,0
BRDA:107,15,0,0
BRDA:107,15,1,0
BRDA:108,16,0,0
BRDA:108,16,1,0
BRDA:112,17,0,0
BRDA:112,17,1,0
BRDA:113,18,0,0
BRDA:113,18,1,0
BRDA:122,19,0,0
BRDA:122,19,1,0
BRDA:123,20,0,0
BRDA:123,20,1,0
BRDA:124,21,0,0
BRDA:124,21,1,0
BRDA:127,22,0,0
BRDA:127,22,1,0
BRDA:128,23,0,0
BRDA:128,23,1,0
BRDA:136,24,0,0
BRDA:136,24,1,0
BRDA:137,25,0,0
BRDA:137,25,1,0
BRDA:138,26,0,0
BRDA:138,26,1,0
BRDA:139,27,0,0
BRDA:139,27,1,0
BRDA:140,28,0,0
BRDA:140,28,1,0
BRDA:141,29,0,0
BRDA:141,29,1,0
BRDA:144,30,0,0
BRDA:144,30,1,0
BRDA:145,31,0,0
BRDA:145,31,1,0
BRDA:148,32,0,0
BRDA:148,32,1,0
BRDA:149,33,0,0
BRDA:149,33,1,0
BRDA:150,34,0,0
BRDA:150,34,1,0
BRDA:155,35,0,0
BRDA:155,35,1,0
BRDA:156,36,0,0
BRDA:156,36,1,0
BRDA:157,37,0,0
BRDA:157,37,1,0
BRDA:158,38,0,0
BRDA:158,38,1,0
BRDA:160,39,0,0
BRDA:160,39,1,0
BRDA:164,40,0,0
BRDA:164,40,1,0
BRDA:167,41,0,0
BRDA:167,41,1,0
BRDA:168,42,0,0
BRDA:168,42,1,0
BRDA:172,43,0,0
BRDA:172,43,1,0
BRDA:173,44,0,0
BRDA:173,44,1,0
BRDA:176,45,0,0
BRDA:176,45,1,0
BRDA:177,46,0,0
BRDA:177,46,1,0
BRDA:178,47,0,0
BRDA:178,47,1,0
BRDA:179,48,0,0
BRDA:179,48,1,0
BRDA:185,49,0,0
BRDA:185,49,1,0
BRDA:186,50,0,0
BRDA:186,50,1,0
BRDA:187,51,0,0
BRDA:187,51,1,0
BRDA:188,52,0,0
BRDA:188,52,1,0
BRDA:189,53,0,0
BRDA:189,53,1,0
BRDA:190,54,0,0
BRDA:190,54,1,0
BRDA:193,55,0,0
BRDA:193,55,1,0
BRDA:194,56,0,0
BRDA:194,56,1,0
BRDA:197,57,0,0
BRDA:197,57,1,0
BRDA:198,58,0,0
BRDA:198,58,1,0
BRDA:199,59,0,0
BRDA:199,59,1,0
BRDA:204,60,0,0
BRDA:204,60,1,0
BRDA:205,61,0,0
BRDA:205,61,1,0
BRDA:206,62,0,0
BRDA:206,62,1,0
BRDA:207,63,0,0
BRDA:207,63,1,0
BRDA:209,64,0,0
BRDA:209,64,1,0
BRDA:213,65,0,0
BRDA:213,65,1,0
BRDA:216,66,0,0
BRDA:216,66,1,0
BRDA:217,67,0,0
BRDA:217,67,1,0
BRDA:221,68,0,0
BRDA:221,68,1,0
BRDA:222,69,0,0
BRDA:222,69,1,0
BRDA:225,70,0,0
BRDA:225,70,1,0
BRDA:226,71,0,0
BRDA:226,71,1,0
BRDA:227,72,0,0
BRDA:227,72,1,0
BRDA:228,73,0,0
BRDA:228,73,1,0
BRDA:274,74,0,0
BRDA:274,74,1,0
BRDA:275,75,0,0
BRDA:275,75,1,0
BRDA:276,76,0,0
BRDA:276,76,1,0
BRDA:277,77,0,0
BRDA:277,77,1,0
BRDA:282,78,0,0
BRDA:282,78,1,0
BRDA:289,79,0,0
BRDA:289,79,1,0
BRDA:294,80,0,0
BRDA:294,80,1,0
BRDA:299,81,0,0
BRDA:299,81,1,0
BRDA:305,82,0,0
BRDA:305,82,1,0
BRDA:305,83,0,0
BRDA:305,83,1,0
BRDA:305,84,0,0
BRDA:305,84,1,0
BRDA:305,85,0,0
BRDA:305,85,1,0
BRDA:306,86,0,0
BRDA:306,86,1,0
BRDA:306,87,0,0
BRDA:306,87,1,0
BRDA:306,88,0,0
BRDA:306,88,1,0
BRDA:306,89,0,0
BRDA:306,89,1,0
BRF:181
BRH:0
end_of_record
TN:
SF:src/config/firebase.ts
FNF:0
FNH:0
DA:1,0
DA:2,0
DA:3,0
DA:4,0
DA:5,0
DA:7,0
DA:18,0
DA:21,0
DA:24,0
DA:27,0
DA:30,0
DA:32,0
LF:12
LH:0
BRDA:30,0,0,0
BRDA:30,0,1,0
BRF:2
BRH:0
end_of_record
TN:
SF:src/config/index.ts
FNF:0
FNH:0
DA:1,0
DA:3,0
DA:5,0
LF:3
LH:0
BRDA:8,0,0,0
BRDA:8,0,1,0
BRDA:9,1,0,0
BRDA:9,1,1,0
BRDA:10,2,0,0
BRDA:10,2,1,0
BRDA:14,3,0,0
BRDA:14,3,1,0
BRDA:18,4,0,0
BRDA:18,4,1,0
BRDA:19,5,0,0
BRDA:19,5,1,0
BRDA:22,6,0,0
BRDA:22,6,1,0
BRDA:23,7,0,0
BRDA:23,7,1,0
BRDA:37,8,0,0
BRDA:37,8,1,0
BRDA:38,9,0,0
BRDA:38,9,1,0
BRDA:45,10,0,0
BRDA:45,10,1,0
BRDA:51,11,0,0
BRDA:51,11,1,0
BRDA:52,12,0,0
BRDA:52,12,1,0
BRF:26
BRH:0
end_of_record
TN:
SF:src/constants/communityGuidelines.ts
FNF:0
FNH:0
DA:1,0
LF:1
LH:0
BRF:0
BRH:0
end_of_record
TN:
SF:src/core/identity/did.ts
FN:17,(anonymous_0)
FN:21,(anonymous_1)
FN:34,(anonymous_2)
FN:48,(anonymous_3)
FN:49,(anonymous_4)
FNF:5
FNH:0
FNDA:0,(anonymous_0)
FNDA:0,(anonymous_1)
FNDA:0,(anonymous_2)
FNDA:0,(anonymous_3)
FNDA:0,(anonymous_4)
DA:1,0
DA:14,0
DA:18,0
DA:22,0
DA:24,0
DA:35,0
DA:37,0
DA:49,0
LF:8
LH:0
BRDA:17,0,0,0
BRF:1
BRH:0
end_of_record
TN:
SF:src/db/connection.js
FN:14,(anonymous_0)
FN:21,(anonymous_1)
FN:43,(anonymous_2)
FN:57,(anonymous_3)
FN:71,(anonymous_4)
FNF:5
FNH:0
FNDA:0,(anonymous_0)
FNDA:0,(anonymous_1)
FNDA:0,(anonymous_2)
FNDA:0,(anonymous_3)
FNDA:0,(anonymous_4)
DA:5,0
DA:7,0
DA:12,0
DA:15,0
DA:16,0
DA:18,0
DA:22,0
DA:24,0
DA:25,0
DA:26,0
DA:31,0
DA:34,0
DA:35,0
DA:36,0
DA:38,0
DA:39,0
DA:44,0
DA:58,0
DA:59,0
DA:62,0
DA:63,0
DA:64,0
DA:66,0
DA:67,0
DA:72,0
DA:73,0
LF:26
LH:0
BRDA:15,0,0,0
BRDA:15,0,1,0
BRDA:22,1,0,0
BRDA:22,1,1,0
BRDA:45,2,0,0
BRDA:45,2,1,0
BRDA:46,3,0,0
BRDA:46,3,1,0
BRDA:47,4,0,0
BRDA:47,4,1,0
BRDA:48,5,0,0
BRDA:48,5,1,0
BRDA:49,6,0,0
BRDA:49,6,1,0
BRDA:50,7,0,0
BRDA:50,7,1,0
BRDA:51,8,0,0
BRDA:51,8,1,0
BRDA:52,9,0,0
BRDA:52,9,1,0
BRDA:53,10,0,0
BRDA:53,10,1,0
BRDA:58,11,0,0
BRDA:58,11,1,0
BRDA:72,12,0,0
BRDA:72,12,1,0
BRF:26
BRH:0
end_of_record
TN:
SF:src/db/index.ts
FN:6,initializeDatabase
FN:31,getDatabaseConfig
FN:64,query
FN:74,transaction
FNF:4
FNH:0
FNDA:0,initializeDatabase
FNDA:0,getDatabaseConfig
FNDA:0,query
FNDA:0,transaction
DA:1,0
DA:2,0
DA:6,0
DA:7,0
DA:9,0
DA:11,0
DA:19,0
DA:20,0
DA:21,0
DA:22,0
DA:24,0
DA:25,0
DA:28,0
DA:32,0
DA:34,0
DA:35,0
DA:39,0
DA:40,0
DA:42,0
DA:54,0
DA:64,0
DA:65,0
DA:66,0
DA:67,0
DA:68,0
DA:70,0
DA:74,0
DA:75,0
DA:76,0
DA:77,0
DA:78,0
DA:79,0
DA:80,0
DA:82,0
DA:83,0
DA:85,0
LF:36
LH:0
BRDA:7,0,0,0
BRDA:32,1,0,0
BRDA:32,1,1,0
BRDA:40,2,0,0
BRDA:40,2,1,0
BRDA:55,3,0,0
BRDA:55,3,1,0
BRDA:56,4,0,0
BRDA:56,4,1,0
BRDA:57,5,0,0
BRDA:57,5,1,0
BRDA:58,6,0,0
BRDA:58,6,1,0
BRDA:59,7,0,0
BRDA:59,7,1,0
BRF:15
BRH:0
end_of_record
TN:
SF:src/features/content/upload.ts
FN:22,(anonymous_0)
FN:26,(anonymous_1)
FN:45,(anonymous_2)
FN:49,(anonymous_3)
FN:53,(anonymous_4)
FNF:5
FNH:0
FNDA:0,(anonymous_0)
FNDA:0,(anonymous_1)
FNDA:0,(anonymous_2)
FNDA:0,(anonymous_3)
FNDA:0,(anonymous_4)
DA:1,0
DA:19,0
DA:23,0
DA:27,0
DA:28,0
DA:30,0
DA:41,0
DA:42,0
DA:46,0
DA:50,0
DA:54,0
LF:11
LH:0
BRDA:22,0,0,0
BRDA:33,1,0,0
BRDA:33,1,1,0
BRDA:38,2,0,0
BRDA:38,2,1,0
BRF:5
BRH:0
end_of_record
TN:
SF:src/hooks/useATProtoAuth.ts
FN:6,useATProtoAuth
FN:10,(anonymous_1)
FN:36,(anonymous_2)
FNF:3
FNH:0
FNDA:0,useATProtoAuth
FNDA:0,(anonymous_1)
FNDA:0,(anonymous_2)
DA:1,0
DA:3,0
DA:4,0
DA:6,0
DA:7,0
DA:9,0
DA:11,0
DA:12,0
DA:13,0
DA:15,0
DA:16,0
DA:24,0
DA:36,0
DA:37,0
DA:38,0
DA:39,0
DA:41,0
DA:51,0
LF:18
LH:0
BRDA:15,0,0,0
BRDA:44,1,0,0
BRDA:44,1,1,0
BRDA:45,2,0,0
BRDA:45,2,1,0
BRDA:58,3,0,0
BRDA:58,3,1,0
BRDA:58,4,0,0
BRDA:58,4,1,0
BRDA:59,5,0,0
BRDA:59,5,1,0
BRDA:59,6,0,0
BRDA:59,6,1,0
BRF:13
BRH:0
end_of_record
TN:
SF:src/hooks/useInfiniteScroll.ts
FN:11,useInfiniteScroll
FN:20,(anonymous_1)
FN:28,(anonymous_2)
FN:35,(anonymous_3)
FN:55,(anonymous_4)
FNF:5
FNH:0
FNDA:0,useInfiniteScroll
FNDA:0,(anonymous_1)
FNDA:0,(anonymous_2)
FNDA:0,(anonymous_3)
FNDA:0,(anonymous_4)
DA:1,0
DA:11,0
DA:12,0
DA:13,0
DA:14,0
DA:15,0
DA:16,0
DA:17,0
DA:19,0
DA:21,0
DA:23,0
DA:24,0
DA:27,0
DA:29,0
DA:30,0
DA:31,0
DA:32,0
DA:33,0
DA:35,0
DA:36,0
DA:37,0
DA:39,0
DA:41,0
DA:48,0
DA:49,0
DA:55,0
DA:56,0
DA:57,0
DA:58,0
DA:59,0
DA:60,0
DA:61,0
DA:62,0
DA:63,0
DA:65,0
DA:67,0
DA:71,0
LF:37
LH:0
BRDA:11,0,0,0
BRDA:21,1,0,0
BRDA:23,2,0,0
BRDA:29,3,0,0
BRDA:29,4,0,0
BRDA:29,4,1,0
BRDA:39,5,0,0
BRDA:39,5,1,0
BRDA:48,6,0,0
BRDA:65,7,0,0
BRDA:65,7,1,0
BRF:11
BRH:0
end_of_record
TN:
SF:src/middleware/beta.ts
FN:5,validateBetaAccess
FN:29,trackBetaAnalytics
FN:34,(anonymous_2)
FN:54,(anonymous_3)
FNF:4
FNH:0
FNDA:0,validateBetaAccess
FNDA:0,trackBetaAnalytics
FNDA:0,(anonymous_2)
FNDA:0,(anonymous_3)
DA:3,0
DA:5,0
DA:6,0
DA:8,0
DA:10,0
DA:11,0
DA:18,0
DA:22,0
DA:24,0
DA:25,0
DA:29,0
DA:30,0
DA:31,0
DA:34,0
DA:35,0
DA:36,0
DA:39,0
DA:55,0
DA:59,0
DA:62,0
DA:63,0
LF:21
LH:0
BRDA:10,0,0,0
BRDA:10,1,0,0
BRDA:10,1,1,0
BRF:3
BRH:0
end_of_record
TN:
SF:src/middleware/cache.ts
FN:18,(anonymous_0)
FN:24,(anonymous_1)
FN:28,(anonymous_2)
FN:36,(anonymous_3)
FN:52,(anonymous_4)
FN:53,(anonymous_5)
FN:70,(anonymous_6)
FN:95,(anonymous_7)
FN:109,(anonymous_8)
FN:118,(anonymous_9)
FN:129,(anonymous_10)
FN:139,(anonymous_11)
FN:155,(anonymous_12)
FN:165,(anonymous_13)
FN:180,(anonymous_14)
FN:183,(anonymous_15)
FNF:16
FNH:0
FNDA:0,(anonymous_0)
FNDA:0,(anonymous_1)
FNDA:0,(anonymous_2)
FNDA:0,(anonymous_3)
FNDA:0,(anonymous_4)
FNDA:0,(anonymous_5)
FNDA:0,(anonymous_6)
FNDA:0,(anonymous_7)
FNDA:0,(anonymous_8)
FNDA:0,(anonymous_9)
FNDA:0,(anonymous_10)
FNDA:0,(anonymous_11)
FNDA:0,(anonymous_12)
FNDA:0,(anonymous_13)
FNDA:0,(anonymous_14)
FNDA:0,(anonymous_15)
DA:2,0
DA:4,0
DA:19,0
DA:24,0
DA:25,0
DA:29,0
DA:30,0
DA:32,0
DA:37,0
DA:39,0
DA:40,0
DA:41,0
DA:44,0
DA:46,0
DA:47,0
DA:53,0
DA:54,0
DA:55,0
DA:58,0
DA:59,0
DA:60,0
DA:62,0
DA:63,0
DA:67,0
DA:70,0
DA:71,0
DA:73,0
DA:79,0
DA:83,0
DA:86,0
DA:88,0
DA:89,0
DA:101,0
DA:102,0
DA:105,0
DA:108,0
DA:109,0
DA:112,0
DA:113,0
DA:119,0
DA:120,0
DA:121,0
DA:123,0
DA:124,0
DA:130,0
DA:131,0
DA:133,0
DA:134,0
DA:140,0
DA:142,0
DA:144,0
DA:146,0
DA:149,0
DA:150,0
DA:156,0
DA:157,0
DA:159,0
DA:160,0
DA:170,0
DA:171,0
DA:172,0
DA:174,0
DA:175,0
DA:181,0
DA:182,0
DA:183,0
DA:185,0
DA:186,0
DA:191,0
LF:69
LH:0
BRDA:29,0,0,0
BRDA:40,1,0,0
BRDA:54,2,0,0
BRDA:58,3,0,0
BRDA:58,3,1,0
BRDA:62,4,0,0
BRDA:76,5,0,0
BRDA:76,5,1,0
BRDA:108,6,0,0
BRDA:108,7,0,0
BRDA:108,7,1,0
BRDA:108,8,0,0
BRDA:108,8,1,0
BRDA:121,9,0,0
BRDA:121,9,1,0
BRDA:144,10,0,0
BRDA:183,11,0,0
BRDA:183,11,1,0
BRF:18
BRH:0
end_of_record
TN:
SF:src/middleware/monitoring.ts
FN:33,(anonymous_6)
FN:74,(anonymous_7)
FN:84,(anonymous_8)
FN:85,(anonymous_9)
FN:103,(anonymous_10)
FN:137,(anonymous_11)
FN:138,(anonymous_12)
FN:174,(anonymous_13)
FN:175,(anonymous_14)
FNF:9
FNH:0
FNDA:0,(anonymous_6)
FNDA:0,(anonymous_7)
FNDA:0,(anonymous_8)
FNDA:0,(anonymous_9)
FNDA:0,(anonymous_10)
FNDA:0,(anonymous_11)
FNDA:0,(anonymous_12)
FNDA:0,(anonymous_13)
FNDA:0,(anonymous_14)
DA:3,0
DA:4,0
DA:5,0
DA:7,0
DA:26,0
DA:35,0
DA:42,0
DA:53,0
DA:58,0
DA:63,0
DA:65,0
DA:69,0
DA:75,0
DA:76,0
DA:77,0
DA:79,0
DA:81,0
DA:85,0
DA:86,0
DA:87,0
DA:90,0
DA:93,0
DA:96,0
DA:103,0
DA:104,0
DA:105,0
DA:108,0
DA:115,0
DA:116,0
DA:117,0
DA:121,0
DA:133,0
DA:138,0
DA:140,0
DA:151,0
DA:154,0
DA:170,0
DA:175,0
DA:176,0
DA:187,0
LF:40
LH:0
BRDA:75,0,0,0
BRDA:76,1,0,0
BRDA:115,2,0,0
BRDA:184,3,0,0
BRDA:184,3,1,0
BRF:5
BRH:0
end_of_record
TN:
SF:src/middleware/rateLimiter.ts
FN:16,(anonymous_1)
FN:23,(anonymous_2)
FN:35,(anonymous_3)
FN:47,(anonymous_4)
FN:58,(anonymous_5)
FN:65,(anonymous_6)
FN:76,(anonymous_7)
FNF:7
FNH:0
FNDA:0,(anonymous_1)
FNDA:0,(anonymous_2)
FNDA:0,(anonymous_3)
FNDA:0,(anonymous_4)
FNDA:0,(anonymous_5)
FNDA:0,(anonymous_6)
FNDA:0,(anonymous_7)
DA:2,0
DA:3,0
DA:4,0
DA:6,0
DA:7,0
DA:9,0
DA:11,0
DA:16,0
DA:19,0
DA:23,0
DA:35,0
DA:47,0
DA:58,0
DA:63,0
DA:65,0
DA:76,0
DA:81,0
DA:82,0
DA:83,0
DA:85,0
DA:86,0
DA:88,0
DA:89,0
DA:92,0
LF:24
LH:0
BRDA:69,0,0,0
BRDA:69,0,1,0
BRDA:88,1,0,0
BRF:3
BRH:0
end_of_record
TN:
SF:src/middleware/requireAuth.ts
FN:19,(anonymous_1)
FNF:1
FNH:0
FNDA:0,(anonymous_1)
DA:2,0
DA:4,0
DA:19,0
DA:20,0
DA:22,0
DA:23,0
DA:26,0
DA:28,0
DA:29,0
DA:30,0
DA:31,0
DA:33,0
LF:12
LH:0
BRDA:22,0,0,0
BRDA:22,1,0,0
BRDA:22,1,1,0
BRDA:22,2,0,0
BRDA:22,2,1,0
BRF:5
BRH:0
end_of_record
TN:
SF:src/middleware/upload.ts
FN:19,(anonymous_1)
FN:38,(anonymous_2)
FN:52,(anonymous_3)
FN:56,(anonymous_4)
FNF:4
FNH:0
FNDA:0,(anonymous_1)
FNDA:0,(anonymous_2)
FNDA:0,(anonymous_3)
FNDA:0,(anonymous_4)
DA:1,0
DA:3,0
DA:5,0
DA:8,0
DA:13,0
DA:16,0
DA:19,0
DA:21,0
DA:22,0
DA:24,0
DA:29,0
DA:38,0
DA:39,0
DA:40,0
DA:41,0
DA:44,0
DA:45,0
DA:52,0
DA:53,0
DA:56,0
DA:57,0
DA:58,0
DA:59,0
DA:62,0
DA:64,0
DA:69,0
LF:26
LH:0
BRDA:21,0,0,0
BRDA:21,0,1,0
BRDA:40,1,0,0
BRF:3
BRH:0
end_of_record
TN:
SF:src/middleware/validateRequest.ts
FN:4,(anonymous_0)
FN:9,(anonymous_1)
FNF:2
FNH:0
FNDA:0,(anonymous_0)
FNDA:0,(anonymous_1)
DA:2,0
DA:4,0
DA:5,0
DA:7,0
DA:8,0
DA:9,0
DA:16,0
LF:7
LH:0
BRDA:7,0,0,0
BRF:1
BRH:0
end_of_record
TN:
SF:src/monitoring/BetaMetrics.ts
FN:88,(anonymous_1)
FN:96,(anonymous_2)
FN:100,(anonymous_3)
FN:104,(anonymous_4)
FN:110,(anonymous_5)
FN:115,(anonymous_6)
FN:120,(anonymous_7)
FN:127,(anonymous_8)
FNF:8
FNH:0
FNDA:0,(anonymous_1)
FNDA:0,(anonymous_2)
FNDA:0,(anonymous_3)
FNDA:0,(anonymous_4)
FNDA:0,(anonymous_5)
FNDA:0,(anonymous_6)
FNDA:0,(anonymous_7)
FNDA:0,(anonymous_8)
DA:1,0
DA:4,0
DA:7,0
DA:10,0
DA:17,0
DA:24,0
DA:30,0
DA:38,0
DA:44,0
DA:50,0
DA:58,0
DA:66,0
DA:74,0
DA:81,0
DA:88,0
DA:89,0
DA:90,0
DA:91,0
DA:93,0
DA:96,0
DA:97,0
DA:100,0
DA:101,0
DA:104,0
DA:105,0
DA:106,0
DA:107,0
DA:110,0
DA:111,0
DA:112,0
DA:115,0
DA:116,0
DA:117,0
DA:120,0
DA:121,0
DA:122,0
DA:123,0
DA:127,0
DA:128,0
DA:131,0
LF:40
LH:0
BRDA:90,0,0,0
BRF:1
BRH:0
end_of_record
TN:
SF:src/monitoring/business-metrics.ts
FN:29,(anonymous_0)
FN:36,(anonymous_1)
FN:64,(anonymous_2)
FN:90,(anonymous_3)
FN:99,(anonymous_4)
FN:109,(anonymous_5)
FN:132,(anonymous_6)
FN:168,(anonymous_7)
FN:205,(anonymous_8)
FN:247,(anonymous_9)
FN:290,(anonymous_10)
FN:315,(anonymous_11)
FN:330,(anonymous_12)
FN:336,(anonymous_13)
FNF:14
FNH:0
FNDA:0,(anonymous_0)
FNDA:0,(anonymous_1)
FNDA:0,(anonymous_2)
FNDA:0,(anonymous_3)
FNDA:0,(anonymous_4)
FNDA:0,(anonymous_5)
FNDA:0,(anonymous_6)
FNDA:0,(anonymous_7)
FNDA:0,(anonymous_8)
FNDA:0,(anonymous_9)
FNDA:0,(anonymous_10)
FNDA:0,(anonymous_11)
FNDA:0,(anonymous_12)
FNDA:0,(anonymous_13)
DA:23,0
DA:30,0
DA:31,0
DA:32,0
DA:33,0
DA:37,0
DA:39,0
DA:41,0
DA:42,0
DA:45,0
DA:46,0
DA:49,0
DA:50,0
DA:51,0
DA:54,0
DA:55,0
DA:56,0
DA:58,0
DA:60,0
DA:65,0
DA:67,0
DA:69,0
DA:70,0
DA:71,0
DA:72,0
DA:75,0
DA:76,0
DA:77,0
DA:80,0
DA:81,0
DA:82,0
DA:84,0
DA:86,0
DA:91,0
DA:96,0
DA:100,0
DA:106,0
DA:113,0
DA:119,0
DA:126,0
DA:136,0
DA:149,0
DA:162,0
DA:173,0
DA:179,0
DA:185,0
DA:198,0
DA:209,0
DA:225,0
DA:241,0
DA:251,0
DA:267,0
DA:284,0
DA:295,0
DA:303,0
DA:306,0
DA:312,0
DA:316,0
DA:325,0
DA:330,0
DA:332,0
DA:333,0
DA:337,0
DA:353,0
LF:64
LH:0
BRDA:60,0,0,0
BRDA:60,0,1,0
BRDA:60,1,0,0
BRDA:60,1,1,0
BRDA:86,2,0,0
BRDA:86,2,1,0
BRDA:86,3,0,0
BRDA:86,3,1,0
BRDA:128,4,0,0
BRDA:128,4,1,0
BRDA:163,5,0,0
BRDA:163,5,1,0
BRDA:164,6,0,0
BRDA:164,6,1,0
BRDA:201,7,0,0
BRDA:201,7,1,0
BRDA:242,8,0,0
BRDA:242,8,1,0
BRDA:243,9,0,0
BRDA:243,9,1,0
BRDA:285,10,0,0
BRDA:285,10,1,0
BRDA:286,11,0,0
BRDA:286,11,1,0
BRDA:321,12,0,0
BRDA:321,12,1,0
BRDA:329,13,0,0
BRDA:329,13,1,0
BRF:28
BRH:0
end_of_record
TN:
SF:src/monitoring/cost-monitor.ts
FN:42,(anonymous_6)
FN:57,(anonymous_7)
FN:82,(anonymous_8)
FN:92,(anonymous_9)
FN:112,(anonymous_10)
FN:126,(anonymous_11)
FN:140,(anonymous_12)
FN:152,(anonymous_13)
FN:198,(anonymous_14)
FN:244,(anonymous_15)
FN:250,(anonymous_16)
FN:264,(anonymous_17)
FN:300,(anonymous_18)
FN:326,(anonymous_19)
FN:331,(anonymous_20)
FN:335,(anonymous_21)
FN:348,(anonymous_22)
FN:408,(anonymous_23)
FN:425,(anonymous_24)
FN:435,(anonymous_25)
FN:465,(anonymous_26)
FN:470,(anonymous_27)
FN:475,(anonymous_28)
FNF:23
FNH:0
FNDA:0,(anonymous_6)
FNDA:0,(anonymous_7)
FNDA:0,(anonymous_8)
FNDA:0,(anonymous_9)
FNDA:0,(anonymous_10)
FNDA:0,(anonymous_11)
FNDA:0,(anonymous_12)
FNDA:0,(anonymous_13)
FNDA:0,(anonymous_14)
FNDA:0,(anonymous_15)
FNDA:0,(anonymous_16)
FNDA:0,(anonymous_17)
FNDA:0,(anonymous_18)
FNDA:0,(anonymous_19)
FNDA:0,(anonymous_20)
FNDA:0,(anonymous_21)
FNDA:0,(anonymous_22)
FNDA:0,(anonymous_23)
FNDA:0,(anonymous_24)
FNDA:0,(anonymous_25)
FNDA:0,(anonymous_26)
FNDA:0,(anonymous_27)
FNDA:0,(anonymous_28)
DA:1,0
DA:34,0
DA:48,0
DA:49,0
DA:50,0
DA:51,0
DA:53,0
DA:54,0
DA:58,0
DA:60,0
DA:62,0
DA:70,0
DA:73,0
DA:76,0
DA:79,0
DA:81,0
DA:82,0
DA:85,0
DA:86,0
DA:88,0
DA:93,0
DA:95,0
DA:96,0
DA:111,0
DA:112,0
DA:122,0
DA:127,0
DA:129,0
DA:130,0
DA:140,0
DA:148,0
DA:153,0
DA:155,0
DA:157,0
DA:184,0
DA:194,0
DA:199,0
DA:201,0
DA:203,0
DA:230,0
DA:240,0
DA:245,0
DA:247,0
DA:248,0
DA:250,0
DA:260,0
DA:265,0
DA:267,0
DA:268,0
DA:270,0
DA:280,0
DA:281,0
DA:283,0
DA:284,0
DA:292,0
DA:296,0
DA:301,0
DA:303,0
DA:305,0
DA:317,0
DA:320,0
DA:322,0
DA:327,0
DA:329,0
DA:331,0
DA:332,0
DA:335,0
DA:336,0
DA:337,0
DA:340,0
DA:341,0
DA:344,0
DA:349,0
DA:351,0
DA:352,0
DA:402,0
DA:404,0
DA:409,0
DA:411,0
DA:412,0
DA:423,0
DA:425,0
DA:431,0
DA:436,0
DA:438,0
DA:439,0
DA:442,0
DA:443,0
DA:444,0
DA:445,0
DA:452,0
DA:453,0
DA:456,0
DA:457,0
DA:459,0
DA:461,0
DA:467,0
DA:472,0
DA:477,0
LF:99
LH:0
BRDA:88,0,0,0
BRDA:88,0,1,0
BRDA:88,1,0,0
BRDA:88,1,1,0
BRDA:112,2,0,0
BRDA:112,2,1,0
BRDA:112,3,0,0
BRDA:112,3,1,0
BRDA:112,4,0,0
BRDA:112,4,1,0
BRDA:112,5,0,0
BRDA:112,5,1,0
BRDA:112,6,0,0
BRDA:112,6,1,0
BRDA:112,7,0,0
BRDA:112,7,1,0
BRDA:112,8,0,0
BRDA:112,8,1,0
BRDA:122,9,0,0
BRDA:122,9,1,0
BRDA:122,10,0,0
BRDA:122,10,1,0
BRDA:148,11,0,0
BRDA:148,11,1,0
BRDA:148,12,0,0
BRDA:148,12,1,0
BRDA:187,13,0,0
BRDA:187,13,1,0
BRDA:194,14,0,0
BRDA:194,14,1,0
BRDA:194,15,0,0
BRDA:194,15,1,0
BRDA:233,16,0,0
BRDA:233,16,1,0
BRDA:240,17,0,0
BRDA:240,17,1,0
BRDA:240,18,0,0
BRDA:240,18,1,0
BRDA:260,19,0,0
BRDA:260,19,1,0
BRDA:260,20,0,0
BRDA:260,20,1,0
BRDA:283,21,0,0
BRDA:296,22,0,0
BRDA:296,22,1,0
BRDA:296,23,0,0
BRDA:296,23,1,0
BRDA:322,24,0,0
BRDA:322,24,1,0
BRDA:322,25,0,0
BRDA:322,25,1,0
BRDA:336,26,0,0
BRDA:336,26,1,0
BRDA:344,27,0,0
BRDA:344,27,1,0
BRDA:344,28,0,0
BRDA:344,28,1,0
BRDA:404,29,0,0
BRDA:404,29,1,0
BRDA:404,30,0,0
BRDA:404,30,1,0
BRDA:408,31,0,0
BRDA:431,32,0,0
BRDA:431,32,1,0
BRDA:431,33,0,0
BRDA:431,33,1,0
BRDA:444,34,0,0
BRDA:461,35,0,0
BRDA:461,35,1,0
BRDA:461,36,0,0
BRDA:461,36,1,0
BRF:71
BRH:0
end_of_record
TN:
SF:src/monitoring/performance-monitor.ts
FN:35,(anonymous_0)
FN:51,(anonymous_1)
FN:87,(anonymous_2)
FN:138,(anonymous_3)
FN:189,(anonymous_4)
FN:240,(anonymous_5)
FN:291,(anonymous_6)
FN:326,(anonymous_7)
FN:327,(anonymous_8)
FN:335,(anonymous_9)
FN:336,(anonymous_10)
FN:337,(anonymous_11)
FN:344,(anonymous_12)
FN:364,(anonymous_13)
FN:377,(anonymous_14)
FN:390,(anonymous_15)
FN:403,(anonymous_16)
FN:416,(anonymous_17)
FN:444,(anonymous_18)
FN:448,(anonymous_19)
FN:452,(anonymous_20)
FN:456,(anonymous_21)
FN:475,(anonymous_22)
FN:489,(anonymous_23)
FN:510,(anonymous_24)
FNF:25
FNH:0
FNDA:0,(anonymous_0)
FNDA:0,(anonymous_1)
FNDA:0,(anonymous_2)
FNDA:0,(anonymous_3)
FNDA:0,(anonymous_4)
FNDA:0,(anonymous_5)
FNDA:0,(anonymous_6)
FNDA:0,(anonymous_7)
FNDA:0,(anonymous_8)
FNDA:0,(anonymous_9)
FNDA:0,(anonymous_10)
FNDA:0,(anonymous_11)
FNDA:0,(anonymous_12)
FNDA:0,(anonymous_13)
FNDA:0,(anonymous_14)
FNDA:0,(anonymous_15)
FNDA:0,(anonymous_16)
FNDA:0,(anonymous_17)
FNDA:0,(anonymous_18)
FNDA:0,(anonymous_19)
FNDA:0,(anonymous_20)
FNDA:0,(anonymous_21)
FNDA:0,(anonymous_22)
FNDA:0,(anonymous_23)
FNDA:0,(anonymous_24)
DA:27,0
DA:43,0
DA:44,0
DA:45,0
DA:46,0
DA:47,0
DA:48,0
DA:52,0
DA:54,0
DA:56,0
DA:64,0
DA:72,0
DA:75,0
DA:78,0
DA:80,0
DA:81,0
DA:83,0
DA:88,0
DA:90,0
DA:91,0
DA:94,0
DA:95,0
DA:107,0
DA:108,0
DA:120,0
DA:121,0
DA:132,0
DA:134,0
DA:139,0
DA:141,0
DA:142,0
DA:145,0
DA:146,0
DA:158,0
DA:159,0
DA:171,0
DA:172,0
DA:183,0
DA:185,0
DA:190,0
DA:192,0
DA:193,0
DA:196,0
DA:197,0
DA:209,0
DA:210,0
DA:222,0
DA:223,0
DA:234,0
DA:236,0
DA:241,0
DA:243,0
DA:244,0
DA:247,0
DA:248,0
DA:260,0
DA:261,0
DA:273,0
DA:274,0
DA:285,0
DA:287,0
DA:292,0
DA:293,0
DA:295,0
DA:296,0
DA:297,0
DA:300,0
DA:301,0
DA:302,0
DA:305,0
DA:306,0
DA:307,0
DA:310,0
DA:314,0
DA:323,0
DA:327,0
DA:328,0
DA:329,0
DA:330,0
DA:331,0
DA:336,0
DA:337,0
DA:339,0
DA:340,0
DA:341,0
DA:350,0
DA:352,0
DA:354,0
DA:356,0
DA:358,0
DA:360,0
DA:365,0
DA:367,0
DA:369,0
DA:371,0
DA:373,0
DA:378,0
DA:380,0
DA:382,0
DA:384,0
DA:386,0
DA:391,0
DA:393,0
DA:395,0
DA:397,0
DA:399,0
DA:404,0
DA:406,0
DA:408,0
DA:410,0
DA:412,0
DA:417,0
DA:419,0
DA:420,0
DA:421,0
DA:423,0
DA:430,0
DA:433,0
DA:436,0
DA:440,0
DA:457,0
DA:459,0
DA:460,0
DA:462,0
DA:463,0
DA:464,0
DA:471,0
DA:476,0
DA:478,0
DA:479,0
DA:480,0
DA:481,0
DA:485,0
DA:490,0
DA:492,0
DA:493,0
DA:505,0
DA:510,0
DA:520,0
LF:139
LH:0
BRDA:83,0,0,0
BRDA:83,0,1,0
BRDA:83,1,0,0
BRDA:83,1,1,0
BRDA:134,2,0,0
BRDA:134,2,1,0
BRDA:134,3,0,0
BRDA:134,3,1,0
BRDA:185,4,0,0
BRDA:185,4,1,0
BRDA:185,5,0,0
BRDA:185,5,1,0
BRDA:236,6,0,0
BRDA:236,6,1,0
BRDA:236,7,0,0
BRDA:236,7,1,0
BRDA:287,8,0,0
BRDA:287,8,1,0
BRDA:287,9,0,0
BRDA:287,9,1,0
BRDA:301,10,0,0
BRDA:301,10,1,0
BRDA:306,11,0,0
BRDA:329,12,0,0
BRDA:329,12,1,0
BRDA:339,13,0,0
BRDA:340,14,0,0
BRDA:350,15,0,0
BRDA:350,15,1,0
BRDA:350,15,2,0
BRDA:350,15,3,0
BRDA:350,15,4,0
BRDA:365,16,0,0
BRDA:365,16,1,0
BRDA:365,16,2,0
BRDA:365,16,3,0
BRDA:378,17,0,0
BRDA:378,17,1,0
BRDA:378,17,2,0
BRDA:378,17,3,0
BRDA:391,18,0,0
BRDA:391,18,1,0
BRDA:391,18,2,0
BRDA:391,18,3,0
BRDA:404,19,0,0
BRDA:404,19,1,0
BRDA:404,19,2,0
BRDA:404,19,3,0
BRDA:421,20,0,0
BRDA:440,21,0,0
BRDA:440,21,1,0
BRDA:440,22,0,0
BRDA:440,22,1,0
BRDA:471,23,0,0
BRDA:471,23,1,0
BRDA:471,24,0,0
BRDA:471,24,1,0
BRDA:485,25,0,0
BRDA:485,25,1,0
BRDA:485,26,0,0
BRDA:485,26,1,0
BRDA:520,27,0,0
BRDA:520,27,1,0
BRDA:520,28,0,0
BRDA:520,28,1,0
BRF:65
BRH:0
end_of_record
TN:
SF:src/monitoring/synthetic.ts
FN:35,(anonymous_1)
FN:50,(anonymous_2)
FN:101,(anonymous_3)
FN:131,(anonymous_4)
FN:172,(anonymous_5)
FN:188,(anonymous_6)
FN:196,(anonymous_7)
FN:201,(anonymous_8)
FN:207,(anonymous_9)
FN:215,(anonymous_10)
FN:234,(anonymous_11)
FN:238,(anonymous_12)
FN:239,(anonymous_13)
FN:242,(anonymous_14)
FN:243,(anonymous_15)
FNF:15
FNH:0
FNDA:0,(anonymous_1)
FNDA:0,(anonymous_2)
FNDA:0,(anonymous_3)
FNDA:0,(anonymous_4)
FNDA:0,(anonymous_5)
FNDA:0,(anonymous_6)
FNDA:0,(anonymous_7)
FNDA:0,(anonymous_8)
FNDA:0,(anonymous_9)
FNDA:0,(anonymous_10)
FNDA:0,(anonymous_11)
FNDA:0,(anonymous_12)
FNDA:0,(anonymous_13)
FNDA:0,(anonymous_14)
FNDA:0,(anonymous_15)
DA:1,0
DA:27,0
DA:42,0
DA:43,0
DA:44,0
DA:45,0
DA:46,0
DA:47,0
DA:51,0
DA:102,0
DA:103,0
DA:105,0
DA:106,0
DA:107,0
DA:108,0
DA:111,0
DA:114,0
DA:117,0
DA:123,0
DA:125,0
DA:128,0
DA:132,0
DA:133,0
DA:135,0
DA:136,0
DA:137,0
DA:145,0
DA:146,0
DA:147,0
DA:148,0
DA:149,0
DA:153,0
DA:160,0
DA:168,0
DA:173,0
DA:175,0
DA:176,0
DA:177,0
DA:178,0
DA:179,0
DA:181,0
DA:185,0
DA:189,0
DA:190,0
DA:193,0
DA:194,0
DA:196,0
DA:200,0
DA:201,0
DA:204,0
DA:208,0
DA:212,0
DA:216,0
DA:231,0
DA:235,0
DA:239,0
DA:243,0
DA:244,0
DA:245,0
LF:59
LH:0
BRDA:125,0,0,0
BRDA:125,0,1,0
BRDA:125,1,0,0
BRDA:125,1,1,0
BRDA:146,2,0,0
BRDA:148,3,0,0
BRDA:168,4,0,0
BRDA:168,4,1,0
BRDA:168,5,0,0
BRDA:168,5,1,0
BRDA:173,6,0,0
BRDA:177,7,0,0
BRDA:177,7,1,0
BRDA:179,8,0,0
BRDA:179,8,1,0
BRDA:189,9,0,0
BRDA:193,10,0,0
BRDA:195,11,0,0
BRDA:195,11,1,0
BRDA:200,12,0,0
BRDA:207,13,0,0
BRDA:244,14,0,0
BRF:22
BRH:0
end_of_record
TN:
SF:src/remediation/auto-remediation.ts
FN:177,(anonymous_0)
FN:193,(anonymous_1)
FN:209,(anonymous_2)
FN:237,(anonymous_3)
FN:265,(anonymous_4)
FN:269,(anonymous_5)
FN:273,(anonymous_6)
FN:277,(anonymous_7)
FN:294,(anonymous_8)
FN:359,(anonymous_9)
FN:393,(anonymous_10)
FN:403,(anonymous_11)
FN:413,(anonymous_12)
FN:425,(anonymous_13)
FN:435,(anonymous_14)
FN:447,(anonymous_15)
FN:453,(anonymous_16)
FN:462,(anonymous_17)
FN:472,(anonymous_18)
FN:489,(anonymous_19)
FNF:20
FNH:0
FNDA:0,(anonymous_0)
FNDA:0,(anonymous_1)
FNDA:0,(anonymous_2)
FNDA:0,(anonymous_3)
FNDA:0,(anonymous_4)
FNDA:0,(anonymous_5)
FNDA:0,(anonymous_6)
FNDA:0,(anonymous_7)
FNDA:0,(anonymous_8)
FNDA:0,(anonymous_9)
FNDA:0,(anonymous_10)
FNDA:0,(anonymous_11)
FNDA:0,(anonymous_12)
FNDA:0,(anonymous_13)
FNDA:0,(anonymous_14)
FNDA:0,(anonymous_15)
FNDA:0,(anonymous_16)
FNDA:0,(anonymous_17)
FNDA:0,(anonymous_18)
FNDA:0,(anonymous_19)
DA:68,0
DA:76,0
DA:175,0
DA:185,0
DA:186,0
DA:187,0
DA:188,0
DA:189,0
DA:190,0
DA:194,0
DA:196,0
DA:198,0
DA:199,0
DA:202,0
DA:203,0
DA:205,0
DA:210,0
DA:212,0
DA:214,0
DA:217,0
DA:218,0
DA:222,0
DA:226,0
DA:229,0
DA:230,0
DA:233,0
DA:238,0
DA:240,0
DA:241,0
DA:243,0
DA:245,0
DA:246,0
DA:247,0
DA:250,0
DA:251,0
DA:252,0
DA:255,0
DA:256,0
DA:259,0
DA:261,0
DA:266,0
DA:267,0
DA:269,0
DA:270,0
DA:277,0
DA:278,0
DA:279,0
DA:281,0
DA:283,0
DA:285,0
DA:287,0
DA:289,0
DA:299,0
DA:301,0
DA:302,0
DA:308,0
DA:311,0
DA:312,0
DA:313,0
DA:314,0
DA:320,0
DA:326,0
DA:331,0
DA:334,0
DA:340,0
DA:347,0
DA:352,0
DA:353,0
DA:355,0
DA:363,0
DA:365,0
DA:366,0
DA:368,0
DA:369,0
DA:371,0
DA:372,0
DA:374,0
DA:375,0
DA:377,0
DA:378,0
DA:380,0
DA:381,0
DA:383,0
DA:384,0
DA:386,0
DA:389,0
DA:394,0
DA:396,0
DA:397,0
DA:399,0
DA:404,0
DA:406,0
DA:407,0
DA:409,0
DA:414,0
DA:416,0
DA:417,0
DA:418,0
DA:421,0
DA:426,0
DA:428,0
DA:429,0
DA:431,0
DA:436,0
DA:438,0
DA:439,0
DA:440,0
DA:443,0
DA:448,0
DA:450,0
DA:451,0
DA:453,0
DA:455,0
DA:456,0
DA:458,0
DA:463,0
DA:465,0
DA:466,0
DA:468,0
DA:473,0
DA:475,0
DA:476,0
DA:478,0
DA:479,0
DA:481,0
DA:489,0
DA:500,0
DA:507,0
LF:128
LH:0
BRDA:205,0,0,0
BRDA:205,0,1,0
BRDA:205,1,0,0
BRDA:205,1,1,0
BRDA:217,2,0,0
BRDA:229,3,0,0
BRDA:233,4,0,0
BRDA:233,4,1,0
BRDA:233,5,0,0
BRDA:233,5,1,0
BRDA:243,6,0,0
BRDA:243,6,1,0
BRDA:243,6,2,0
BRDA:261,7,0,0
BRDA:261,7,1,0
BRDA:261,8,0,0
BRDA:261,8,1,0
BRDA:267,9,0,0
BRDA:279,10,0,0
BRDA:281,11,0,0
BRDA:281,11,1,0
BRDA:281,11,2,0
BRDA:281,11,3,0
BRDA:355,12,0,0
BRDA:355,12,1,0
BRDA:355,13,0,0
BRDA:355,13,1,0
BRDA:366,14,0,0
BRDA:366,14,1,0
BRDA:366,14,2,0
BRDA:366,14,3,0
BRDA:366,14,4,0
BRDA:366,14,5,0
BRDA:366,14,6,0
BRDA:389,15,0,0
BRDA:389,15,1,0
BRDA:389,16,0,0
BRDA:389,16,1,0
BRDA:399,17,0,0
BRDA:399,17,1,0
BRDA:399,18,0,0
BRDA:399,18,1,0
BRDA:409,19,0,0
BRDA:409,19,1,0
BRDA:409,20,0,0
BRDA:409,20,1,0
BRDA:417,21,0,0
BRDA:421,22,0,0
BRDA:421,22,1,0
BRDA:421,23,0,0
BRDA:421,23,1,0
BRDA:431,24,0,0
BRDA:431,24,1,0
BRDA:431,25,0,0
BRDA:431,25,1,0
BRDA:439,26,0,0
BRDA:443,27,0,0
BRDA:443,27,1,0
BRDA:443,28,0,0
BRDA:443,28,1,0
BRDA:458,29,0,0
BRDA:458,29,1,0
BRDA:458,30,0,0
BRDA:458,30,1,0
BRDA:468,31,0,0
BRDA:468,31,1,0
BRDA:468,32,0,0
BRDA:468,32,1,0
BRDA:493,33,0,0
BRDA:493,33,1,0
BRDA:507,34,0,0
BRDA:507,34,1,0
BRDA:507,35,0,0
BRDA:507,35,1,0
BRF:74
BRH:0
end_of_record
TN:
SF:src/routes/metrics.ts
FN:8,(anonymous_1)
FN:27,checkMetricsAuth
FNF:2
FNH:0
FNDA:0,(anonymous_1)
FNDA:0,checkMetricsAuth
DA:1,0
DA:3,0
DA:5,0
DA:8,0
DA:9,0
DA:11,0
DA:12,0
DA:13,0
DA:14,0
DA:17,0
DA:18,0
DA:19,0
DA:21,0
DA:22,0
DA:29,0
DA:30,0
DA:32,0
DA:33,0
DA:35,0
DA:38,0
LF:20
LH:0
BRDA:12,0,0,0
BRDA:12,1,0,0
BRDA:12,1,1,0
BRDA:30,2,0,0
BRDA:35,3,0,0
BRDA:35,3,1,0
BRF:6
BRH:0
end_of_record
TN:
SF:src/routes/api/auth.ts
FNF:0
FNH:0
DA:1,0
DA:2,0
DA:4,0
DA:12,0
DA:13,0
DA:15,0
DA:18,0
DA:28,0
DA:34,0
DA:35,0
DA:36,0
DA:37,0
DA:38,0
DA:39,0
DA:46,0
LF:15
LH:0
BRF:0
BRH:0
end_of_record
TN:
SF:src/routes/api/index.ts
FN:12,(anonymous_1)
FNF:1
FNH:0
FNDA:0,(anonymous_1)
DA:1,0
DA:3,0
DA:4,0
DA:5,0
DA:6,0
DA:7,0
DA:9,0
DA:12,0
DA:13,0
DA:17,0
DA:18,0
DA:19,0
DA:20,0
DA:21,0
DA:23,0
LF:15
LH:0
BRF:0
BRH:0
end_of_record
TN:
SF:src/routes/api/search.ts
FNF:0
FNH:0
DA:1,0
DA:2,0
DA:4,0
DA:11,0
DA:13,0
DA:16,0
DA:27,0
DA:28,0
DA:29,0
DA:30,0
DA:31,0
DA:33,0
LF:12
LH:0
BRF:0
BRH:0
end_of_record
TN:
SF:src/routes/api/social.ts
FNF:0
FNH:0
DA:1,0
DA:2,0
DA:4,0
DA:10,0
DA:11,0
DA:13,0
DA:16,0
DA:24,0
DA:31,0
DA:32,0
DA:33,0
DA:34,0
DA:36,0
LF:13
LH:0
BRF:0
BRH:0
end_of_record
TN:
SF:src/routes/api/users.ts
FNF:0
FNH:0
DA:1,0
DA:2,0
DA:4,0
DA:13,0
DA:14,0
DA:16,0
DA:19,0
DA:26,0
DA:27,0
DA:28,0
DA:29,0
DA:30,0
DA:31,0
DA:32,0
DA:34,0
LF:15
LH:0
BRF:0
BRH:0
end_of_record
TN:
SF:src/routes/api/videos.ts
FNF:0
FNH:0
DA:1,0
DA:2,0
DA:4,0
DA:14,0
DA:15,0
DA:16,0
DA:18,0
DA:21,0
DA:30,0
DA:35,0
DA:43,0
DA:44,0
DA:45,0
DA:46,0
DA:47,0
DA:48,0
DA:49,0
DA:51,0
LF:18
LH:0
BRF:0
BRH:0
end_of_record
TN:
SF:src/scaling/auto-scaler.ts
FN:112,(anonymous_0)
FN:124,(anonymous_1)
FN:140,(anonymous_2)
FN:171,(anonymous_3)
FN:203,(anonymous_4)
FN:207,(anonymous_5)
FN:211,(anonymous_6)
FN:248,(anonymous_7)
FN:288,(anonymous_8)
FN:297,(anonymous_9)
FN:309,(anonymous_10)
FN:326,(anonymous_11)
FN:333,(anonymous_12)
FNF:13
FNH:0
FNDA:0,(anonymous_0)
FNDA:0,(anonymous_1)
FNDA:0,(anonymous_2)
FNDA:0,(anonymous_3)
FNDA:0,(anonymous_4)
FNDA:0,(anonymous_5)
FNDA:0,(anonymous_6)
FNDA:0,(anonymous_7)
FNDA:0,(anonymous_8)
FNDA:0,(anonymous_9)
FNDA:0,(anonymous_10)
FNDA:0,(anonymous_11)
FNDA:0,(anonymous_12)
DA:25,0
DA:31,0
DA:110,0
DA:118,0
DA:119,0
DA:120,0
DA:121,0
DA:125,0
DA:127,0
DA:129,0
DA:130,0
DA:133,0
DA:134,0
DA:136,0
DA:141,0
DA:143,0
DA:145,0
DA:148,0
DA:151,0
DA:152,0
DA:156,0
DA:160,0
DA:163,0
DA:164,0
DA:167,0
DA:172,0
DA:174,0
DA:175,0
DA:178,0
DA:181,0
DA:184,0
DA:187,0
DA:188,0
DA:189,0
DA:193,0
DA:194,0
DA:197,0
DA:199,0
DA:204,0
DA:205,0
DA:207,0
DA:208,0
DA:217,0
DA:218,0
DA:220,0
DA:221,0
DA:222,0
DA:224,0
DA:225,0
DA:226,0
DA:227,0
DA:228,0
DA:230,0
DA:231,0
DA:232,0
DA:233,0
DA:234,0
DA:239,0
DA:249,0
DA:251,0
DA:252,0
DA:255,0
DA:258,0
DA:261,0
DA:269,0
DA:277,0
DA:281,0
DA:282,0
DA:284,0
DA:289,0
DA:291,0
DA:293,0
DA:296,0
DA:297,0
DA:303,0
DA:305,0
DA:310,0
DA:312,0
DA:313,0
DA:315,0
DA:316,0
DA:318,0
DA:326,0
DA:333,0
DA:341,0
DA:348,0
LF:86
LH:0
BRDA:136,0,0,0
BRDA:136,0,1,0
BRDA:136,1,0,0
BRDA:136,1,1,0
BRDA:151,2,0,0
BRDA:163,3,0,0
BRDA:167,4,0,0
BRDA:167,4,1,0
BRDA:167,5,0,0
BRDA:167,5,1,0
BRDA:187,6,0,0
BRDA:193,7,0,0
BRDA:199,8,0,0
BRDA:199,8,1,0
BRDA:199,9,0,0
BRDA:199,9,1,0
BRDA:205,10,0,0
BRDA:222,11,0,0
BRDA:224,12,0,0
BRDA:224,12,1,0
BRDA:224,13,0,0
BRDA:224,13,1,0
BRDA:226,14,0,0
BRDA:230,15,0,0
BRDA:230,16,0,0
BRDA:230,16,1,0
BRDA:232,17,0,0
BRDA:284,18,0,0
BRDA:284,18,1,0
BRDA:284,19,0,0
BRDA:284,19,1,0
BRDA:305,20,0,0
BRDA:305,20,1,0
BRDA:305,21,0,0
BRDA:305,21,1,0
BRDA:348,22,0,0
BRDA:348,22,1,0
BRDA:348,23,0,0
BRDA:348,23,1,0
BRF:39
BRH:0
end_of_record
TN:
SF:src/services/AIAnalyticsService.ts
FN:114,(anonymous_0)
FN:121,(anonymous_1)
FN:128,(anonymous_2)
FN:201,(anonymous_3)
FN:285,(anonymous_4)
FN:298,(anonymous_5)
FN:310,(anonymous_6)
FN:315,(anonymous_7)
FN:320,(anonymous_8)
FN:325,(anonymous_9)
FN:330,(anonymous_10)
FN:338,(anonymous_11)
FN:344,(anonymous_12)
FN:363,(anonymous_13)
FN:368,(anonymous_14)
FN:373,(anonymous_15)
FN:378,(anonymous_16)
FN:383,(anonymous_17)
FN:388,(anonymous_18)
FN:393,(anonymous_19)
FN:398,(anonymous_20)
FN:403,(anonymous_21)
FN:408,(anonymous_22)
FN:413,(anonymous_23)
FN:418,(anonymous_24)
FN:423,(anonymous_25)
FN:428,(anonymous_26)
FN:433,(anonymous_27)
FN:438,(anonymous_28)
FN:443,(anonymous_29)
FN:448,(anonymous_30)
FN:453,(anonymous_31)
FN:458,(anonymous_32)
FN:463,(anonymous_33)
FN:474,(anonymous_34)
FN:481,(anonymous_35)
FN:488,(anonymous_36)
FNF:37
FNH:0
FNDA:0,(anonymous_0)
FNDA:0,(anonymous_1)
FNDA:0,(anonymous_2)
FNDA:0,(anonymous_3)
FNDA:0,(anonymous_4)
FNDA:0,(anonymous_5)
FNDA:0,(anonymous_6)
FNDA:0,(anonymous_7)
FNDA:0,(anonymous_8)
FNDA:0,(anonymous_9)
FNDA:0,(anonymous_10)
FNDA:0,(anonymous_11)
FNDA:0,(anonymous_12)
FNDA:0,(anonymous_13)
FNDA:0,(anonymous_14)
FNDA:0,(anonymous_15)
FNDA:0,(anonymous_16)
FNDA:0,(anonymous_17)
FNDA:0,(anonymous_18)
FNDA:0,(anonymous_19)
FNDA:0,(anonymous_20)
FNDA:0,(anonymous_21)
FNDA:0,(anonymous_22)
FNDA:0,(anonymous_23)
FNDA:0,(anonymous_24)
FNDA:0,(anonymous_25)
FNDA:0,(anonymous_26)
FNDA:0,(anonymous_27)
FNDA:0,(anonymous_28)
FNDA:0,(anonymous_29)
FNDA:0,(anonymous_30)
FNDA:0,(anonymous_31)
FNDA:0,(anonymous_32)
FNDA:0,(anonymous_33)
FNDA:0,(anonymous_34)
FNDA:0,(anonymous_35)
FNDA:0,(anonymous_36)
DA:1,0
DA:2,0
DA:3,0
DA:4,0
DA:107,0
DA:115,0
DA:116,0
DA:117,0
DA:118,0
DA:122,0
DA:123,0
DA:125,0
DA:129,0
DA:132,0
DA:146,0
DA:159,0
DA:172,0
DA:185,0
DA:198,0
DA:214,0
DA:216,0
DA:219,0
DA:228,0
DA:229,0
DA:230,0
DA:242,0
DA:243,0
DA:244,0
DA:256,0
DA:257,0
DA:258,0
DA:270,0
DA:271,0
DA:272,0
DA:284,0
DA:285,0
DA:286,0
DA:298,0
DA:299,0
DA:300,0
DA:301,0
DA:305,0
DA:307,0
DA:312,0
DA:317,0
DA:322,0
DA:327,0
DA:335,0
DA:343,0
DA:344,0
DA:347,0
DA:348,0
DA:365,0
DA:370,0
DA:375,0
DA:380,0
DA:385,0
DA:390,0
DA:395,0
DA:400,0
DA:405,0
DA:410,0
DA:415,0
DA:420,0
DA:425,0
DA:430,0
DA:435,0
DA:440,0
DA:445,0
DA:450,0
DA:455,0
DA:460,0
DA:464,0
DA:467,0
DA:475,0
DA:482,0
DA:489,0
LF:77
LH:0
BRDA:122,0,0,0
BRDA:229,1,0,0
BRDA:229,2,0,0
BRDA:229,2,1,0
BRDA:243,3,0,0
BRDA:257,4,0,0
BRDA:257,5,0,0
BRDA:257,5,1,0
BRDA:271,6,0,0
BRDA:271,7,0,0
BRDA:271,7,1,0
BRDA:285,8,0,0
BRDA:285,9,0,0
BRDA:285,9,1,0
BRDA:347,10,0,0
BRF:15
BRH:0
end_of_record
TN:
SF:src/services/AITestAutomation.ts
FN:65,(anonymous_0)
FN:70,(anonymous_1)
FN:77,(anonymous_2)
FN:102,(anonymous_3)
FN:130,(anonymous_4)
FN:135,(anonymous_5)
FN:148,(anonymous_6)
FN:154,(anonymous_7)
FN:159,(anonymous_8)
FN:175,(anonymous_9)
FN:203,(anonymous_10)
FN:204,(anonymous_11)
FN:208,(anonymous_12)
FN:227,(anonymous_13)
FN:229,(anonymous_14)
FN:246,(anonymous_15)
FN:248,(anonymous_16)
FN:262,(anonymous_17)
FN:265,(anonymous_18)
FN:272,(anonymous_19)
FN:279,(anonymous_20)
FN:286,(anonymous_21)
FN:295,(anonymous_22)
FN:299,(anonymous_23)
FN:306,(anonymous_24)
FN:315,(anonymous_25)
FN:322,(anonymous_26)
FN:336,(anonymous_27)
FN:340,(anonymous_28)
FN:344,(anonymous_29)
FN:349,(anonymous_30)
FN:354,(anonymous_31)
FN:359,(anonymous_32)
FN:364,(anonymous_33)
FN:368,(anonymous_34)
FN:372,(anonymous_35)
FN:376,(anonymous_36)
FNF:37
FNH:0
FNDA:0,(anonymous_0)
FNDA:0,(anonymous_1)
FNDA:0,(anonymous_2)
FNDA:0,(anonymous_3)
FNDA:0,(anonymous_4)
FNDA:0,(anonymous_5)
FNDA:0,(anonymous_6)
FNDA:0,(anonymous_7)
FNDA:0,(anonymous_8)
FNDA:0,(anonymous_9)
FNDA:0,(anonymous_10)
FNDA:0,(anonymous_11)
FNDA:0,(anonymous_12)
FNDA:0,(anonymous_13)
FNDA:0,(anonymous_14)
FNDA:0,(anonymous_15)
FNDA:0,(anonymous_16)
FNDA:0,(anonymous_17)
FNDA:0,(anonymous_18)
FNDA:0,(anonymous_19)
FNDA:0,(anonymous_20)
FNDA:0,(anonymous_21)
FNDA:0,(anonymous_22)
FNDA:0,(anonymous_23)
FNDA:0,(anonymous_24)
FNDA:0,(anonymous_25)
FNDA:0,(anonymous_26)
FNDA:0,(anonymous_27)
FNDA:0,(anonymous_28)
FNDA:0,(anonymous_29)
FNDA:0,(anonymous_30)
FNDA:0,(anonymous_31)
FNDA:0,(anonymous_32)
FNDA:0,(anonymous_33)
FNDA:0,(anonymous_34)
FNDA:0,(anonymous_35)
FNDA:0,(anonymous_36)
DA:1,0
DA:2,0
DA:60,0
DA:66,0
DA:67,0
DA:71,0
DA:72,0
DA:74,0
DA:78,0
DA:79,0
DA:81,0
DA:82,0
DA:83,0
DA:84,0
DA:85,0
DA:87,0
DA:88,0
DA:89,0
DA:93,0
DA:94,0
DA:96,0
DA:99,0
DA:103,0
DA:104,0
DA:105,0
DA:106,0
DA:108,0
DA:109,0
DA:110,0
DA:111,0
DA:113,0
DA:120,0
DA:121,0
DA:132,0
DA:136,0
DA:154,0
DA:155,0
DA:159,0
DA:160,0
DA:164,0
DA:166,0
DA:170,0
DA:174,0
DA:176,0
DA:181,0
DA:185,0
DA:189,0
DA:191,0
DA:204,0
DA:205,0
DA:209,0
DA:210,0
DA:212,0
DA:213,0
DA:215,0
DA:216,0
DA:218,0
DA:219,0
DA:221,0
DA:222,0
DA:228,0
DA:229,0
DA:230,0
DA:232,0
DA:233,0
DA:235,0
DA:247,0
DA:248,0
DA:261,0
DA:262,0
DA:269,0
DA:272,0
DA:273,0
DA:274,0
DA:275,0
DA:279,0
DA:280,0
DA:281,0
DA:285,0
DA:286,0
DA:288,0
DA:289,0
DA:292,0
DA:296,0
DA:299,0
DA:300,0
DA:301,0
DA:302,0
DA:306,0
DA:307,0
DA:308,0
DA:312,0
DA:316,0
DA:317,0
DA:318,0
DA:319,0
DA:323,0
DA:337,0
DA:341,0
DA:346,0
DA:351,0
DA:356,0
DA:361,0
LF:103
LH:0
BRDA:71,0,0,0
BRDA:87,1,0,0
BRDA:87,2,0,0
BRDA:87,2,1,0
BRDA:166,3,0,0
BRDA:166,3,1,0
BRDA:166,3,2,0
BRDA:166,3,3,0
BRDA:170,4,0,0
BRDA:170,4,1,0
BRDA:174,5,0,0
BRDA:174,5,1,0
BRDA:181,6,0,0
BRDA:181,6,1,0
BRDA:185,7,0,0
BRDA:185,7,1,0
BRDA:189,8,0,0
BRDA:189,8,1,0
BRDA:192,9,0,0
BRDA:192,9,1,0
BRDA:192,9,2,0
BRDA:192,9,3,0
BRDA:192,9,4,0
BRDA:192,9,5,0
BRDA:192,9,6,0
BRDA:192,9,7,0
BRDA:210,10,0,0
BRDA:210,10,1,0
BRDA:210,10,2,0
BRDA:210,10,3,0
BRDA:273,11,0,0
BRDA:280,12,0,0
BRDA:288,13,0,0
BRDA:300,14,0,0
BRDA:300,14,1,0
BRDA:301,15,0,0
BRDA:301,15,1,0
BRDA:307,16,0,0
BRDA:316,17,0,0
BRDA:317,18,0,0
BRDA:318,19,0,0
BRF:41
BRH:0
end_of_record
TN:
SF:src/services/AITestSuite.ts
FN:70,(anonymous_0)
FN:77,(anonymous_1)
FN:92,(anonymous_2)
FN:108,(anonymous_3)
FN:118,(anonymous_4)
FN:128,(anonymous_5)
FN:134,(anonymous_6)
FN:148,(anonymous_7)
FN:159,(anonymous_8)
FN:197,(anonymous_9)
FN:199,(anonymous_10)
FN:217,(anonymous_11)
FN:229,(anonymous_12)
FN:230,(anonymous_13)
FN:234,(anonymous_14)
FN:244,(anonymous_15)
FN:245,(anonymous_16)
FN:254,(anonymous_17)
FN:255,(anonymous_18)
FN:263,(anonymous_19)
FN:268,(anonymous_20)
FN:304,(anonymous_21)
FN:309,(anonymous_22)
FN:310,(anonymous_23)
FN:315,(anonymous_24)
FN:325,(anonymous_25)
FN:334,(anonymous_26)
FN:335,(anonymous_27)
FN:338,(anonymous_28)
FN:339,(anonymous_29)
FN:342,(anonymous_30)
FN:343,(anonymous_31)
FN:346,(anonymous_32)
FN:360,(anonymous_33)
FN:364,(anonymous_34)
FN:368,(anonymous_35)
FN:372,(anonymous_36)
FN:376,(anonymous_37)
FN:380,(anonymous_38)
FNF:39
FNH:0
FNDA:0,(anonymous_0)
FNDA:0,(anonymous_1)
FNDA:0,(anonymous_2)
FNDA:0,(anonymous_3)
FNDA:0,(anonymous_4)
FNDA:0,(anonymous_5)
FNDA:0,(anonymous_6)
FNDA:0,(anonymous_7)
FNDA:0,(anonymous_8)
FNDA:0,(anonymous_9)
FNDA:0,(anonymous_10)
FNDA:0,(anonymous_11)
FNDA:0,(anonymous_12)
FNDA:0,(anonymous_13)
FNDA:0,(anonymous_14)
FNDA:0,(anonymous_15)
FNDA:0,(anonymous_16)
FNDA:0,(anonymous_17)
FNDA:0,(anonymous_18)
FNDA:0,(anonymous_19)
FNDA:0,(anonymous_20)
FNDA:0,(anonymous_21)
FNDA:0,(anonymous_22)
FNDA:0,(anonymous_23)
FNDA:0,(anonymous_24)
FNDA:0,(anonymous_25)
FNDA:0,(anonymous_26)
FNDA:0,(anonymous_27)
FNDA:0,(anonymous_28)
FNDA:0,(anonymous_29)
FNDA:0,(anonymous_30)
FNDA:0,(anonymous_31)
FNDA:0,(anonymous_32)
FNDA:0,(anonymous_33)
FNDA:0,(anonymous_34)
FNDA:0,(anonymous_35)
FNDA:0,(anonymous_36)
FNDA:0,(anonymous_37)
FNDA:0,(anonymous_38)
DA:1,0
DA:2,0
DA:64,0
DA:71,0
DA:72,0
DA:73,0
DA:74,0
DA:78,0
DA:93,0
DA:94,0
DA:96,0
DA:97,0
DA:98,0
DA:99,0
DA:100,0
DA:101,0
DA:103,0
DA:104,0
DA:109,0
DA:111,0
DA:113,0
DA:115,0
DA:119,0
DA:121,0
DA:123,0
DA:125,0
DA:129,0
DA:130,0
DA:132,0
DA:133,0
DA:134,0
DA:136,0
DA:139,0
DA:140,0
DA:141,0
DA:145,0
DA:149,0
DA:150,0
DA:152,0
DA:153,0
DA:156,0
DA:160,0
DA:161,0
DA:163,0
DA:164,0
DA:165,0
DA:166,0
DA:167,0
DA:170,0
DA:171,0
DA:172,0
DA:173,0
DA:176,0
DA:177,0
DA:178,0
DA:179,0
DA:189,0
DA:198,0
DA:199,0
DA:200,0
DA:203,0
DA:204,0
DA:205,0
DA:208,0
DA:210,0
DA:212,0
DA:213,0
DA:218,0
DA:219,0
DA:220,0
DA:221,0
DA:222,0
DA:224,0
DA:230,0
DA:231,0
DA:235,0
DA:236,0
DA:237,0
DA:239,0
DA:244,0
DA:245,0
DA:255,0
DA:256,0
DA:258,0
DA:263,0
DA:272,0
DA:275,0
DA:276,0
DA:280,0
DA:281,0
DA:285,0
DA:286,0
DA:287,0
DA:288,0
DA:289,0
DA:293,0
DA:294,0
DA:298,0
DA:299,0
DA:301,0
DA:305,0
DA:306,0
DA:308,0
DA:309,0
DA:311,0
DA:312,0
DA:315,0
DA:316,0
DA:317,0
DA:318,0
DA:322,0
DA:326,0
DA:327,0
DA:328,0
DA:329,0
DA:330,0
DA:335,0
DA:339,0
DA:343,0
DA:347,0
LF:120
LH:0
BRDA:139,0,0,0
BRDA:166,1,0,0
BRDA:171,2,0,0
BRDA:178,3,0,0
BRDA:221,4,0,0
BRDA:275,5,0,0
BRDA:280,6,0,0
BRDA:286,7,0,0
BRDA:286,7,1,0
BRDA:288,8,0,0
BRDA:293,9,0,0
BRDA:312,10,0,0
BRDA:312,10,1,0
BRDA:317,11,0,0
BRDA:326,12,0,0
BRDA:327,13,0,0
BRDA:328,14,0,0
BRDA:329,15,0,0
BRDA:339,16,0,0
BRDA:339,16,1,0
BRF:20
BRH:0
end_of_record
TN:
SF:src/services/APIUsageService.ts
FN:27,(anonymous_6)
FN:31,(anonymous_7)
FN:38,(anonymous_8)
FN:85,(anonymous_9)
FN:100,(anonymous_10)
FN:118,(anonymous_11)
FN:127,(anonymous_12)
FN:131,(anonymous_13)
FN:132,(anonymous_14)
FN:135,(anonymous_15)
FN:162,(anonymous_16)
FN:164,(anonymous_17)
FN:174,(anonymous_18)
FNF:13
FNH:0
FNDA:0,(anonymous_6)
FNDA:0,(anonymous_7)
FNDA:0,(anonymous_8)
FNDA:0,(anonymous_9)
FNDA:0,(anonymous_10)
FNDA:0,(anonymous_11)
FNDA:0,(anonymous_12)
FNDA:0,(anonymous_13)
FNDA:0,(anonymous_14)
FNDA:0,(anonymous_15)
FNDA:0,(anonymous_16)
FNDA:0,(anonymous_17)
FNDA:0,(anonymous_18)
DA:2,0
DA:3,0
DA:17,0
DA:21,0
DA:28,0
DA:32,0
DA:33,0
DA:35,0
DA:45,0
DA:46,0
DA:48,0
DA:51,0
DA:53,0
DA:67,0
DA:69,0
DA:82,0
DA:86,0
DA:87,0
DA:89,0
DA:94,0
DA:95,0
DA:97,0
DA:105,0
DA:106,0
DA:108,0
DA:114,0
DA:115,0
DA:123,0
DA:124,0
DA:128,0
DA:132,0
DA:136,0
DA:153,0
DA:160,0
DA:162,0
DA:163,0
DA:164,0
DA:165,0
DA:166,0
DA:174,0
DA:175,0
DA:176,0
DA:177,0
DA:179,0
DA:180,0
DA:181,0
DA:183,0
DA:184,0
DA:192,0
DA:193,0
DA:194,0
DA:195,0
DA:196,0
DA:203,0
LF:54
LH:0
BRDA:32,0,0,0
BRDA:94,1,0,0
BRDA:94,1,1,0
BRDA:94,2,0,0
BRDA:94,2,1,0
BRDA:95,3,0,0
BRDA:95,3,1,0
BRDA:95,4,0,0
BRDA:95,4,1,0
BRDA:97,5,0,0
BRDA:97,5,1,0
BRDA:112,6,0,0
BRDA:112,6,1,0
BRDA:115,7,0,0
BRDA:115,7,1,0
BRDA:115,8,0,0
BRDA:115,8,1,0
BRDA:115,9,0,0
BRDA:115,9,1,0
BRDA:131,10,0,0
BRDA:132,11,0,0
BRDA:132,11,1,0
BRDA:165,12,0,0
BRDA:183,13,0,0
BRF:24
BRH:0
end_of_record
TN:
SF:src/services/AnalyticsService.ts
FN:21,(anonymous_0)
FN:28,(anonymous_1)
FN:35,(anonymous_2)
FN:53,(anonymous_3)
FN:57,(anonymous_4)
FN:67,(anonymous_5)
FN:105,(anonymous_6)
FN:122,(anonymous_7)
FN:135,(anonymous_8)
FN:157,(anonymous_9)
FN:181,(anonymous_10)
FN:203,(anonymous_11)
FN:221,(anonymous_12)
FN:237,(anonymous_13)
FN:253,(anonymous_14)
FN:271,(anonymous_15)
FN:287,(anonymous_16)
FN:303,(anonymous_17)
FN:321,(anonymous_18)
FN:337,(anonymous_19)
FN:342,(anonymous_20)
FN:347,(anonymous_21)
FN:352,(anonymous_22)
FNF:23
FNH:0
FNDA:0,(anonymous_0)
FNDA:0,(anonymous_1)
FNDA:0,(anonymous_2)
FNDA:0,(anonymous_3)
FNDA:0,(anonymous_4)
FNDA:0,(anonymous_5)
FNDA:0,(anonymous_6)
FNDA:0,(anonymous_7)
FNDA:0,(anonymous_8)
FNDA:0,(anonymous_9)
FNDA:0,(anonymous_10)
FNDA:0,(anonymous_11)
FNDA:0,(anonymous_12)
FNDA:0,(anonymous_13)
FNDA:0,(anonymous_14)
FNDA:0,(anonymous_15)
FNDA:0,(anonymous_16)
FNDA:0,(anonymous_17)
FNDA:0,(anonymous_18)
FNDA:0,(anonymous_19)
FNDA:0,(anonymous_20)
FNDA:0,(anonymous_21)
FNDA:0,(anonymous_22)
DA:1,0
DA:2,0
DA:3,0
DA:13,0
DA:15,0
DA:22,0
DA:23,0
DA:24,0
DA:25,0
DA:29,0
DA:30,0
DA:32,0
DA:36,0
DA:38,0
DA:40,0
DA:41,0
DA:44,0
DA:46,0
DA:48,0
DA:49,0
DA:54,0
DA:58,0
DA:59,0
DA:72,0
DA:74,0
DA:85,0
DA:99,0
DA:107,0
DA:110,0
DA:111,0
DA:123,0
DA:124,0
DA:130,0
DA:131,0
DA:136,0
DA:137,0
DA:140,0
DA:143,0
DA:144,0
DA:145,0
DA:146,0
DA:149,0
DA:151,0
DA:152,0
DA:153,0
DA:158,0
DA:162,0
DA:163,0
DA:165,0
DA:177,0
DA:178,0
DA:182,0
DA:183,0
DA:184,0
DA:185,0
DA:186,0
DA:187,0
DA:189,0
DA:197,0
DA:198,0
DA:199,0
DA:204,0
DA:205,0
DA:206,0
DA:207,0
DA:209,0
DA:215,0
DA:216,0
DA:217,0
DA:222,0
DA:223,0
DA:224,0
DA:226,0
DA:231,0
DA:232,0
DA:233,0
DA:238,0
DA:239,0
DA:240,0
DA:242,0
DA:247,0
DA:248,0
DA:249,0
DA:254,0
DA:255,0
DA:256,0
DA:257,0
DA:259,0
DA:265,0
DA:266,0
DA:267,0
DA:272,0
DA:273,0
DA:274,0
DA:276,0
DA:281,0
DA:282,0
DA:283,0
DA:288,0
DA:289,0
DA:290,0
DA:292,0
DA:297,0
DA:298,0
DA:299,0
DA:304,0
DA:305,0
DA:306,0
DA:307,0
DA:309,0
DA:315,0
DA:316,0
DA:317,0
DA:322,0
DA:323,0
DA:324,0
DA:326,0
DA:331,0
DA:332,0
DA:333,0
DA:339,0
DA:344,0
DA:349,0
DA:354,0
DA:358,0
LF:125
LH:0
BRDA:29,0,0,0
BRDA:36,1,0,0
BRDA:44,2,0,0
BRDA:44,2,1,0
BRDA:57,3,0,0
BRDA:70,4,0,0
BRDA:93,5,0,0
BRDA:93,5,1,0
BRDA:100,6,0,0
BRDA:100,6,1,0
BRDA:105,7,0,0
BRDA:124,8,0,0
BRDA:124,8,1,0
BRDA:159,9,0,0
BRDA:159,9,1,0
BRDA:163,10,0,0
BRDA:166,11,0,0
BRDA:166,11,1,0
BRDA:178,12,0,0
BRDA:178,12,1,0
BRF:20
BRH:0
end_of_record
TN:
SF:src/services/BetaTestingService.ts
FN:58,(anonymous_0)
FN:60,(anonymous_1)
FN:67,(anonymous_2)
FN:106,(anonymous_3)
FN:133,(anonymous_4)
FN:164,(anonymous_5)
FN:208,(anonymous_6)
FN:223,(anonymous_7)
FN:230,(anonymous_8)
FN:234,(anonymous_9)
FN:236,(anonymous_10)
FN:243,(anonymous_11)
FN:246,(anonymous_12)
FN:247,(anonymous_13)
FN:253,(anonymous_14)
FN:254,(anonymous_15)
FNF:16
FNH:0
FNDA:0,(anonymous_0)
FNDA:0,(anonymous_1)
FNDA:0,(anonymous_2)
FNDA:0,(anonymous_3)
FNDA:0,(anonymous_4)
FNDA:0,(anonymous_5)
FNDA:0,(anonymous_6)
FNDA:0,(anonymous_7)
FNDA:0,(anonymous_8)
FNDA:0,(anonymous_9)
FNDA:0,(anonymous_10)
FNDA:0,(anonymous_11)
FNDA:0,(anonymous_12)
FNDA:0,(anonymous_13)
FNDA:0,(anonymous_14)
FNDA:0,(anonymous_15)
DA:1,0
DA:3,0
DA:4,0
DA:6,0
DA:7,0
DA:8,0
DA:51,0
DA:53,0
DA:54,0
DA:55,0
DA:56,0
DA:61,0
DA:62,0
DA:64,0
DA:68,0
DA:70,0
DA:93,0
DA:95,0
DA:97,0
DA:103,0
DA:107,0
DA:130,0
DA:137,0
DA:143,0
DA:144,0
DA:147,0
DA:148,0
DA:155,0
DA:161,0
DA:168,0
DA:170,0
DA:178,0
DA:185,0
DA:195,0
DA:196,0
DA:205,0
DA:209,0
DA:229,0
DA:230,0
DA:232,0
DA:234,0
DA:236,0
DA:240,0
DA:244,0
DA:246,0
DA:247,0
DA:248,0
DA:252,0
DA:253,0
DA:254,0
LF:50
LH:0
BRDA:61,0,0,0
BRDA:143,1,0,0
BRDA:195,2,0,0
BRDA:195,3,0,0
BRDA:195,3,1,0
BRDA:213,4,0,0
BRDA:213,4,1,0
BRDA:214,5,0,0
BRDA:214,5,1,0
BRDA:248,6,0,0
BRDA:248,6,1,0
BRF:11
BRH:0
end_of_record
TN:
SF:src/services/BlockingService.ts
FN:14,(anonymous_0)
FN:19,(anonymous_1)
FN:26,(anonymous_2)
FN:63,(anonymous_3)
FN:83,(anonymous_4)
FN:94,(anonymous_5)
FN:102,(anonymous_6)
FN:111,(anonymous_7)
FN:114,(anonymous_8)
FN:122,(anonymous_9)
FN:131,(anonymous_10)
FN:134,(anonymous_11)
FN:143,(anonymous_12)
FN:150,(anonymous_13)
FN:151,(anonymous_14)
FN:158,(anonymous_15)
FN:159,(anonymous_16)
FN:164,(anonymous_17)
FN:168,(anonymous_18)
FNF:19
FNH:0
FNDA:0,(anonymous_0)
FNDA:0,(anonymous_1)
FNDA:0,(anonymous_2)
FNDA:0,(anonymous_3)
FNDA:0,(anonymous_4)
FNDA:0,(anonymous_5)
FNDA:0,(anonymous_6)
FNDA:0,(anonymous_7)
FNDA:0,(anonymous_8)
FNDA:0,(anonymous_9)
FNDA:0,(anonymous_10)
FNDA:0,(anonymous_11)
FNDA:0,(anonymous_12)
FNDA:0,(anonymous_13)
FNDA:0,(anonymous_14)
FNDA:0,(anonymous_15)
FNDA:0,(anonymous_16)
FNDA:0,(anonymous_17)
FNDA:0,(anonymous_18)
DA:2,0
DA:7,0
DA:9,0
DA:15,0
DA:16,0
DA:20,0
DA:21,0
DA:23,0
DA:33,0
DA:38,0
DA:39,0
DA:42,0
DA:52,0
DA:55,0
DA:58,0
DA:59,0
DA:64,0
DA:71,0
DA:72,0
DA:73,0
DA:76,0
DA:77,0
DA:84,0
DA:90,0
DA:91,0
DA:95,0
DA:101,0
DA:102,0
DA:104,0
DA:105,0
DA:108,0
DA:110,0
DA:111,0
DA:115,0
DA:121,0
DA:122,0
DA:124,0
DA:125,0
DA:128,0
DA:130,0
DA:131,0
DA:135,0
DA:140,0
DA:144,0
DA:151,0
DA:159,0
DA:165,0
DA:167,0
DA:168,0
DA:170,0
DA:171,0
LF:51
LH:0
BRDA:20,0,0,0
BRDA:38,1,0,0
BRDA:38,2,0,0
BRDA:38,2,1,0
BRDA:58,3,0,0
BRDA:72,4,0,0
BRDA:104,5,0,0
BRDA:124,6,0,0
BRDA:140,7,0,0
BRDA:140,7,1,0
BRF:10
BRH:0
end_of_record
TN:
SF:src/services/ContentGenerationService.ts
FN:12,(anonymous_6)
FN:16,(anonymous_7)
FN:23,(anonymous_8)
FN:40,(anonymous_9)
FN:63,(anonymous_10)
FN:82,(anonymous_11)
FN:86,(anonymous_12)
FN:99,(anonymous_13)
FN:116,(anonymous_14)
FN:135,(anonymous_15)
FN:139,(anonymous_16)
FN:161,(anonymous_17)
FN:179,(anonymous_18)
FN:189,(anonymous_19)
FNF:14
FNH:0
FNDA:0,(anonymous_6)
FNDA:0,(anonymous_7)
FNDA:0,(anonymous_8)
FNDA:0,(anonymous_9)
FNDA:0,(anonymous_10)
FNDA:0,(anonymous_11)
FNDA:0,(anonymous_12)
FNDA:0,(anonymous_13)
FNDA:0,(anonymous_14)
FNDA:0,(anonymous_15)
FNDA:0,(anonymous_16)
FNDA:0,(anonymous_17)
FNDA:0,(anonymous_18)
FNDA:0,(anonymous_19)
DA:1,0
DA:2,0
DA:3,0
DA:4,0
DA:6,0
DA:8,0
DA:9,0
DA:10,0
DA:13,0
DA:17,0
DA:18,0
DA:20,0
DA:24,0
DA:26,0
DA:27,0
DA:30,0
DA:31,0
DA:34,0
DA:35,0
DA:41,0
DA:43,0
DA:60,0
DA:64,0
DA:66,0
DA:82,0
DA:87,0
DA:89,0
DA:96,0
DA:100,0
DA:102,0
DA:112,0
DA:117,0
DA:119,0
DA:135,0
DA:140,0
DA:142,0
DA:157,0
DA:162,0
DA:164,0
DA:165,0
DA:166,0
DA:167,0
DA:169,0
DA:170,0
DA:171,0
DA:173,0
DA:176,0
DA:180,0
DA:181,0
DA:182,0
DA:184,0
DA:185,0
DA:190,0
DA:191,0
DA:193,0
DA:194,0
DA:195,0
DA:197,0
DA:199,0
DA:201,0
DA:203,0
DA:205,0
DA:207,0
DA:209,0
DA:210,0
LF:65
LH:0
BRDA:17,0,0,0
BRDA:26,1,0,0
BRDA:30,2,0,0
BRDA:34,3,0,0
BRDA:41,4,0,0
BRDA:49,5,0,0
BRDA:49,5,1,0
BRDA:60,6,0,0
BRDA:60,6,1,0
BRDA:64,7,0,0
BRDA:82,8,0,0
BRDA:82,8,1,0
BRDA:87,9,0,0
BRDA:91,10,0,0
BRDA:91,10,1,0
BRDA:96,11,0,0
BRDA:96,11,1,0
BRDA:100,12,0,0
BRDA:117,13,0,0
BRDA:135,14,0,0
BRDA:135,14,1,0
BRDA:140,15,0,0
BRDA:157,16,0,0
BRDA:157,16,1,0
BRDA:169,17,0,0
BRDA:170,18,0,0
BRDA:171,19,0,0
BRDA:191,20,0,0
BRDA:191,20,1,0
BRDA:191,20,2,0
BRDA:191,20,3,0
BRDA:193,21,0,0
BRDA:197,22,0,0
BRDA:201,23,0,0
BRF:34
BRH:0
end_of_record
TN:
SF:src/services/ContentTemplateService.ts
FN:26,(anonymous_0)
FN:30,(anonymous_1)
FN:37,(anonymous_2)
FN:47,(anonymous_3)
FN:52,(anonymous_4)
FN:62,(anonymous_5)
FN:66,(anonymous_6)
FN:112,(anonymous_7)
FN:118,(anonymous_8)
FN:125,(anonymous_9)
FN:148,(anonymous_10)
FN:156,(anonymous_11)
FN:163,(anonymous_12)
FN:171,(anonymous_13)
FN:175,(anonymous_14)
FN:189,(anonymous_15)
FN:195,(anonymous_16)
FN:206,(anonymous_17)
FN:210,(anonymous_18)
FN:221,(anonymous_19)
FN:227,(anonymous_20)
FN:231,(anonymous_21)
FN:239,(anonymous_22)
FN:241,(anonymous_23)
FN:244,(anonymous_24)
FN:251,(anonymous_25)
FN:261,(anonymous_26)
FN:268,(anonymous_27)
FN:271,(anonymous_28)
FNF:29
FNH:0
FNDA:0,(anonymous_0)
FNDA:0,(anonymous_1)
FNDA:0,(anonymous_2)
FNDA:0,(anonymous_3)
FNDA:0,(anonymous_4)
FNDA:0,(anonymous_5)
FNDA:0,(anonymous_6)
FNDA:0,(anonymous_7)
FNDA:0,(anonymous_8)
FNDA:0,(anonymous_9)
FNDA:0,(anonymous_10)
FNDA:0,(anonymous_11)
FNDA:0,(anonymous_12)
FNDA:0,(anonymous_13)
FNDA:0,(anonymous_14)
FNDA:0,(anonymous_15)
FNDA:0,(anonymous_16)
FNDA:0,(anonymous_17)
FNDA:0,(anonymous_18)
FNDA:0,(anonymous_19)
FNDA:0,(anonymous_20)
FNDA:0,(anonymous_21)
FNDA:0,(anonymous_22)
FNDA:0,(anonymous_23)
FNDA:0,(anonymous_24)
FNDA:0,(anonymous_25)
FNDA:0,(anonymous_26)
FNDA:0,(anonymous_27)
FNDA:0,(anonymous_28)
DA:1,0
DA:2,0
DA:22,0
DA:27,0
DA:31,0
DA:32,0
DA:34,0
DA:38,0
DA:39,0
DA:44,0
DA:48,0
DA:49,0
DA:53,0
DA:63,0
DA:77,0
DA:79,0
DA:80,0
DA:83,0
DA:84,0
DA:87,0
DA:88,0
DA:91,0
DA:92,0
DA:95,0
DA:96,0
DA:99,0
DA:100,0
DA:103,0
DA:104,0
DA:107,0
DA:108,0
DA:111,0
DA:112,0
DA:119,0
DA:120,0
DA:126,0
DA:127,0
DA:130,0
DA:131,0
DA:132,0
DA:134,0
DA:135,0
DA:138,0
DA:139,0
DA:140,0
DA:142,0
DA:151,0
DA:156,0
DA:161,0
DA:163,0
DA:164,0
DA:171,0
DA:179,0
DA:184,0
DA:185,0
DA:188,0
DA:189,0
DA:197,0
DA:205,0
DA:206,0
DA:207,0
DA:208,0
DA:209,0
DA:210,0
DA:214,0
DA:221,0
DA:227,0
DA:228,0
DA:229,0
DA:230,0
DA:231,0
DA:232,0
DA:234,0
DA:238,0
DA:239,0
DA:241,0
DA:245,0
DA:250,0
DA:251,0
DA:252,0
DA:253,0
DA:254,0
DA:258,0
DA:262,0
DA:267,0
DA:268,0
DA:269,0
DA:270,0
DA:271,0
DA:275,0
LF:90
LH:0
BRDA:31,0,0,0
BRDA:49,1,0,0
BRDA:49,1,1,0
BRDA:79,2,0,0
BRDA:83,3,0,0
BRDA:87,4,0,0
BRDA:91,5,0,0
BRDA:95,6,0,0
BRDA:99,7,0,0
BRDA:99,8,0,0
BRDA:99,8,1,0
BRDA:103,9,0,0
BRDA:104,10,0,0
BRDA:104,10,1,0
BRDA:107,11,0,0
BRDA:126,12,0,0
BRDA:126,13,0,0
BRDA:126,13,1,0
BRDA:134,14,0,0
BRDA:138,15,0,0
BRDA:138,15,1,0
BRDA:139,16,0,0
BRDA:139,16,1,0
BRDA:177,17,0,0
BRDA:184,18,0,0
BRDA:195,19,0,0
BRDA:208,20,0,0
BRDA:209,21,0,0
BRDA:210,22,0,0
BRDA:229,23,0,0
BRDA:230,24,0,0
BRDA:232,25,0,0
BRDA:253,26,0,0
BRDA:270,27,0,0
BRF:34
BRH:0
end_of_record
TN:
SF:src/services/DatabaseMonitoringService.js
FN:7,(anonymous_0)
FN:11,(anonymous_1)
FN:18,(anonymous_2)
FN:20,(anonymous_3)
FN:27,(anonymous_4)
FN:35,(anonymous_5)
FN:46,(anonymous_6)
FN:75,(anonymous_7)
FN:99,(anonymous_8)
FN:146,(anonymous_9)
FN:160,(anonymous_10)
FNF:11
FNH:0
FNDA:0,(anonymous_0)
FNDA:0,(anonymous_1)
FNDA:0,(anonymous_2)
FNDA:0,(anonymous_3)
FNDA:0,(anonymous_4)
FNDA:0,(anonymous_5)
FNDA:0,(anonymous_6)
FNDA:0,(anonymous_7)
FNDA:0,(anonymous_8)
FNDA:0,(anonymous_9)
FNDA:0,(anonymous_10)
DA:8,0
DA:12,0
DA:13,0
DA:15,0
DA:20,0
DA:23,0
DA:24,0
DA:28,0
DA:29,0
DA:30,0
DA:32,0
DA:36,0
DA:37,0
DA:38,0
DA:39,0
DA:41,0
DA:42,0
DA:49,0
DA:57,0
DA:78,0
DA:86,0
DA:100,0
DA:118,0
DA:119,0
DA:147,0
DA:148,0
DA:155,0
DA:156,0
DA:161,0
DA:162,0
DA:175,0
LF:31
LH:0
BRDA:12,0,0,0
BRDA:12,0,1,0
BRDA:28,1,0,0
BRDA:28,1,1,0
BRDA:139,2,0,0
BRDA:139,2,1,0
BRDA:140,3,0,0
BRDA:140,3,1,0
BRDA:146,4,0,0
BRDA:160,5,0,0
BRDA:160,6,0,0
BRF:11
BRH:0
end_of_record
TN:
SF:src/services/EmailService.ts
FN:14,(anonymous_1)
FN:19,(anonymous_2)
FN:26,(anonymous_3)
FN:57,(anonymous_4)
FN:106,(anonymous_5)
FN:158,(anonymous_6)
FN:176,(anonymous_7)
FNF:7
FNH:0
FNDA:0,(anonymous_1)
FNDA:0,(anonymous_2)
FNDA:0,(anonymous_3)
FNDA:0,(anonymous_4)
FNDA:0,(anonymous_5)
FNDA:0,(anonymous_6)
FNDA:0,(anonymous_7)
DA:1,0
DA:3,0
DA:10,0
DA:15,0
DA:16,0
DA:20,0
DA:21,0
DA:23,0
DA:27,0
DA:28,0
DA:42,0
DA:47,0
DA:48,0
DA:53,0
DA:70,0
DA:71,0
DA:90,0
DA:96,0
DA:97,0
DA:102,0
DA:123,0
DA:124,0
DA:142,0
DA:148,0
DA:149,0
DA:154,0
DA:175,0
DA:176,0
DA:189,0
DA:198,0
DA:204,0
DA:205,0
DA:210,0
LF:33
LH:0
BRDA:20,0,0,0
BRDA:86,1,0,0
BRDA:86,1,1,0
BRF:3
BRH:0
end_of_record
TN:
SF:src/services/EnhancedAnalyticsService.ts
FN:126,(anonymous_0)
FN:131,(anonymous_1)
FN:138,(anonymous_2)
FN:157,(anonymous_3)
FN:183,(anonymous_4)
FN:189,(anonymous_5)
FN:199,(anonymous_6)
FN:205,(anonymous_7)
FN:215,(anonymous_8)
FN:221,(anonymous_9)
FN:231,(anonymous_10)
FN:237,(anonymous_11)
FN:247,(anonymous_12)
FN:253,(anonymous_13)
FN:264,(anonymous_14)
FN:269,(anonymous_15)
FN:274,(anonymous_16)
FN:279,(anonymous_17)
FN:284,(anonymous_18)
FN:289,(anonymous_19)
FN:294,(anonymous_20)
FN:299,(anonymous_21)
FN:304,(anonymous_22)
FNF:23
FNH:0
FNDA:0,(anonymous_0)
FNDA:0,(anonymous_1)
FNDA:0,(anonymous_2)
FNDA:0,(anonymous_3)
FNDA:0,(anonymous_4)
FNDA:0,(anonymous_5)
FNDA:0,(anonymous_6)
FNDA:0,(anonymous_7)
FNDA:0,(anonymous_8)
FNDA:0,(anonymous_9)
FNDA:0,(anonymous_10)
FNDA:0,(anonymous_11)
FNDA:0,(anonymous_12)
FNDA:0,(anonymous_13)
FNDA:0,(anonymous_14)
FNDA:0,(anonymous_15)
FNDA:0,(anonymous_16)
FNDA:0,(anonymous_17)
FNDA:0,(anonymous_18)
FNDA:0,(anonymous_19)
FNDA:0,(anonymous_20)
FNDA:0,(anonymous_21)
FNDA:0,(anonymous_22)
DA:1,0
DA:2,0
DA:121,0
DA:127,0
DA:128,0
DA:132,0
DA:133,0
DA:135,0
DA:150,0
DA:153,0
DA:155,0
DA:157,0
DA:158,0
DA:159,0
DA:163,0
DA:166,0
DA:174,0
DA:188,0
DA:189,0
DA:193,0
DA:196,0
DA:204,0
DA:205,0
DA:209,0
DA:212,0
DA:220,0
DA:221,0
DA:225,0
DA:228,0
DA:236,0
DA:237,0
DA:241,0
DA:244,0
DA:252,0
DA:253,0
DA:257,0
DA:260,0
DA:266,0
DA:271,0
DA:276,0
DA:281,0
DA:286,0
DA:291,0
DA:296,0
DA:301,0
DA:306,0
LF:46
LH:0
BRDA:132,0,0,0
BRDA:155,1,0,0
BRDA:155,2,0,0
BRDA:155,2,1,0
BRDA:155,3,0,0
BRDA:155,3,1,0
BRDA:158,4,0,0
BRDA:163,5,0,0
BRDA:163,5,1,0
BRDA:163,6,0,0
BRDA:163,6,1,0
BRDA:163,7,0,0
BRDA:163,7,1,0
BRF:13
BRH:0
end_of_record
TN:
SF:src/services/FollowService.ts
FN:26,(anonymous_0)
FN:32,(anonymous_1)
FN:39,(anonymous_2)
FN:57,(anonymous_3)
FN:77,(anonymous_4)
FN:108,(anonymous_5)
FN:136,(anonymous_6)
FN:168,(anonymous_7)
FNF:8
FNH:0
FNDA:0,(anonymous_0)
FNDA:0,(anonymous_1)
FNDA:0,(anonymous_2)
FNDA:0,(anonymous_3)
FNDA:0,(anonymous_4)
FNDA:0,(anonymous_5)
FNDA:0,(anonymous_6)
FNDA:0,(anonymous_7)
DA:1,0
DA:17,0
DA:18,0
DA:20,0
DA:27,0
DA:28,0
DA:29,0
DA:33,0
DA:34,0
DA:36,0
DA:41,0
DA:42,0
DA:43,0
DA:47,0
DA:48,0
DA:50,0
DA:51,0
DA:53,0
DA:58,0
DA:65,0
DA:66,0
DA:67,0
DA:70,0
DA:71,0
DA:78,0
DA:79,0
DA:80,0
DA:83,0
DA:84,0
DA:85,0
DA:89,0
DA:95,0
DA:98,0
DA:109,0
DA:110,0
DA:111,0
DA:114,0
DA:115,0
DA:116,0
DA:120,0
DA:126,0
DA:137,0
DA:146,0
DA:157,0
DA:169,0
DA:180,0
DA:190,0
LF:47
LH:0
BRDA:33,0,0,0
BRDA:42,1,0,0
BRDA:50,2,0,0
BRDA:50,2,1,0
BRDA:50,3,0,0
BRDA:50,3,1,0
BRDA:50,4,0,0
BRDA:50,4,1,0
BRDA:50,5,0,0
BRDA:50,5,1,0
BRDA:50,6,0,0
BRDA:50,6,1,0
BRDA:66,7,0,0
BRDA:79,8,0,0
BRDA:84,9,0,0
BRDA:110,10,0,0
BRDA:115,11,0,0
BRF:17
BRH:0
end_of_record
TN:
SF:src/services/MessagingService.ts
FN:29,(anonymous_0)
FN:35,(anonymous_1)
FN:42,(anonymous_2)
FN:74,(anonymous_3)
FN:100,(anonymous_4)
FN:108,(anonymous_5)
FN:116,(anonymous_6)
FN:119,(anonymous_7)
FN:128,(anonymous_8)
FN:131,(anonymous_9)
FN:139,(anonymous_10)
FN:157,(anonymous_11)
FN:171,(anonymous_12)
FN:177,(anonymous_13)
FN:192,(anonymous_14)
FN:194,(anonymous_15)
FN:205,(anonymous_16)
FNF:17
FNH:0
FNDA:0,(anonymous_0)
FNDA:0,(anonymous_1)
FNDA:0,(anonymous_2)
FNDA:0,(anonymous_3)
FNDA:0,(anonymous_4)
FNDA:0,(anonymous_5)
FNDA:0,(anonymous_6)
FNDA:0,(anonymous_7)
FNDA:0,(anonymous_8)
FNDA:0,(anonymous_9)
FNDA:0,(anonymous_10)
FNDA:0,(anonymous_11)
FNDA:0,(anonymous_12)
FNDA:0,(anonymous_13)
FNDA:0,(anonymous_14)
FNDA:0,(anonymous_15)
FNDA:0,(anonymous_16)
DA:1,0
DA:20,0
DA:21,0
DA:23,0
DA:30,0
DA:31,0
DA:32,0
DA:36,0
DA:37,0
DA:39,0
DA:49,0
DA:50,0
DA:51,0
DA:54,0
DA:65,0
DA:68,0
DA:69,0
DA:71,0
DA:76,0
DA:77,0
DA:78,0
DA:79,0
DA:83,0
DA:94,0
DA:97,0
DA:101,0
DA:102,0
DA:103,0
DA:105,0
DA:109,0
DA:115,0
DA:116,0
DA:120,0
DA:127,0
DA:128,0
DA:132,0
DA:140,0
DA:141,0
DA:142,0
DA:145,0
DA:146,0
DA:147,0
DA:150,0
DA:161,0
DA:176,0
DA:177,0
DA:179,0
DA:180,0
DA:193,0
DA:194,0
DA:196,0
DA:204,0
DA:205,0
LF:53
LH:0
BRDA:36,0,0,0
BRDA:46,1,0,0
BRDA:50,2,0,0
BRDA:78,3,0,0
BRDA:86,4,0,0
BRDA:86,4,1,0
BRDA:102,5,0,0
BRDA:119,6,0,0
BRDA:141,7,0,0
BRDA:146,8,0,0
BRDA:183,9,0,0
BRDA:183,9,1,0
BRF:12
BRH:0
end_of_record
TN:
SF:src/services/ModerationService.ts
FN:16,(anonymous_0)
FN:24,(anonymous_1)
FN:31,(anonymous_2)
FN:72,(anonymous_3)
FN:107,(anonymous_4)
FN:139,(anonymous_5)
FN:177,(anonymous_6)
FN:199,(anonymous_7)
FN:223,(anonymous_8)
FN:269,(anonymous_9)
FN:273,(anonymous_10)
FNF:11
FNH:0
FNDA:0,(anonymous_0)
FNDA:0,(anonymous_1)
FNDA:0,(anonymous_2)
FNDA:0,(anonymous_3)
FNDA:0,(anonymous_4)
FNDA:0,(anonymous_5)
FNDA:0,(anonymous_6)
FNDA:0,(anonymous_7)
FNDA:0,(anonymous_8)
FNDA:0,(anonymous_9)
FNDA:0,(anonymous_10)
DA:2,0
DA:3,0
DA:5,0
DA:6,0
DA:8,0
DA:10,0
DA:17,0
DA:18,0
DA:19,0
DA:25,0
DA:26,0
DA:28,0
DA:39,0
DA:55,0
DA:56,0
DA:59,0
DA:60,0
DA:61,0
DA:64,0
DA:67,0
DA:68,0
DA:78,0
DA:79,0
DA:80,0
DA:83,0
DA:84,0
DA:85,0
DA:86,0
DA:87,0
DA:89,0
DA:91,0
DA:92,0
DA:96,0
DA:108,0
DA:109,0
DA:110,0
DA:113,0
DA:114,0
DA:115,0
DA:118,0
DA:126,0
DA:129,0
DA:145,0
DA:146,0
DA:147,0
DA:150,0
DA:151,0
DA:152,0
DA:153,0
DA:154,0
DA:156,0
DA:158,0
DA:159,0
DA:166,0
DA:178,0
DA:179,0
DA:183,0
DA:191,0
DA:192,0
DA:201,0
DA:211,0
DA:212,0
DA:214,0
DA:215,0
DA:216,0
DA:217,0
DA:220,0
DA:224,0
DA:225,0
DA:226,0
DA:228,0
DA:229,0
DA:230,0
DA:231,0
DA:232,0
DA:233,0
DA:234,0
DA:237,0
DA:238,0
DA:239,0
DA:241,0
DA:248,0
DA:260,0
DA:261,0
DA:270,0
DA:272,0
DA:273,0
DA:275,0
DA:276,0
LF:89
LH:0
BRDA:25,0,0,0
BRDA:59,1,0,0
BRDA:67,2,0,0
BRDA:79,3,0,0
BRDA:84,4,0,0
BRDA:84,4,1,0
BRDA:91,5,0,0
BRDA:109,6,0,0
BRDA:114,7,0,0
BRDA:146,8,0,0
BRDA:158,9,0,0
BRDA:215,10,0,0
BRDA:215,10,1,0
BRDA:224,11,0,0
BRDA:224,11,1,0
BRDA:224,12,0,0
BRDA:224,12,1,0
BRDA:224,13,0,0
BRDA:224,13,1,0
BRDA:229,14,0,0
BRDA:229,14,1,0
BRDA:231,15,0,0
BRDA:231,15,1,0
BRDA:233,16,0,0
BRDA:237,17,0,0
BRDA:260,18,0,0
BRDA:277,19,0,0
BRDA:277,19,1,0
BRDA:278,20,0,0
BRDA:278,20,1,0
BRDA:281,21,0,0
BRDA:281,21,1,0
BRF:32
BRH:0
end_of_record
TN:
SF:src/services/NotificationService.ts
FN:79,(anonymous_0)
FN:89,(anonymous_1)
FN:96,(anonymous_2)
FN:128,(anonymous_3)
FN:138,(anonymous_4)
FN:151,(anonymous_5)
FN:200,(anonymous_6)
FN:212,(anonymous_7)
FN:222,(anonymous_8)
FN:234,(anonymous_9)
FN:242,(anonymous_10)
FN:264,(anonymous_11)
FN:271,(anonymous_12)
FN:274,(anonymous_13)
FN:281,(anonymous_14)
FN:288,(anonymous_15)
FN:318,(anonymous_16)
FN:331,(anonymous_17)
FN:335,(anonymous_18)
FN:339,(anonymous_19)
FN:343,(anonymous_20)
FN:347,(anonymous_21)
FN:351,(anonymous_22)
FNF:23
FNH:0
FNDA:0,(anonymous_0)
FNDA:0,(anonymous_1)
FNDA:0,(anonymous_2)
FNDA:0,(anonymous_3)
FNDA:0,(anonymous_4)
FNDA:0,(anonymous_5)
FNDA:0,(anonymous_6)
FNDA:0,(anonymous_7)
FNDA:0,(anonymous_8)
FNDA:0,(anonymous_9)
FNDA:0,(anonymous_10)
FNDA:0,(anonymous_11)
FNDA:0,(anonymous_12)
FNDA:0,(anonymous_13)
FNDA:0,(anonymous_14)
FNDA:0,(anonymous_15)
FNDA:0,(anonymous_16)
FNDA:0,(anonymous_17)
FNDA:0,(anonymous_18)
FNDA:0,(anonymous_19)
FNDA:0,(anonymous_20)
FNDA:0,(anonymous_21)
FNDA:0,(anonymous_22)
DA:1,0
DA:2,0
DA:70,0
DA:80,0
DA:81,0
DA:82,0
DA:83,0
DA:84,0
DA:85,0
DA:86,0
DA:90,0
DA:91,0
DA:93,0
DA:98,0
DA:108,0
DA:118,0
DA:129,0
DA:130,0
DA:134,0
DA:135,0
DA:141,0
DA:142,0
DA:147,0
DA:148,0
DA:158,0
DA:159,0
DA:171,0
DA:173,0
DA:176,0
DA:179,0
DA:180,0
DA:181,0
DA:184,0
DA:191,0
DA:193,0
DA:194,0
DA:195,0
DA:196,0
DA:209,0
DA:212,0
DA:213,0
DA:214,0
DA:216,0
DA:217,0
DA:221,0
DA:223,0
DA:227,0
DA:231,0
DA:235,0
DA:236,0
DA:237,0
DA:239,0
DA:243,0
DA:244,0
DA:245,0
DA:248,0
DA:249,0
DA:252,0
DA:253,0
DA:254,0
DA:257,0
DA:265,0
DA:266,0
DA:267,0
DA:268,0
DA:271,0
DA:289,0
DA:290,0
DA:291,0
DA:294,0
DA:296,0
DA:297,0
DA:299,0
DA:300,0
DA:302,0
DA:303,0
DA:305,0
DA:306,0
DA:308,0
DA:309,0
DA:311,0
DA:312,0
DA:314,0
DA:328,0
LF:84
LH:0
BRDA:90,0,0,0
BRDA:156,1,0,0
BRDA:213,2,0,0
BRDA:236,3,0,0
BRDA:244,4,0,0
BRDA:248,5,0,0
BRDA:267,6,0,0
BRDA:267,7,0,0
BRDA:267,7,1,0
BRDA:290,8,0,0
BRDA:290,9,0,0
BRDA:290,9,1,0
BRDA:294,10,0,0
BRDA:294,10,1,0
BRDA:294,10,2,0
BRDA:294,10,3,0
BRDA:294,10,4,0
BRDA:294,10,5,0
BRDA:294,10,6,0
BRF:19
BRH:0
end_of_record
TN:
SF:src/services/RBACService.ts
FN:3,(anonymous_0)
FN:53,(anonymous_1)
FN:105,(anonymous_2)
FN:112,(anonymous_3)
FN:119,(anonymous_4)
FN:202,(anonymous_5)
FN:241,(anonymous_6)
FN:247,(anonymous_7)
FN:267,(anonymous_8)
FN:299,(anonymous_9)
FN:309,(anonymous_10)
FN:315,(anonymous_11)
FN:322,(anonymous_12)
FN:335,(anonymous_13)
FN:346,(anonymous_14)
FN:353,(anonymous_15)
FN:371,(anonymous_16)
FN:374,(anonymous_17)
FN:377,(anonymous_18)
FN:380,(anonymous_19)
FN:383,(anonymous_20)
FN:387,(anonymous_21)
FN:390,(anonymous_22)
FNF:23
FNH:0
FNDA:0,(anonymous_0)
FNDA:0,(anonymous_1)
FNDA:0,(anonymous_2)
FNDA:0,(anonymous_3)
FNDA:0,(anonymous_4)
FNDA:0,(anonymous_5)
FNDA:0,(anonymous_6)
FNDA:0,(anonymous_7)
FNDA:0,(anonymous_8)
FNDA:0,(anonymous_9)
FNDA:0,(anonymous_10)
FNDA:0,(anonymous_11)
FNDA:0,(anonymous_12)
FNDA:0,(anonymous_13)
FNDA:0,(anonymous_14)
FNDA:0,(anonymous_15)
FNDA:0,(anonymous_16)
FNDA:0,(anonymous_17)
FNDA:0,(anonymous_18)
FNDA:0,(anonymous_19)
FNDA:0,(anonymous_20)
FNDA:0,(anonymous_21)
FNDA:0,(anonymous_22)
DA:3,0
DA:5,0
DA:6,0
DA:7,0
DA:8,0
DA:9,0
DA:12,0
DA:13,0
DA:14,0
DA:15,0
DA:18,0
DA:19,0
DA:20,0
DA:21,0
DA:22,0
DA:25,0
DA:26,0
DA:27,0
DA:28,0
DA:29,0
DA:32,0
DA:33,0
DA:34,0
DA:35,0
DA:38,0
DA:39,0
DA:40,0
DA:41,0
DA:44,0
DA:45,0
DA:46,0
DA:49,0
DA:50,0
DA:53,0
DA:54,0
DA:55,0
DA:56,0
DA:57,0
DA:58,0
DA:98,0
DA:106,0
DA:107,0
DA:108,0
DA:109,0
DA:113,0
DA:114,0
DA:116,0
DA:120,0
DA:123,0
DA:129,0
DA:160,0
DA:174,0
DA:189,0
DA:199,0
DA:210,0
DA:212,0
DA:221,0
DA:222,0
DA:223,0
DA:226,0
DA:229,0
DA:243,0
DA:245,0
DA:246,0
DA:247,0
DA:248,0
DA:251,0
DA:254,0
DA:272,0
DA:274,0
DA:275,0
DA:284,0
DA:287,0
DA:296,0
DA:301,0
DA:302,0
DA:305,0
DA:306,0
DA:309,0
DA:312,0
DA:313,0
DA:314,0
DA:315,0
DA:318,0
DA:319,0
DA:320,0
DA:321,0
DA:322,0
DA:330,0
DA:332,0
DA:336,0
DA:337,0
DA:340,0
DA:341,0
DA:343,0
DA:344,0
DA:346,0
DA:350,0
DA:364,0
DA:366,0
DA:369,0
DA:370,0
DA:371,0
DA:373,0
DA:374,0
DA:376,0
DA:377,0
DA:379,0
DA:380,0
DA:382,0
DA:383,0
DA:387,0
DA:391,0
DA:397,0
DA:400,0
DA:401,0
LF:116
LH:0
BRDA:3,0,0,0
BRDA:3,0,1,0
BRDA:53,1,0,0
BRDA:53,1,1,0
BRDA:113,2,0,0
BRDA:215,3,0,0
BRDA:215,3,1,0
BRDA:221,4,0,0
BRDA:221,4,1,0
BRDA:245,5,0,0
BRDA:245,5,1,0
BRDA:274,6,0,0
BRDA:301,7,0,0
BRDA:305,8,0,0
BRDA:305,8,1,0
BRDA:309,9,0,0
BRDA:309,9,1,0
BRDA:314,10,0,0
BRDA:318,11,0,0
BRDA:321,12,0,0
BRDA:336,13,0,0
BRDA:336,13,1,0
BRDA:341,14,0,0
BRDA:341,15,0,0
BRDA:341,15,1,0
BRDA:344,16,0,0
BRDA:344,17,0,0
BRDA:344,17,1,0
BRDA:344,18,0,0
BRDA:344,18,1,0
BRDA:346,19,0,0
BRDA:346,19,1,0
BRDA:346,20,0,0
BRDA:346,20,1,0
BRDA:369,21,0,0
BRDA:370,22,0,0
BRDA:373,23,0,0
BRDA:376,24,0,0
BRDA:377,25,0,0
BRDA:377,25,1,0
BRDA:377,26,0,0
BRDA:377,26,1,0
BRDA:379,27,0,0
BRDA:380,28,0,0
BRDA:380,28,1,0
BRDA:380,29,0,0
BRDA:380,29,1,0
BRDA:382,30,0,0
BRDA:400,31,0,0
BRF:49
BRH:0
end_of_record
TN:
SF:src/services/SecurityService.ts
FN:93,(anonymous_6)
FN:103,(anonymous_7)
FN:110,(anonymous_8)
FN:146,(anonymous_9)
FN:209,(anonymous_10)
FN:233,(anonymous_11)
FN:252,(anonymous_12)
FN:265,(anonymous_13)
FN:282,(anonymous_14)
FN:287,(anonymous_15)
FN:317,(anonymous_16)
FN:330,(anonymous_17)
FN:343,(anonymous_18)
FN:348,(anonymous_19)
FNF:14
FNH:0
FNDA:0,(anonymous_6)
FNDA:0,(anonymous_7)
FNDA:0,(anonymous_8)
FNDA:0,(anonymous_9)
FNDA:0,(anonymous_10)
FNDA:0,(anonymous_11)
FNDA:0,(anonymous_12)
FNDA:0,(anonymous_13)
FNDA:0,(anonymous_14)
FNDA:0,(anonymous_15)
FNDA:0,(anonymous_16)
FNDA:0,(anonymous_17)
FNDA:0,(anonymous_18)
FNDA:0,(anonymous_19)
DA:1,0
DA:3,0
DA:5,0
DA:6,0
DA:83,0
DA:94,0
DA:95,0
DA:96,0
DA:97,0
DA:98,0
DA:99,0
DA:100,0
DA:104,0
DA:105,0
DA:107,0
DA:111,0
DA:153,0
DA:154,0
DA:162,0
DA:165,0
DA:167,0
DA:170,0
DA:173,0
DA:176,0
DA:185,0
DA:191,0
DA:194,0
DA:205,0
DA:210,0
DA:211,0
DA:212,0
DA:214,0
DA:215,0
DA:218,0
DA:219,0
DA:222,0
DA:223,0
DA:224,0
DA:227,0
DA:229,0
DA:234,0
DA:235,0
DA:237,0
DA:238,0
DA:239,0
DA:242,0
DA:243,0
DA:244,0
DA:246,0
DA:248,0
DA:253,0
DA:254,0
DA:255,0
DA:256,0
DA:266,0
DA:272,0
DA:275,0
DA:276,0
DA:284,0
DA:288,0
DA:290,0
DA:291,0
DA:292,0
DA:297,0
DA:310,0
DA:311,0
DA:313,0
DA:314,0
DA:318,0
DA:331,0
DA:344,0
DA:345,0
DA:349,0
DA:350,0
LF:74
LH:0
BRDA:104,0,0,0
BRDA:153,1,0,0
BRDA:200,2,0,0
BRDA:200,2,1,0
BRDA:214,3,0,0
BRDA:218,4,0,0
BRDA:222,5,0,0
BRDA:238,6,0,0
BRDA:238,7,0,0
BRDA:238,7,1,0
BRDA:254,8,0,0
BRDA:275,9,0,0
BRDA:275,10,0,0
BRDA:275,10,1,0
BRDA:288,11,0,0
BRDA:291,12,0,0
BRDA:344,13,0,0
BRDA:344,13,1,0
BRDA:349,14,0,0
BRDA:349,14,1,0
BRF:20
BRH:0
end_of_record
TN:
SF:src/services/TemplateCategoryService.ts
FN:49,(anonymous_0)
FN:53,(anonymous_1)
FN:60,(anonymous_2)
FN:77,(anonymous_3)
FN:84,(anonymous_4)
FN:99,(anonymous_5)
FN:128,(anonymous_6)
FN:157,(anonymous_7)
FN:163,(anonymous_8)
FN:168,(anonymous_9)
FN:174,(anonymous_10)
FN:192,(anonymous_11)
FN:216,(anonymous_12)
FN:225,(anonymous_13)
FN:244,(anonymous_14)
FN:261,(anonymous_15)
FN:269,(anonymous_16)
FN:270,(anonymous_17)
FN:276,(anonymous_18)
FN:288,(anonymous_19)
FN:303,(anonymous_20)
FN:312,(anonymous_21)
FN:314,(anonymous_22)
FN:317,(anonymous_23)
FN:328,(anonymous_24)
FN:360,(anonymous_25)
FN:363,(anonymous_26)
FN:373,(anonymous_27)
FN:378,(anonymous_28)
FN:391,(anonymous_29)
FN:394,(anonymous_30)
FN:401,(anonymous_31)
FN:407,(anonymous_32)
FN:408,(anonymous_33)
FN:416,(anonymous_34)
FN:423,(anonymous_35)
FNF:36
FNH:0
FNDA:0,(anonymous_0)
FNDA:0,(anonymous_1)
FNDA:0,(anonymous_2)
FNDA:0,(anonymous_3)
FNDA:0,(anonymous_4)
FNDA:0,(anonymous_5)
FNDA:0,(anonymous_6)
FNDA:0,(anonymous_7)
FNDA:0,(anonymous_8)
FNDA:0,(anonymous_9)
FNDA:0,(anonymous_10)
FNDA:0,(anonymous_11)
FNDA:0,(anonymous_12)
FNDA:0,(anonymous_13)
FNDA:0,(anonymous_14)
FNDA:0,(anonymous_15)
FNDA:0,(anonymous_16)
FNDA:0,(anonymous_17)
FNDA:0,(anonymous_18)
FNDA:0,(anonymous_19)
FNDA:0,(anonymous_20)
FNDA:0,(anonymous_21)
FNDA:0,(anonymous_22)
FNDA:0,(anonymous_23)
FNDA:0,(anonymous_24)
FNDA:0,(anonymous_25)
FNDA:0,(anonymous_26)
FNDA:0,(anonymous_27)
FNDA:0,(anonymous_28)
FNDA:0,(anonymous_29)
FNDA:0,(anonymous_30)
FNDA:0,(anonymous_31)
FNDA:0,(anonymous_32)
FNDA:0,(anonymous_33)
FNDA:0,(anonymous_34)
FNDA:0,(anonymous_35)
DA:1,0
DA:45,0
DA:50,0
DA:54,0
DA:55,0
DA:57,0
DA:64,0
DA:73,0
DA:74,0
DA:78,0
DA:79,0
DA:81,0
DA:89,0
DA:95,0
DA:96,0
DA:101,0
DA:106,0
DA:108,0
DA:109,0
DA:113,0
DA:118,0
DA:120,0
DA:121,0
DA:124,0
DA:125,0
DA:135,0
DA:137,0
DA:138,0
DA:141,0
DA:142,0
DA:145,0
DA:146,0
DA:152,0
DA:154,0
DA:155,0
DA:157,0
DA:164,0
DA:165,0
DA:173,0
DA:174,0
DA:176,0
DA:177,0
DA:178,0
DA:186,0
DA:189,0
DA:197,0
DA:198,0
DA:201,0
DA:208,0
DA:214,0
DA:216,0
DA:217,0
DA:222,0
DA:226,0
DA:230,0
DA:232,0
DA:240,0
DA:241,0
DA:242,0
DA:244,0
DA:245,0
DA:247,0
DA:248,0
DA:251,0
DA:252,0
DA:253,0
DA:256,0
DA:257,0
DA:260,0
DA:261,0
DA:262,0
DA:267,0
DA:268,0
DA:269,0
DA:270,0
DA:273,0
DA:285,0
DA:288,0
DA:289,0
DA:292,0
DA:293,0
DA:297,0
DA:298,0
DA:302,0
DA:303,0
DA:304,0
DA:307,0
DA:311,0
DA:312,0
DA:314,0
DA:318,0
DA:321,0
DA:322,0
DA:326,0
DA:328,0
DA:329,0
DA:337,0
DA:345,0
DA:349,0
DA:351,0
DA:357,0
DA:361,0
DA:363,0
DA:364,0
DA:370,0
DA:377,0
DA:378,0
DA:379,0
DA:380,0
DA:387,0
DA:390,0
DA:391,0
DA:395,0
DA:397,0
DA:399,0
DA:400,0
DA:402,0
DA:406,0
DA:407,0
DA:409,0
DA:410,0
DA:411,0
DA:415,0
DA:416,0
DA:417,0
DA:418,0
DA:419,0
DA:424,0
DA:425,0
DA:426,0
DA:428,0
LF:131
LH:0
BRDA:54,0,0,0
BRDA:81,1,0,0
BRDA:81,1,1,0
BRDA:108,2,0,0
BRDA:120,3,0,0
BRDA:129,4,0,0
BRDA:137,5,0,0
BRDA:141,6,0,0
BRDA:145,7,0,0
BRDA:171,8,0,0
BRDA:247,9,0,0
BRDA:251,10,0,0
BRDA:256,11,0,0
BRDA:260,12,0,0
BRDA:262,13,0,0
BRDA:262,13,1,0
BRDA:267,14,0,0
BRDA:267,14,1,0
BRDA:282,15,0,0
BRDA:292,16,0,0
BRDA:297,17,0,0
BRDA:302,18,0,0
BRDA:302,19,0,0
BRDA:302,19,1,0
BRDA:302,20,0,0
BRDA:302,20,1,0
BRDA:302,21,0,0
BRDA:302,21,1,0
BRDA:397,22,0,0
BRDA:397,23,0,0
BRDA:397,23,1,0
BRF:31
BRH:0
end_of_record
TN:
SF:src/services/TemplateRecommendationService.ts
FN:55,(anonymous_0)
FN:59,(anonymous_1)
FN:66,(anonymous_2)
FN:77,(anonymous_3)
FN:80,(anonymous_4)
FN:95,(anonymous_5)
FN:96,(anonymous_6)
FN:97,(anonymous_7)
FN:108,(anonymous_8)
FN:109,(anonymous_9)
FN:113,(anonymous_10)
FN:136,(anonymous_11)
FN:149,(anonymous_12)
FN:152,(anonymous_13)
FN:170,(anonymous_14)
FN:192,(anonymous_15)
FN:203,(anonymous_16)
FN:206,(anonymous_17)
FN:213,(anonymous_18)
FN:241,(anonymous_19)
FN:247,(anonymous_20)
FN:265,(anonymous_21)
FN:283,(anonymous_22)
FN:289,(anonymous_23)
FN:294,(anonymous_24)
FN:307,(anonymous_25)
FN:320,(anonymous_26)
FN:326,(anonymous_27)
FN:340,(anonymous_28)
FN:351,(anonymous_29)
FN:356,(anonymous_30)
FN:368,(anonymous_31)
FN:381,(anonymous_32)
FN:392,(anonymous_33)
FN:408,(anonymous_34)
FN:417,(anonymous_35)
FN:433,(anonymous_36)
FN:443,(anonymous_37)
FN:463,(anonymous_38)
FN:476,(anonymous_39)
FN:480,(anonymous_40)
FN:496,(anonymous_41)
FN:505,(anonymous_42)
FNF:43
FNH:0
FNDA:0,(anonymous_0)
FNDA:0,(anonymous_1)
FNDA:0,(anonymous_2)
FNDA:0,(anonymous_3)
FNDA:0,(anonymous_4)
FNDA:0,(anonymous_5)
FNDA:0,(anonymous_6)
FNDA:0,(anonymous_7)
FNDA:0,(anonymous_8)
FNDA:0,(anonymous_9)
FNDA:0,(anonymous_10)
FNDA:0,(anonymous_11)
FNDA:0,(anonymous_12)
FNDA:0,(anonymous_13)
FNDA:0,(anonymous_14)
FNDA:0,(anonymous_15)
FNDA:0,(anonymous_16)
FNDA:0,(anonymous_17)
FNDA:0,(anonymous_18)
FNDA:0,(anonymous_19)
FNDA:0,(anonymous_20)
FNDA:0,(anonymous_21)
FNDA:0,(anonymous_22)
FNDA:0,(anonymous_23)
FNDA:0,(anonymous_24)
FNDA:0,(anonymous_25)
FNDA:0,(anonymous_26)
FNDA:0,(anonymous_27)
FNDA:0,(anonymous_28)
FNDA:0,(anonymous_29)
FNDA:0,(anonymous_30)
FNDA:0,(anonymous_31)
FNDA:0,(anonymous_32)
FNDA:0,(anonymous_33)
FNDA:0,(anonymous_34)
FNDA:0,(anonymous_35)
FNDA:0,(anonymous_36)
FNDA:0,(anonymous_37)
FNDA:0,(anonymous_38)
FNDA:0,(anonymous_39)
FNDA:0,(anonymous_40)
FNDA:0,(anonymous_41)
FNDA:0,(anonymous_42)
DA:1,0
DA:49,0
DA:52,0
DA:53,0
DA:56,0
DA:60,0
DA:61,0
DA:63,0
DA:70,0
DA:75,0
DA:77,0
DA:81,0
DA:82,0
DA:83,0
DA:86,0
DA:91,0
DA:93,0
DA:95,0
DA:96,0
DA:97,0
DA:107,0
DA:108,0
DA:109,0
DA:120,0
DA:121,0
DA:123,0
DA:125,0
DA:126,0
DA:129,0
DA:130,0
DA:133,0
DA:134,0
DA:136,0
DA:137,0
DA:138,0
DA:139,0
DA:149,0
DA:156,0
DA:157,0
DA:160,0
DA:161,0
DA:167,0
DA:169,0
DA:170,0
DA:182,0
DA:183,0
DA:189,0
DA:191,0
DA:192,0
DA:203,0
DA:210,0
DA:214,0
DA:220,0
DA:242,0
DA:243,0
DA:244,0
DA:248,0
DA:249,0
DA:251,0
DA:252,0
DA:262,0
DA:266,0
DA:268,0
DA:269,0
DA:272,0
DA:273,0
DA:276,0
DA:277,0
DA:280,0
DA:281,0
DA:283,0
DA:294,0
DA:295,0
DA:296,0
DA:312,0
DA:315,0
DA:316,0
DA:320,0
DA:321,0
DA:323,0
DA:326,0
DA:327,0
DA:330,0
DA:331,0
DA:334,0
DA:335,0
DA:337,0
DA:345,0
DA:347,0
DA:348,0
DA:351,0
DA:352,0
DA:353,0
DA:356,0
DA:357,0
DA:358,0
DA:361,0
DA:362,0
DA:365,0
DA:369,0
DA:372,0
DA:375,0
DA:376,0
DA:378,0
DA:382,0
DA:385,0
DA:386,0
DA:390,0
DA:391,0
DA:392,0
DA:393,0
DA:396,0
DA:397,0
DA:401,0
DA:402,0
DA:405,0
DA:409,0
DA:411,0
DA:412,0
DA:415,0
DA:416,0
DA:417,0
DA:418,0
DA:419,0
DA:422,0
DA:423,0
DA:426,0
DA:427,0
DA:430,0
DA:434,0
DA:435,0
DA:437,0
DA:438,0
DA:440,0
DA:444,0
DA:446,0
DA:447,0
DA:450,0
DA:451,0
DA:452,0
DA:455,0
DA:456,0
DA:457,0
DA:460,0
DA:464,0
DA:467,0
DA:470,0
DA:471,0
DA:473,0
DA:477,0
DA:481,0
DA:482,0
DA:484,0
DA:485,0
DA:487,0
DA:488,0
DA:490,0
DA:491,0
DA:493,0
DA:497,0
DA:500,0
DA:501,0
DA:505,0
DA:506,0
DA:508,0
DA:511,0
DA:512,0
DA:516,0
DA:517,0
DA:520,0
LF:170
LH:0
BRDA:60,0,0,0
BRDA:68,1,0,0
BRDA:80,2,0,0
BRDA:82,3,0,0
BRDA:103,4,0,0
BRDA:103,4,1,0
BRDA:114,5,0,0
BRDA:120,6,0,0
BRDA:120,6,1,0
BRDA:125,7,0,0
BRDA:129,8,0,0
BRDA:145,9,0,0
BRDA:145,9,1,0
BRDA:154,10,0,0
BRDA:160,11,0,0
BRDA:176,12,0,0
BRDA:176,12,1,0
BRDA:182,13,0,0
BRDA:198,14,0,0
BRDA:198,14,1,0
BRDA:235,15,0,0
BRDA:235,15,1,0
BRDA:244,16,0,0
BRDA:244,16,1,0
BRDA:251,17,0,0
BRDA:268,18,0,0
BRDA:272,19,0,0
BRDA:276,20,0,0
BRDA:302,21,0,0
BRDA:302,21,1,0
BRDA:315,22,0,0
BRDA:320,23,0,0
BRDA:320,23,1,0
BRDA:330,24,0,0
BRDA:330,24,1,0
BRDA:347,25,0,0
BRDA:351,26,0,0
BRDA:351,26,1,0
BRDA:352,27,0,0
BRDA:357,28,0,0
BRDA:361,29,0,0
BRDA:385,30,0,0
BRDA:390,31,0,0
BRDA:390,31,1,0
BRDA:391,32,0,0
BRDA:391,32,1,0
BRDA:396,33,0,0
BRDA:401,34,0,0
BRDA:411,35,0,0
BRDA:415,36,0,0
BRDA:415,36,1,0
BRDA:416,37,0,0
BRDA:416,37,1,0
BRDA:418,38,0,0
BRDA:422,39,0,0
BRDA:426,40,0,0
BRDA:435,41,0,0
BRDA:438,42,0,0
BRDA:438,42,1,0
BRDA:446,43,0,0
BRDA:450,44,0,0
BRDA:450,44,1,0
BRDA:451,45,0,0
BRDA:456,46,0,0
BRDA:470,47,0,0
BRDA:470,47,1,0
BRDA:482,48,0,0
BRDA:482,48,1,0
BRDA:482,48,2,0
BRDA:500,49,0,0
BRDA:505,50,0,0
BRDA:505,50,1,0
BRDA:511,51,0,0
BRDA:516,52,0,0
BRF:74
BRH:0
end_of_record
TN:
SF:src/services/TemplateSharingService.ts
FN:56,(anonymous_0)
FN:60,(anonymous_1)
FN:67,(anonymous_2)
FN:130,(anonymous_3)
FN:173,(anonymous_4)
FN:215,(anonymous_5)
FN:220,(anonymous_6)
FN:229,(anonymous_7)
FN:236,(anonymous_8)
FN:245,(anonymous_9)
FN:264,(anonymous_10)
FN:268,(anonymous_11)
FN:272,(anonymous_12)
FN:293,(anonymous_13)
FN:299,(anonymous_14)
FN:311,(anonymous_15)
FN:312,(anonymous_16)
FN:318,(anonymous_17)
FNF:18
FNH:0
FNDA:0,(anonymous_0)
FNDA:0,(anonymous_1)
FNDA:0,(anonymous_2)
FNDA:0,(anonymous_3)
FNDA:0,(anonymous_4)
FNDA:0,(anonymous_5)
FNDA:0,(anonymous_6)
FNDA:0,(anonymous_7)
FNDA:0,(anonymous_8)
FNDA:0,(anonymous_9)
FNDA:0,(anonymous_10)
FNDA:0,(anonymous_11)
FNDA:0,(anonymous_12)
FNDA:0,(anonymous_13)
FNDA:0,(anonymous_14)
FNDA:0,(anonymous_15)
FNDA:0,(anonymous_16)
FNDA:0,(anonymous_17)
DA:1,0
DA:52,0
DA:57,0
DA:61,0
DA:62,0
DA:64,0
DA:77,0
DA:78,0
DA:80,0
DA:81,0
DA:84,0
DA:85,0
DA:86,0
DA:89,0
DA:90,0
DA:92,0
DA:112,0
DA:114,0
DA:125,0
DA:127,0
DA:137,0
DA:138,0
DA:140,0
DA:141,0
DA:144,0
DA:147,0
DA:148,0
DA:152,0
DA:153,0
DA:157,0
DA:162,0
DA:166,0
DA:170,0
DA:178,0
DA:180,0
DA:181,0
DA:184,0
DA:185,0
DA:188,0
DA:197,0
DA:198,0
DA:205,0
DA:208,0
DA:212,0
DA:216,0
DA:220,0
DA:221,0
DA:222,0
DA:230,0
DA:240,0
DA:246,0
DA:247,0
DA:249,0
DA:250,0
DA:253,0
DA:254,0
DA:255,0
DA:258,0
DA:265,0
DA:269,0
DA:279,0
DA:280,0
DA:282,0
DA:283,0
DA:286,0
DA:289,0
DA:293,0
DA:299,0
DA:300,0
DA:302,0
DA:312,0
DA:313,0
DA:314,0
DA:315,0
DA:318,0
LF:75
LH:0
BRDA:61,0,0,0
BRDA:70,1,0,0
BRDA:80,2,0,0
BRDA:85,3,0,0
BRDA:132,4,0,0
BRDA:140,5,0,0
BRDA:147,6,0,0
BRDA:147,7,0,0
BRDA:147,7,1,0
BRDA:152,8,0,0
BRDA:152,9,0,0
BRDA:152,9,1,0
BRDA:157,10,0,0
BRDA:158,11,0,0
BRDA:158,11,1,0
BRDA:158,11,2,0
BRDA:158,11,3,0
BRDA:180,12,0,0
BRDA:184,13,0,0
BRDA:197,14,0,0
BRDA:224,15,0,0
BRDA:224,15,1,0
BRDA:249,16,0,0
BRDA:254,17,0,0
BRDA:282,18,0,0
BRDA:314,19,0,0
BRDA:314,19,1,0
BRF:27
BRH:0
end_of_record
TN:
SF:src/services/TemplateVersioningService.ts
FN:44,(anonymous_0)
FN:48,(anonymous_1)
FN:55,(anonymous_2)
FN:88,(anonymous_3)
FN:99,(anonymous_4)
FN:121,(anonymous_5)
FN:127,(anonymous_6)
FN:163,(anonymous_7)
FN:198,(anonymous_8)
FN:217,(anonymous_9)
FN:246,(anonymous_10)
FN:251,(anonymous_11)
FN:263,(anonymous_12)
FN:270,(anonymous_13)
FN:281,(anonymous_14)
FN:288,(anonymous_15)
FN:294,(anonymous_16)
FN:307,(anonymous_17)
FNF:18
FNH:0
FNDA:0,(anonymous_0)
FNDA:0,(anonymous_1)
FNDA:0,(anonymous_2)
FNDA:0,(anonymous_3)
FNDA:0,(anonymous_4)
FNDA:0,(anonymous_5)
FNDA:0,(anonymous_6)
FNDA:0,(anonymous_7)
FNDA:0,(anonymous_8)
FNDA:0,(anonymous_9)
FNDA:0,(anonymous_10)
FNDA:0,(anonymous_11)
FNDA:0,(anonymous_12)
FNDA:0,(anonymous_13)
FNDA:0,(anonymous_14)
FNDA:0,(anonymous_15)
FNDA:0,(anonymous_16)
FNDA:0,(anonymous_17)
DA:2,0
DA:40,0
DA:45,0
DA:49,0
DA:50,0
DA:52,0
DA:61,0
DA:64,0
DA:65,0
DA:67,0
DA:84,0
DA:85,0
DA:89,0
DA:96,0
DA:106,0
DA:112,0
DA:113,0
DA:116,0
DA:117,0
DA:120,0
DA:121,0
DA:132,0
DA:137,0
DA:138,0
DA:141,0
DA:164,0
DA:165,0
DA:166,0
DA:169,0
DA:170,0
DA:172,0
DA:173,0
DA:177,0
DA:189,0
DA:203,0
DA:209,0
DA:231,0
DA:237,0
DA:238,0
DA:241,0
DA:242,0
DA:245,0
DA:246,0
DA:251,0
DA:257,0
DA:267,0
DA:269,0
DA:271,0
DA:272,0
DA:273,0
DA:278,0
DA:285,0
DA:286,0
DA:288,0
DA:289,0
DA:290,0
DA:295,0
DA:301,0
DA:308,0
DA:314,0
LF:60
LH:0
BRDA:49,0,0,0
BRDA:65,1,0,0
BRDA:65,1,1,0
BRDA:96,2,0,0
BRDA:96,2,1,0
BRDA:101,3,0,0
BRDA:112,4,0,0
BRDA:116,5,0,0
BRDA:137,6,0,0
BRDA:137,7,0,0
BRDA:137,7,1,0
BRDA:150,8,0,0
BRDA:150,8,1,0
BRDA:150,9,0,0
BRDA:150,9,1,0
BRDA:150,10,0,0
BRDA:150,10,1,0
BRDA:150,11,0,0
BRDA:150,11,1,0
BRDA:150,12,0,0
BRDA:150,12,1,0
BRDA:150,13,0,0
BRDA:150,13,1,0
BRDA:152,14,0,0
BRDA:152,14,1,0
BRDA:152,15,0,0
BRDA:152,15,1,0
BRDA:152,16,0,0
BRDA:152,16,1,0
BRDA:152,17,0,0
BRDA:152,17,1,0
BRDA:152,18,0,0
BRDA:152,18,1,0
BRDA:152,19,0,0
BRDA:152,19,1,0
BRDA:154,20,0,0
BRDA:154,20,1,0
BRDA:154,21,0,0
BRDA:154,21,1,0
BRDA:154,22,0,0
BRDA:154,22,1,0
BRDA:155,23,0,0
BRDA:155,23,1,0
BRDA:155,24,0,0
BRDA:155,24,1,0
BRDA:155,25,0,0
BRDA:155,25,1,0
BRDA:157,26,0,0
BRDA:157,26,1,0
BRDA:157,27,0,0
BRDA:157,27,1,0
BRDA:157,28,0,0
BRDA:157,28,1,0
BRDA:157,29,0,0
BRDA:157,29,1,0
BRDA:157,30,0,0
BRDA:157,30,1,0
BRDA:157,31,0,0
BRDA:157,31,1,0
BRDA:165,32,0,0
BRDA:172,33,0,0
BRDA:210,34,0,0
BRDA:210,34,1,0
BRDA:211,35,0,0
BRDA:211,35,1,0
BRDA:212,36,0,0
BRDA:212,36,1,0
BRDA:213,37,0,0
BRDA:213,37,1,0
BRDA:219,38,0,0
BRDA:237,39,0,0
BRDA:241,40,0,0
BRDA:272,41,0,0
BRDA:272,42,0,0
BRDA:272,42,1,0
BRDA:272,43,0,0
BRDA:272,43,1,0
BRDA:283,44,0,0
BRDA:286,45,0,0
BRDA:289,46,0,0
BRDA:289,47,0,0
BRDA:289,47,1,0
BRDA:290,48,0,0
BRDA:290,48,1,0
BRF:84
BRH:0
end_of_record
TN:
SF:src/services/abTesting.ts
FN:77,(anonymous_0)
FN:92,(anonymous_1)
FN:99,(anonymous_2)
FN:105,(anonymous_3)
FN:121,(anonymous_4)
FN:137,(anonymous_5)
FN:147,(anonymous_6)
FN:174,(anonymous_7)
FN:227,(anonymous_8)
FN:265,(anonymous_9)
FN:302,(anonymous_10)
FN:316,(anonymous_11)
FN:318,(anonymous_12)
FN:329,(anonymous_13)
FN:334,(anonymous_14)
FN:342,(anonymous_15)
FN:353,(anonymous_16)
FN:357,(anonymous_17)
FN:362,(anonymous_18)
FN:366,(anonymous_19)
FN:370,(anonymous_20)
FN:378,(anonymous_21)
FN:392,(anonymous_22)
FN:412,(anonymous_23)
FN:413,(anonymous_24)
FN:433,(anonymous_25)
FN:437,(anonymous_26)
FN:441,(anonymous_27)
FN:455,(anonymous_28)
FN:470,(anonymous_29)
FN:471,(anonymous_30)
FN:473,(anonymous_31)
FNF:32
FNH:0
FNDA:0,(anonymous_0)
FNDA:0,(anonymous_1)
FNDA:0,(anonymous_2)
FNDA:0,(anonymous_3)
FNDA:0,(anonymous_4)
FNDA:0,(anonymous_5)
FNDA:0,(anonymous_6)
FNDA:0,(anonymous_7)
FNDA:0,(anonymous_8)
FNDA:0,(anonymous_9)
FNDA:0,(anonymous_10)
FNDA:0,(anonymous_11)
FNDA:0,(anonymous_12)
FNDA:0,(anonymous_13)
FNDA:0,(anonymous_14)
FNDA:0,(anonymous_15)
FNDA:0,(anonymous_16)
FNDA:0,(anonymous_17)
FNDA:0,(anonymous_18)
FNDA:0,(anonymous_19)
FNDA:0,(anonymous_20)
FNDA:0,(anonymous_21)
FNDA:0,(anonymous_22)
FNDA:0,(anonymous_23)
FNDA:0,(anonymous_24)
FNDA:0,(anonymous_25)
FNDA:0,(anonymous_26)
FNDA:0,(anonymous_27)
FNDA:0,(anonymous_28)
FNDA:0,(anonymous_29)
FNDA:0,(anonymous_30)
FNDA:0,(anonymous_31)
DA:1,0
DA:2,0
DA:4,0
DA:6,0
DA:7,0
DA:68,0
DA:74,0
DA:75,0
DA:78,0
DA:82,0
DA:86,0
DA:87,0
DA:89,0
[...]
DA:68,0
DA:75,0
DA:76,0
DA:84,0
DA:92,0
DA:93,0
DA:94,0
DA:95,0
DA:99,0
DA:104,0
DA:105,0
DA:106,0
DA:111,0
DA:118,0
DA:119,0
DA:120,0
DA:129,0
DA:130,0
DA:131,0
DA:136,0
DA:144,0
DA:145,0
DA:146,0
DA:147,0
DA:148,0
DA:150,0
DA:151,0
DA:156,0
DA:158,0
DA:159,0
DA:160,0
DA:161,0
DA:163,0
DA:166,0
DA:172,0
DA:174,0
DA:175,0
DA:176,0
DA:178,0
DA:181,0
DA:187,0
DA:189,0
DA:190,0
DA:191,0
DA:193,0
DA:196,0
LF:57
LH:0
BRDA:30,0,0,0
BRDA:30,0,1,0
BRDA:53,1,0,0
BRDA:54,2,0,0
BRDA:66,3,0,0
BRDA:75,4,0,0
BRDA:86,5,0,0
BRDA:86,5,1,0
BRDA:86,6,0,0
BRDA:86,6,1,0
BRDA:93,7,0,0
BRDA:106,8,0,0
BRDA:119,9,0,0
BRDA:130,10,0,0
BRDA:147,11,0,0
BRDA:147,11,1,0
BRDA:147,12,0,0
BRDA:147,12,1,0
BRDA:150,13,0,0
BRDA:150,13,1,0
BRDA:150,14,0,0
BRDA:150,14,1,0
BRDA:159,15,0,0
BRDA:166,16,0,0
BRDA:175,17,0,0
BRDA:181,18,0,0
BRDA:190,19,0,0
BRDA:196,20,0,0
BRF:28
BRH:0
end_of_record
TN:
SF:src/utils/atproto-errors.ts
FN:4,(anonymous_0)
FN:9,(anonymous_1)
FN:21,(anonymous_2)
FN:25,(anonymous_3)
FN:29,(anonymous_4)
FNF:5
FNH:0
FNDA:0,(anonymous_0)
FNDA:0,(anonymous_1)
FNDA:0,(anonymous_2)
FNDA:0,(anonymous_3)
FNDA:0,(anonymous_4)
DA:3,0
DA:4,0
DA:5,0
DA:6,0
DA:10,0
DA:11,0
DA:17,0
DA:21,0
DA:22,0
DA:25,0
DA:26,0
DA:29,0
DA:30,0
LF:13
LH:0
BRDA:10,0,0,0
BRDA:10,1,0,0
BRDA:10,1,1,0
BRDA:10,2,0,0
BRDA:10,2,1,0
BRDA:10,3,0,0
BRDA:10,3,1,0
BRDA:10,4,0,0
BRDA:10,4,1,0
BRDA:12,5,0,0
BRDA:12,5,1,0
BRDA:13,6,0,0
BRDA:13,6,1,0
BRDA:14,7,0,0
BRDA:14,7,1,0
BRDA:17,8,0,0
BRDA:17,8,1,0
BRDA:22,9,0,0
BRDA:22,9,1,0
BRDA:22,10,0,0
BRDA:22,10,1,0
BRDA:22,11,0,0
BRDA:22,11,1,0
BRDA:22,12,0,0
BRDA:22,12,1,0
BRDA:26,13,0,0
BRDA:26,13,1,0
BRDA:26,14,0,0
BRDA:26,14,1,0
BRDA:26,15,0,0
BRDA:26,15,1,0
BRDA:26,16,0,0
BRDA:26,16,1,0
BRDA:30,17,0,0
BRDA:30,17,1,0
BRF:35
BRH:0
end_of_record
TN:
SF:src/utils/auto-scaling.ts
FN:36,(anonymous_6)
FN:57,(anonymous_7)
FN:67,(anonymous_8)
FN:70,(anonymous_9)
FN:80,(anonymous_10)
FN:110,(anonymous_11)
FN:126,(anonymous_12)
FN:141,(anonymous_13)
FN:206,(anonymous_14)
FN:253,(anonymous_15)
FN:283,(anonymous_16)
FNF:11
FNH:0
FNDA:0,(anonymous_6)
FNDA:0,(anonymous_7)
FNDA:0,(anonymous_8)
FNDA:0,(anonymous_9)
FNDA:0,(anonymous_10)
FNDA:0,(anonymous_11)
FNDA:0,(anonymous_12)
FNDA:0,(anonymous_13)
FNDA:0,(anonymous_14)
FNDA:0,(anonymous_15)
FNDA:0,(anonymous_16)
DA:1,0
DA:26,0
DA:42,0
DA:43,0
DA:45,0
DA:46,0
DA:47,0
DA:48,0
DA:49,0
DA:50,0
DA:51,0
DA:52,0
DA:54,0
DA:59,0
DA:61,0
DA:62,0
DA:63,0
DA:68,0
DA:70,0
DA:71,0
DA:72,0
DA:74,0
DA:75,0
DA:81,0
DA:83,0
DA:84,0
DA:85,0
DA:87,0
DA:88,0
DA:89,0
DA:91,0
DA:92,0
DA:95,0
DA:96,0
DA:98,0
DA:99,0
DA:102,0
DA:106,0
DA:111,0
DA:113,0
DA:114,0
DA:120,0
DA:122,0
DA:127,0
DA:129,0
DA:130,0
DA:131,0
DA:132,0
DA:134,0
DA:135,0
DA:137,0
DA:147,0
DA:149,0
DA:150,0
DA:151,0
DA:154,0
DA:157,0
DA:159,0
DA:160,0
DA:162,0
DA:163,0
DA:165,0
DA:166,0
DA:168,0
DA:171,0
DA:174,0
DA:179,0
DA:182,0
DA:187,0
DA:190,0
DA:191,0
DA:200,0
DA:202,0
DA:207,0
DA:209,0
DA:210,0
DA:212,0
DA:218,0
DA:231,0
DA:234,0
DA:236,0
DA:241,0
DA:246,0
DA:247,0
DA:249,0
DA:254,0
DA:256,0
DA:257,0
DA:259,0
DA:264,0
DA:265,0
DA:267,0
DA:279,0
DA:284,0
DA:286,0
DA:287,0
DA:288,0
DA:289,0
DA:292,0
DA:293,0
DA:296,0
DA:298,0
DA:303,0
DA:305,0
LF:104
LH:0
BRDA:68,0,0,0
BRDA:68,0,1,0
BRDA:91,1,0,0
BRDA:91,2,0,0
BRDA:91,2,1,0
BRDA:95,3,0,0
BRDA:95,3,1,0
BRDA:98,4,0,0
BRDA:102,5,0,0
BRDA:102,5,1,0
BRDA:102,6,0,0
BRDA:102,6,1,0
BRDA:106,7,0,0
BRDA:106,7,1,0
BRDA:106,8,0,0
BRDA:106,8,1,0
BRDA:122,9,0,0
BRDA:122,9,1,0
BRDA:122,10,0,0
BRDA:122,10,1,0
BRDA:137,11,0,0
BRDA:137,11,1,0
BRDA:137,12,0,0
BRDA:137,12,1,0
BRDA:151,13,0,0
BRDA:151,13,1,0
BRDA:157,14,0,0
BRDA:157,14,1,0
BRDA:157,14,2,0
BRDA:157,14,3,0
BRDA:174,15,0,0
BRDA:174,15,1,0
BRDA:175,16,0,0
BRDA:175,16,1,0
BRDA:175,16,2,0
BRDA:182,17,0,0
BRDA:183,18,0,0
BRDA:183,18,1,0
BRDA:183,18,2,0
BRDA:190,19,0,0
BRDA:202,20,0,0
BRDA:202,20,1,0
BRDA:202,21,0,0
BRDA:202,21,1,0
BRDA:249,22,0,0
BRDA:249,22,1,0
BRDA:249,23,0,0
BRDA:249,23,1,0
BRDA:279,24,0,0
BRDA:279,24,1,0
BRDA:279,25,0,0
BRDA:279,25,1,0
BRDA:288,26,0,0
BRDA:305,27,0,0
BRDA:305,27,1,0
BRDA:305,28,0,0
BRDA:305,28,1,0
BRF:57
BRH:0
end_of_record
TN:
SF:src/utils/cost-optimizer.ts
FN:41,(anonymous_6)
FN:58,(anonymous_7)
FN:97,(anonymous_8)
FN:104,(anonymous_9)
FN:118,(anonymous_10)
FN:125,(anonymous_11)
FN:139,(anonymous_12)
FN:146,(anonymous_13)
FN:160,(anonymous_14)
FN:183,(anonymous_15)
FN:206,(anonymous_16)
FN:259,(anonymous_17)
FN:260,(anonymous_18)
FN:268,(anonymous_19)
FN:279,(anonymous_20)
FN:293,(anonymous_21)
FN:302,(anonymous_22)
FN:328,(anonymous_23)
FN:332,(anonymous_24)
FN:336,(anonymous_25)
FN:340,(anonymous_26)
FN:353,(anonymous_27)
FN:357,(anonymous_28)
FN:366,(anonymous_29)
FN:371,(anonymous_30)
FN:376,(anonymous_31)
FN:381,(anonymous_32)
FN:386,(anonymous_33)
FN:391,(anonymous_34)
FN:396,(anonymous_35)
FN:401,(anonymous_36)
FN:406,(anonymous_37)
FN:411,(anonymous_38)
FN:416,(anonymous_39)
FN:421,(anonymous_40)
FN:426,(anonymous_41)
FN:431,(anonymous_42)
FN:436,(anonymous_43)
FN:441,(anonymous_44)
FN:451,(anonymous_45)
FN:477,(anonymous_46)
FN:478,(anonymous_47)
FN:479,(anonymous_48)
FN:486,(anonymous_49)
FN:487,(anonymous_50)
FN:493,(anonymous_51)
FN:497,(anonymous_52)
FN:499,(anonymous_53)
FN:502,(anonymous_54)
FN:507,(anonymous_55)
FN:508,(anonymous_56)
FN:510,(anonymous_57)
FN:514,(anonymous_58)
FN:517,(anonymous_59)
FNF:54
FNH:0
FNDA:0,(anonymous_6)
FNDA:0,(anonymous_7)
FNDA:0,(anonymous_8)
FNDA:0,(anonymous_9)
FNDA:0,(anonymous_10)
FNDA:0,(anonymous_11)
FNDA:0,(anonymous_12)
FNDA:0,(anonymous_13)
FNDA:0,(anonymous_14)
FNDA:0,(anonymous_15)
FNDA:0,(anonymous_16)
FNDA:0,(anonymous_17)
FNDA:0,(anonymous_18)
FNDA:0,(anonymous_19)
FNDA:0,(anonymous_20)
FNDA:0,(anonymous_21)
FNDA:0,(anonymous_22)
FNDA:0,(anonymous_23)
FNDA:0,(anonymous_24)
FNDA:0,(anonymous_25)
FNDA:0,(anonymous_26)
FNDA:0,(anonymous_27)
FNDA:0,(anonymous_28)
FNDA:0,(anonymous_29)
FNDA:0,(anonymous_30)
FNDA:0,(anonymous_31)
FNDA:0,(anonymous_32)
FNDA:0,(anonymous_33)
FNDA:0,(anonymous_34)
FNDA:0,(anonymous_35)
FNDA:0,(anonymous_36)
FNDA:0,(anonymous_37)
FNDA:0,(anonymous_38)
FNDA:0,(anonymous_39)
FNDA:0,(anonymous_40)
FNDA:0,(anonymous_41)
FNDA:0,(anonymous_42)
FNDA:0,(anonymous_43)
FNDA:0,(anonymous_44)
FNDA:0,(anonymous_45)
FNDA:0,(anonymous_46)
FNDA:0,(anonymous_47)
FNDA:0,(anonymous_48)
FNDA:0,(anonymous_49)
FNDA:0,(anonymous_50)
FNDA:0,(anonymous_51)
FNDA:0,(anonymous_52)
FNDA:0,(anonymous_53)
FNDA:0,(anonymous_54)
FNDA:0,(anonymous_55)
FNDA:0,(anonymous_56)
FNDA:0,(anonymous_57)
FNDA:0,(anonymous_58)
FNDA:0,(anonymous_59)
DA:1,0
DA:32,0
DA:49,0
DA:50,0
DA:51,0
DA:52,0
DA:53,0
DA:54,0
DA:55,0
DA:59,0
DA:61,0
DA:64,0
DA:73,0
DA:82,0
DA:85,0
DA:88,0
DA:90,0
DA:91,0
DA:93,0
DA:98,0
DA:100,0
DA:102,0
DA:104,0
DA:114,0
DA:119,0
DA:121,0
DA:123,0
DA:125,0
DA:135,0
DA:140,0
DA:142,0
DA:144,0
DA:146,0
DA:156,0
DA:161,0
DA:163,0
DA:165,0
DA:167,0
DA:179,0
DA:184,0
DA:186,0
DA:188,0
DA:190,0
DA:202,0
DA:207,0
DA:209,0
DA:210,0
DA:212,0
DA:214,0
DA:215,0
DA:227,0
DA:228,0
DA:240,0
DA:241,0
DA:253,0
DA:255,0
DA:260,0
DA:262,0
DA:263,0
DA:264,0
DA:269,0
DA:271,0
DA:273,0
DA:275,0
DA:280,0
DA:282,0
DA:283,0
DA:284,0
DA:285,0
DA:289,0
DA:295,0
DA:303,0
DA:305,0
DA:306,0
DA:308,0
DA:309,0
DA:311,0
DA:312,0
DA:314,0
DA:315,0
DA:318,0
DA:322,0
DA:324,0
DA:341,0
DA:343,0
DA:344,0
DA:349,0
DA:354,0
DA:356,0
DA:357,0
DA:359,0
DA:360,0
DA:362,0
DA:368,0
DA:373,0
DA:378,0
DA:383,0
DA:388,0
DA:393,0
DA:398,0
DA:403,0
DA:408,0
DA:413,0
DA:418,0
DA:423,0
DA:428,0
DA:433,0
DA:438,0
DA:442,0
DA:444,0
DA:445,0
DA:449,0
DA:450,0
DA:451,0
DA:455,0
DA:473,0
DA:478,0
DA:479,0
DA:481,0
DA:482,0
DA:483,0
DA:487,0
DA:488,0
DA:489,0
DA:492,0
DA:493,0
DA:498,0
DA:499,0
DA:502,0
DA:508,0
DA:510,0
DA:512,0
DA:514,0
DA:517,0
LF:134
LH:0
BRDA:93,0,0,0
BRDA:93,0,1,0
BRDA:93,1,0,0
BRDA:93,1,1,0
BRDA:114,2,0,0
BRDA:114,2,1,0
BRDA:114,3,0,0
BRDA:114,3,1,0
BRDA:135,4,0,0
BRDA:135,4,1,0
BRDA:135,5,0,0
BRDA:135,5,1,0
BRDA:156,6,0,0
BRDA:156,6,1,0
BRDA:156,7,0,0
BRDA:156,7,1,0
BRDA:179,8,0,0
BRDA:179,8,1,0
BRDA:179,9,0,0
BRDA:179,9,1,0
BRDA:202,10,0,0
BRDA:202,10,1,0
BRDA:202,11,0,0
BRDA:202,11,1,0
BRDA:214,12,0,0
BRDA:227,13,0,0
BRDA:240,14,0,0
BRDA:240,15,0,0
BRDA:240,15,1,0
BRDA:255,16,0,0
BRDA:255,16,1,0
BRDA:255,17,0,0
BRDA:255,17,1,0
BRDA:269,18,0,0
BRDA:269,18,1,0
BRDA:269,18,2,0
BRDA:284,19,0,0
BRDA:289,20,0,0
BRDA:289,20,1,0
BRDA:289,21,0,0
BRDA:289,21,1,0
BRDA:296,22,0,0
BRDA:296,22,1,0
BRDA:296,22,2,0
BRDA:306,23,0,0
BRDA:306,23,1,0
BRDA:306,23,2,0
BRDA:324,24,0,0
BRDA:324,24,1,0
BRDA:324,25,0,0
BRDA:324,25,1,0
BRDA:349,26,0,0
BRDA:349,26,1,0
BRDA:349,27,0,0
BRDA:349,27,1,0
BRDA:362,28,0,0
BRDA:362,28,1,0
BRDA:362,29,0,0
BRDA:362,29,1,0
BRDA:449,30,0,0
BRDA:449,30,1,0
BRDA:449,31,0,0
BRDA:449,31,1,0
BRDA:449,32,0,0
BRDA:449,32,1,0
BRDA:473,33,0,0
BRDA:473,33,1,0
BRDA:473,34,0,0
BRDA:473,34,1,0
BRDA:481,35,0,0
BRDA:482,36,0,0
BRDA:488,37,0,0
BRDA:488,37,1,0
BRF:73
BRH:0
end_of_record
TN:
SF:src/utils/logger.ts
FN:13,(anonymous_0)
FN:17,(anonymous_1)
FN:24,(anonymous_2)
FN:30,(anonymous_3)
FN:34,(anonymous_4)
FN:43,(anonymous_5)
FNF:6
FNH:0
FNDA:0,(anonymous_0)
FNDA:0,(anonymous_1)
FNDA:0,(anonymous_2)
FNDA:0,(anonymous_3)
FNDA:0,(anonymous_4)
FNDA:0,(anonymous_5)
DA:1,0
DA:4,0
DA:14,0
DA:18,0
DA:19,0
DA:21,0
DA:25,0
DA:26,0
DA:31,0
DA:35,0
DA:36,0
DA:37,0
DA:39,0
DA:44,0
DA:45,0
DA:50,0
LF:16
LH:0
BRDA:18,0,0,0
BRDA:25,1,0,0
BRDA:36,2,0,0
BRDA:36,2,1,0
BRDA:44,3,0,0
BRF:5
BRH:0
end_of_record
TN:
SF:src/utils/performance-benchmark.ts
FN:48,(anonymous_0)
FN:62,(anonymous_1)
FN:87,(anonymous_2)
FN:106,(anonymous_3)
FN:123,(anonymous_4)
FN:136,(anonymous_5)
FN:176,(anonymous_6)
FN:202,(anonymous_7)
FN:210,(anonymous_8)
FN:213,(anonymous_9)
FN:216,(anonymous_10)
FN:220,(anonymous_11)
FN:227,(anonymous_12)
FN:249,(anonymous_13)
FN:250,(anonymous_14)
FN:253,(anonymous_15)
FN:254,(anonymous_16)
FN:266,(anonymous_17)
FN:271,(anonymous_18)
FN:274,(anonymous_19)
FNF:20
FNH:0
FNDA:0,(anonymous_0)
FNDA:0,(anonymous_1)
FNDA:0,(anonymous_2)
FNDA:0,(anonymous_3)
FNDA:0,(anonymous_4)
FNDA:0,(anonymous_5)
FNDA:0,(anonymous_6)
FNDA:0,(anonymous_7)
FNDA:0,(anonymous_8)
FNDA:0,(anonymous_9)
FNDA:0,(anonymous_10)
FNDA:0,(anonymous_11)
FNDA:0,(anonymous_12)
FNDA:0,(anonymous_13)
FNDA:0,(anonymous_14)
FNDA:0,(anonymous_15)
FNDA:0,(anonymous_16)
FNDA:0,(anonymous_17)
FNDA:0,(anonymous_18)
FNDA:0,(anonymous_19)
DA:41,0
DA:55,0
DA:56,0
DA:57,0
DA:58,0
DA:59,0
DA:63,0
DA:65,0
DA:67,0
DA:70,0
DA:73,0
DA:76,0
DA:79,0
DA:81,0
DA:83,0
DA:88,0
DA:90,0
DA:92,0
DA:95,0
DA:98,0
DA:100,0
DA:102,0
DA:107,0
DA:109,0
DA:110,0
DA:116,0
DA:117,0
DA:119,0
DA:124,0
DA:126,0
DA:127,0
DA:128,0
DA:129,0
DA:130,0
DA:131,0
DA:134,0
DA:136,0
DA:139,0
DA:141,0
DA:142,0
DA:145,0
DA:169,0
DA:170,0
DA:172,0
DA:182,0
DA:184,0
DA:185,0
DA:186,0
DA:188,0
DA:189,0
DA:191,0
DA:192,0
DA:193,0
DA:194,0
DA:196,0
DA:197,0
DA:200,0
DA:201,0
DA:202,0
DA:206,0
DA:213,0
DA:217,0
DA:219,0
DA:220,0
DA:221,0
DA:223,0
DA:228,0
DA:230,0
DA:232,0
DA:238,0
DA:241,0
DA:243,0
DA:245,0
DA:250,0
DA:254,0
DA:255,0
DA:256,0
DA:257,0
DA:259,0
DA:260,0
DA:262,0
DA:267,0
DA:271,0
DA:275,0
DA:286,0
DA:287,0
DA:289,0
DA:290,0
DA:293,0
LF:89
LH:0
BRDA:83,0,0,0
BRDA:83,0,1,0
BRDA:83,1,0,0
BRDA:83,1,1,0
BRDA:102,2,0,0
BRDA:102,2,1,0
BRDA:102,3,0,0
BRDA:102,3,1,0
BRDA:119,4,0,0
BRDA:119,4,1,0
BRDA:119,5,0,0
BRDA:119,5,1,0
BRDA:172,6,0,0
BRDA:172,6,1,0
BRDA:172,7,0,0
BRDA:172,7,1,0
BRDA:201,8,0,0
BRDA:206,9,0,0
BRDA:206,9,1,0
BRDA:206,10,0,0
BRDA:206,10,1,0
BRDA:223,11,0,0
BRDA:223,11,1,0
BRDA:223,12,0,0
BRDA:223,12,1,0
BRDA:245,13,0,0
BRDA:245,13,1,0
BRDA:245,14,0,0
BRDA:245,14,1,0
BRDA:259,15,0,0
BRDA:259,15,1,0
BRDA:266,16,0,0
BRDA:286,17,0,0
BRDA:286,17,1,0
BRDA:286,18,0,0
BRDA:286,18,1,0
BRDA:287,19,0,0
BRDA:287,19,1,0
BRDA:287,20,0,0
BRDA:287,20,1,0
BRDA:289,21,0,0
BRDA:289,22,0,0
BRDA:289,22,1,0
BRF:43
BRH:0
end_of_record
TN:
SF:src/utils/performance-optimizer.ts
FN:44,(anonymous_0)
FN:60,(anonymous_1)
FN:97,(anonymous_2)
FN:125,(anonymous_3)
FN:171,(anonymous_4)
FN:193,(anonymous_5)
FN:211,(anonymous_6)
FN:230,(anonymous_7)
FN:256,(anonymous_8)
FN:271,(anonymous_9)
FN:287,(anonymous_10)
FN:301,(anonymous_11)
FN:317,(anonymous_12)
FN:326,(anonymous_13)
FN:329,(anonymous_14)
FN:357,(anonymous_15)
FN:368,(anonymous_16)
FN:379,(anonymous_17)
FN:390,(anonymous_18)
FN:401,(anonymous_19)
FN:412,(anonymous_20)
FN:432,(anonymous_21)
FN:442,(anonymous_22)
FNF:23
FNH:0
FNDA:0,(anonymous_0)
FNDA:0,(anonymous_1)
FNDA:0,(anonymous_2)
FNDA:0,(anonymous_3)
FNDA:0,(anonymous_4)
FNDA:0,(anonymous_5)
FNDA:0,(anonymous_6)
FNDA:0,(anonymous_7)
FNDA:0,(anonymous_8)
FNDA:0,(anonymous_9)
FNDA:0,(anonymous_10)
FNDA:0,(anonymous_11)
FNDA:0,(anonymous_12)
FNDA:0,(anonymous_13)
FNDA:0,(anonymous_14)
FNDA:0,(anonymous_15)
FNDA:0,(anonymous_16)
FNDA:0,(anonymous_17)
FNDA:0,(anonymous_18)
FNDA:0,(anonymous_19)
FNDA:0,(anonymous_20)
FNDA:0,(anonymous_21)
FNDA:0,(anonymous_22)
DA:36,0
DA:52,0
DA:53,0
DA:54,0
DA:55,0
DA:56,0
DA:57,0
DA:61,0
DA:63,0
DA:65,0
DA:73,0
DA:76,0
DA:79,0
DA:82,0
DA:85,0
DA:88,0
DA:91,0
DA:93,0
DA:98,0
DA:100,0
DA:101,0
DA:102,0
DA:121,0
DA:126,0
DA:129,0
DA:130,0
DA:131,0
DA:138,0
DA:139,0
DA:149,0
DA:150,0
DA:151,0
DA:158,0
DA:159,0
DA:168,0
DA:172,0
DA:174,0
DA:175,0
DA:187,0
DA:189,0
DA:194,0
DA:196,0
DA:197,0
DA:198,0
DA:208,0
DA:212,0
DA:214,0
DA:215,0
DA:217,0
DA:220,0
DA:226,0
DA:231,0
DA:233,0
DA:234,0
DA:243,0
DA:244,0
DA:253,0
DA:257,0
DA:259,0
DA:260,0
DA:261,0
DA:267,0
DA:272,0
DA:274,0
DA:275,0
DA:284,0
DA:288,0
DA:290,0
DA:291,0
DA:292,0
DA:297,0
DA:302,0
DA:304,0
DA:305,0
DA:314,0
DA:320,0
DA:326,0
DA:330,0
DA:332,0
DA:333,0
DA:334,0
DA:336,0
DA:337,0
DA:339,0
DA:340,0
DA:342,0
DA:343,0
DA:345,0
DA:346,0
DA:348,0
DA:349,0
DA:353,0
DA:358,0
DA:360,0
DA:362,0
DA:364,0
DA:369,0
DA:371,0
DA:373,0
DA:375,0
DA:380,0
DA:382,0
DA:384,0
DA:386,0
DA:391,0
DA:393,0
DA:395,0
DA:397,0
DA:402,0
DA:404,0
DA:406,0
DA:408,0
DA:413,0
DA:415,0
DA:416,0
DA:417,0
DA:418,0
DA:419,0
DA:421,0
DA:432,0
DA:442,0
DA:452,0
LF:122
LH:0
BRDA:93,0,0,0
BRDA:93,0,1,0
BRDA:93,1,0,0
BRDA:93,1,1,0
BRDA:121,2,0,0
BRDA:121,2,1,0
BRDA:121,3,0,0
BRDA:121,3,1,0
BRDA:130,4,0,0
BRDA:130,4,1,0
BRDA:138,5,0,0
BRDA:150,6,0,0
BRDA:150,6,1,0
BRDA:158,7,0,0
BRDA:189,8,0,0
BRDA:189,8,1,0
BRDA:189,9,0,0
BRDA:189,9,1,0
BRDA:197,10,0,0
BRDA:226,11,0,0
BRDA:226,11,1,0
BRDA:226,12,0,0
BRDA:226,12,1,0
BRDA:233,13,0,0
BRDA:243,14,0,0
BRDA:267,15,0,0
BRDA:267,15,1,0
BRDA:267,16,0,0
BRDA:267,16,1,0
BRDA:274,17,0,0
BRDA:297,18,0,0
BRDA:297,18,1,0
BRDA:297,19,0,0
BRDA:297,19,1,0
BRDA:304,20,0,0
BRDA:334,21,0,0
BRDA:334,21,1,0
BRDA:334,21,2,0
BRDA:334,21,3,0
BRDA:334,21,4,0
BRDA:353,22,0,0
BRDA:353,22,1,0
BRDA:353,23,0,0
BRDA:353,23,1,0
BRDA:364,24,0,0
BRDA:364,24,1,0
BRDA:364,25,0,0
BRDA:364,25,1,0
BRDA:375,26,0,0
BRDA:375,26,1,0
BRDA:375,27,0,0
BRDA:375,27,1,0
BRDA:386,28,0,0
BRDA:386,28,1,0
BRDA:386,29,0,0
BRDA:386,29,1,0
BRDA:397,30,0,0
BRDA:397,30,1,0
BRDA:397,31,0,0
BRDA:397,31,1,0
BRDA:408,32,0,0
BRDA:408,32,1,0
BRDA:408,33,0,0
BRDA:408,33,1,0
BRDA:452,34,0,0
BRDA:452,34,1,0
BRDA:452,35,0,0
BRDA:452,35,1,0
BRF:68
BRH:0
end_of_record
TN:
SF:src/utils/retry.ts
FN:15,withRetry
FN:17,(anonymous_1)
FN:34,(anonymous_2)
FNF:3
FNH:0
FNDA:0,withRetry
FNDA:0,(anonymous_1)
FNDA:0,(anonymous_2)
DA:8,0
DA:15,0
DA:17,0
DA:20,0
DA:22,0
DA:24,0
DA:25,0
DA:26,0
DA:28,0
DA:30,0
DA:31,0
DA:34,0
DA:35,0
DA:39,0
LF:14
LH:0
BRDA:17,0,0,0
BRDA:18,1,0,0
BRDA:30,2,0,0
BRDA:30,3,0,0
BRDA:30,3,1,0
BRF:5
BRH:0
end_of_record
TN:
SF:src/utils/animations/AnimationService.ts
FN:32,(anonymous_6)
FN:38,(anonymous_7)
FN:44,(anonymous_8)
FN:50,(anonymous_9)
FN:59,(anonymous_10)
FN:68,(anonymous_11)
FN:81,(anonymous_12)
FN:94,(anonymous_13)
FN:98,(anonymous_14)
FN:102,(anonymous_15)
FN:117,(anonymous_16)
FN:128,(anonymous_17)
FN:136,(anonymous_18)
FN:147,(anonymous_19)
FN:148,(anonymous_20)
FN:151,(anonymous_21)
FN:159,(anonymous_22)
FN:164,(anonymous_23)
FN:175,(anonymous_24)
FN:179,(anonymous_25)
FN:189,(anonymous_26)
FN:196,(anonymous_27)
FN:207,(anonymous_28)
FNF:23
FNH:0
FNDA:0,(anonymous_6)
FNDA:0,(anonymous_7)
FNDA:0,(anonymous_8)
FNDA:0,(anonymous_9)
FNDA:0,(anonymous_10)
FNDA:0,(anonymous_11)
FNDA:0,(anonymous_12)
FNDA:0,(anonymous_13)
FNDA:0,(anonymous_14)
FNDA:0,(anonymous_15)
FNDA:0,(anonymous_16)
FNDA:0,(anonymous_17)
FNDA:0,(anonymous_18)
FNDA:0,(anonymous_19)
FNDA:0,(anonymous_20)
FNDA:0,(anonymous_21)
FNDA:0,(anonymous_22)
FNDA:0,(anonymous_23)
FNDA:0,(anonymous_24)
FNDA:0,(anonymous_25)
FNDA:0,(anonymous_26)
FNDA:0,(anonymous_27)
FNDA:0,(anonymous_28)
DA:2,0
DA:3,0
DA:4,0
DA:29,0
DA:30,0
DA:33,0
DA:34,0
DA:35,0
DA:39,0
DA:40,0
DA:41,0
DA:45,0
DA:46,0
DA:47,0
DA:51,0
DA:60,0
DA:73,0
DA:87,0
DA:95,0
DA:99,0
DA:107,0
DA:122,0
DA:133,0
DA:141,0
DA:148,0
DA:155,0
DA:156,0
DA:164,0
DA:165,0
DA:172,0
DA:179,0
DA:180,0
DA:186,0
DA:193,0
DA:201,0
DA:208,0
DA:212,0
LF:37
LH:0
BRDA:32,0,0,0
BRDA:38,1,0,0
BRDA:38,2,0,0
BRDA:44,3,0,0
BRDA:50,4,0,0
BRDA:53,5,0,0
BRDA:53,5,1,0
BRDA:54,6,0,0
BRDA:54,6,1,0
BRDA:54,7,0,0
BRDA:54,7,1,0
BRDA:59,8,0,0
BRDA:62,9,0,0
BRDA:62,9,1,0
BRDA:63,10,0,0
BRDA:63,10,1,0
BRDA:63,11,0,0
BRDA:63,11,1,0
BRDA:71,12,0,0
BRDA:75,13,0,0
BRDA:75,13,1,0
BRDA:76,14,0,0
BRDA:76,14,1,0
BRDA:76,15,0,0
BRDA:76,15,1,0
BRDA:85,16,0,0
BRDA:89,17,0,0
BRDA:89,17,1,0
BRDA:89,18,0,0
BRDA:89,18,1,0
BRDA:105,19,0,0
BRDA:108,20,0,0
BRDA:108,20,1,0
BRDA:109,21,0,0
BRDA:109,21,1,0
BRDA:110,22,0,0
BRDA:110,22,1,0
BRDA:111,23,0,0
BRDA:111,23,1,0
BRDA:112,24,0,0
BRDA:112,24,1,0
BRDA:113,25,0,0
BRDA:113,25,1,0
BRDA:120,26,0,0
BRDA:123,27,0,0
BRDA:123,27,1,0
BRDA:131,28,0,0
BRDA:162,29,0,0
BRDA:168,30,0,0
BRDA:168,30,1,0
BRDA:168,31,0,0
BRDA:168,31,1,0
BRDA:177,32,0,0
BRDA:182,33,0,0
BRDA:182,33,1,0
BRDA:182,34,0,0
BRDA:182,34,1,0
BRDA:199,35,0,0
BRDA:207,36,0,0
BRF:59
BRH:0
end_of_record
TN:
SF:src/utils/performance/PerformanceOptimizer.ts
FN:32,(anonymous_0)
FN:98,(anonymous_1)
FN:117,(anonymous_2)
FN:135,(anonymous_3)
FN:140,(anonymous_4)
FN:145,(anonymous_5)
FN:154,(anonymous_6)
FN:53,(anonymous_7)
FN:60,(anonymous_8)
FN:84,(anonymous_9)
FN:168,(anonymous_10)
FN:176,(anonymous_11)
FN:183,(anonymous_12)
FN:190,(anonymous_13)
FN:197,(anonymous_14)
FN:235,(anonymous_15)
FN:251,(anonymous_16)
FN:271,(anonymous_17)
FN:287,(anonymous_18)
FN:303,(anonymous_19)
FN:307,(anonymous_20)
FN:311,(anonymous_21)
FNF:22
FNH:0
FNDA:0,(anonymous_0)
FNDA:0,(anonymous_1)
FNDA:0,(anonymous_2)
FNDA:0,(anonymous_3)
FNDA:0,(anonymous_4)
FNDA:0,(anonymous_5)
FNDA:0,(anonymous_6)
FNDA:0,(anonymous_7)
FNDA:0,(anonymous_8)
FNDA:0,(anonymous_9)
FNDA:0,(anonymous_10)
FNDA:0,(anonymous_11)
FNDA:0,(anonymous_12)
FNDA:0,(anonymous_13)
FNDA:0,(anonymous_14)
FNDA:0,(anonymous_15)
FNDA:0,(anonymous_16)
FNDA:0,(anonymous_17)
FNDA:0,(anonymous_18)
FNDA:0,(anonymous_19)
FNDA:0,(anonymous_20)
FNDA:0,(anonymous_21)
DA:1,0
DA:2,0
DA:4,0
DA:6,0
DA:25,0
DA:33,0
DA:34,0
DA:42,0
DA:49,0
DA:50,0
DA:54,0
DA:55,0
DA:57,0
DA:61,0
DA:63,0
DA:66,0
DA:67,0
DA:69,0
DA:70,0
DA:72,0
DA:73,0
DA:75,0
DA:76,0
DA:79,0
DA:80,0
DA:86,0
DA:89,0
DA:92,0
DA:95,0
DA:98,0
DA:99,0
DA:100,0
DA:103,0
DA:108,0
DA:110,0
DA:111,0
DA:113,0
DA:117,0
DA:118,0
DA:119,0
DA:121,0
DA:126,0
DA:128,0
DA:129,0
DA:131,0
DA:135,0
DA:136,0
DA:137,0
DA:139,0
DA:141,0
DA:142,0
DA:143,0
DA:146,0
DA:147,0
DA:150,0
DA:154,0
DA:155,0
DA:156,0
DA:159,0
DA:161,0
DA:162,0
DA:164,0
DA:198,0
DA:200,0
DA:201,0
DA:203,0
DA:205,0
DA:206,0
DA:210,0
DA:211,0
DA:215,0
DA:216,0
DA:220,0
DA:221,0
DA:224,0
DA:226,0
DA:227,0
DA:228,0
DA:230,0
DA:231,0
DA:236,0
DA:237,0
DA:242,0
DA:244,0
DA:245,0
DA:247,0
DA:252,0
DA:253,0
DA:255,0
DA:258,0
DA:259,0
DA:262,0
DA:264,0
DA:265,0
DA:267,0
DA:272,0
DA:273,0
DA:278,0
DA:280,0
DA:281,0
DA:283,0
DA:288,0
DA:289,0
DA:294,0
DA:296,0
DA:297,0
DA:299,0
DA:304,0
DA:308,0
DA:312,0
DA:313,0
DA:315,0
DA:318,0
DA:326,0
DA:328,0
DA:329,0
DA:330,0
DA:332,0
LF:118
LH:0
BRDA:103,0,0,0
BRDA:103,0,1,0
BRDA:121,1,0,0
BRDA:121,1,1,0
BRDA:54,2,0,0
BRDA:66,3,0,0
BRDA:69,4,0,0
BRDA:72,5,0,0
BRDA:75,6,0,0
BRDA:198,7,0,0
BRDA:205,8,0,0
BRDA:210,9,0,0
BRDA:215,10,0,0
BRDA:220,11,0,0
BRDA:258,12,0,0
BRF:15
BRH:0
end_of_record
